ARM GAS  C:\Users\Karol\AppData\Local\Temp\ccIE6Ct1.s 			page 1


   1              		.cpu cortex-m4
   2              		.arch armv7e-m
   3              		.fpu fpv4-sp-d16
   4              		.eabi_attribute 27, 1
   5              		.eabi_attribute 28, 1
   6              		.eabi_attribute 20, 1
   7              		.eabi_attribute 21, 1
   8              		.eabi_attribute 23, 3
   9              		.eabi_attribute 24, 1
  10              		.eabi_attribute 25, 1
  11              		.eabi_attribute 26, 1
  12              		.eabi_attribute 30, 1
  13              		.eabi_attribute 34, 1
  14              		.eabi_attribute 18, 4
  15              		.file	"adc.c"
  16              		.text
  17              	.Ltext0:
  18              		.cfi_sections	.debug_frame
  19              		.file 1 "Core/Src/adc.c"
  20              		.section	.text.MX_ADC2_Init,"ax",%progbits
  21              		.align	1
  22              		.global	MX_ADC2_Init
  23              		.syntax unified
  24              		.thumb
  25              		.thumb_func
  27              	MX_ADC2_Init:
  28              	.LFB325:
   1:Core/Src/adc.c **** /* USER CODE BEGIN Header */
   2:Core/Src/adc.c **** /**
   3:Core/Src/adc.c ****   ******************************************************************************
   4:Core/Src/adc.c ****   * @file    adc.c
   5:Core/Src/adc.c ****   * @brief   This file provides code for the configuration
   6:Core/Src/adc.c ****   *          of the ADC instances.
   7:Core/Src/adc.c ****   ******************************************************************************
   8:Core/Src/adc.c ****   * @attention
   9:Core/Src/adc.c ****   *
  10:Core/Src/adc.c ****   * Copyright (c) 2023 STMicroelectronics.
  11:Core/Src/adc.c ****   * All rights reserved.
  12:Core/Src/adc.c ****   *
  13:Core/Src/adc.c ****   * This software is licensed under terms that can be found in the LICENSE file
  14:Core/Src/adc.c ****   * in the root directory of this software component.
  15:Core/Src/adc.c ****   * If no LICENSE file comes with this software, it is provided AS-IS.
  16:Core/Src/adc.c ****   *
  17:Core/Src/adc.c ****   ******************************************************************************
  18:Core/Src/adc.c ****   */
  19:Core/Src/adc.c **** /* USER CODE END Header */
  20:Core/Src/adc.c **** /* Includes ------------------------------------------------------------------*/
  21:Core/Src/adc.c **** #include "adc.h"
  22:Core/Src/adc.c **** 
  23:Core/Src/adc.c **** /* USER CODE BEGIN 0 */
  24:Core/Src/adc.c **** #include "FreeRTOS.h"
  25:Core/Src/adc.c **** #include "task.h"
  26:Core/Src/adc.c **** #include "cmsis_os2.h"
  27:Core/Src/adc.c **** #include "main.h"
  28:Core/Src/adc.c **** #include "tim.h"
  29:Core/Src/adc.c **** #include "semphr.h"
  30:Core/Src/adc.c **** 
ARM GAS  C:\Users\Karol\AppData\Local\Temp\ccIE6Ct1.s 			page 2


  31:Core/Src/adc.c **** #define ADC_CHANNEL_COUNT 8
  32:Core/Src/adc.c **** 
  33:Core/Src/adc.c **** xTaskHandle adcTaskHandleLocal;
  34:Core/Src/adc.c **** SemaphoreHandle_t adcConvReadySemaphore = NULL;
  35:Core/Src/adc.c **** /* USER CODE END 0 */
  36:Core/Src/adc.c **** 
  37:Core/Src/adc.c **** ADC_HandleTypeDef hadc2;
  38:Core/Src/adc.c **** DMA_HandleTypeDef hdma_adc2;
  39:Core/Src/adc.c **** 
  40:Core/Src/adc.c **** /* ADC2 init function */
  41:Core/Src/adc.c **** void MX_ADC2_Init(void)
  42:Core/Src/adc.c **** {
  29              		.loc 1 42 1 view -0
  30              		.cfi_startproc
  31              		@ args = 0, pretend = 0, frame = 24
  32              		@ frame_needed = 0, uses_anonymous_args = 0
  33 0000 00B5     		push	{lr}
  34              		.cfi_def_cfa_offset 4
  35              		.cfi_offset 14, -4
  36 0002 87B0     		sub	sp, sp, #28
  37              		.cfi_def_cfa_offset 32
  43:Core/Src/adc.c **** 
  44:Core/Src/adc.c ****   /* USER CODE BEGIN ADC2_Init 0 */
  45:Core/Src/adc.c **** 
  46:Core/Src/adc.c ****   /* USER CODE END ADC2_Init 0 */
  47:Core/Src/adc.c **** 
  48:Core/Src/adc.c ****   ADC_ChannelConfTypeDef sConfig = {0};
  38              		.loc 1 48 3 view .LVU1
  39              		.loc 1 48 26 is_stmt 0 view .LVU2
  40 0004 0023     		movs	r3, #0
  41 0006 0093     		str	r3, [sp]
  42 0008 0193     		str	r3, [sp, #4]
  43 000a 0293     		str	r3, [sp, #8]
  44 000c 0393     		str	r3, [sp, #12]
  45 000e 0493     		str	r3, [sp, #16]
  46 0010 0593     		str	r3, [sp, #20]
  49:Core/Src/adc.c **** 
  50:Core/Src/adc.c ****   /* USER CODE BEGIN ADC2_Init 1 */
  51:Core/Src/adc.c **** 
  52:Core/Src/adc.c ****   /* USER CODE END ADC2_Init 1 */
  53:Core/Src/adc.c **** 
  54:Core/Src/adc.c ****   /** Common config
  55:Core/Src/adc.c ****   */
  56:Core/Src/adc.c ****   hadc2.Instance = ADC2;
  47              		.loc 1 56 3 is_stmt 1 view .LVU3
  48              		.loc 1 56 18 is_stmt 0 view .LVU4
  49 0012 4A48     		ldr	r0, .L21
  50 0014 4A4A     		ldr	r2, .L21+4
  51 0016 0260     		str	r2, [r0]
  57:Core/Src/adc.c ****   hadc2.Init.ClockPrescaler = ADC_CLOCK_ASYNC_DIV1;
  52              		.loc 1 57 3 is_stmt 1 view .LVU5
  53              		.loc 1 57 29 is_stmt 0 view .LVU6
  54 0018 4360     		str	r3, [r0, #4]
  58:Core/Src/adc.c ****   hadc2.Init.Resolution = ADC_RESOLUTION_12B;
  55              		.loc 1 58 3 is_stmt 1 view .LVU7
  56              		.loc 1 58 25 is_stmt 0 view .LVU8
  57 001a 8360     		str	r3, [r0, #8]
ARM GAS  C:\Users\Karol\AppData\Local\Temp\ccIE6Ct1.s 			page 3


  59:Core/Src/adc.c ****   hadc2.Init.DataAlign = ADC_DATAALIGN_RIGHT;
  58              		.loc 1 59 3 is_stmt 1 view .LVU9
  59              		.loc 1 59 24 is_stmt 0 view .LVU10
  60 001c C360     		str	r3, [r0, #12]
  60:Core/Src/adc.c ****   hadc2.Init.ScanConvMode = ADC_SCAN_ENABLE;
  61              		.loc 1 60 3 is_stmt 1 view .LVU11
  62              		.loc 1 60 27 is_stmt 0 view .LVU12
  63 001e 0122     		movs	r2, #1
  64 0020 0261     		str	r2, [r0, #16]
  61:Core/Src/adc.c ****   hadc2.Init.EOCSelection = ADC_EOC_SEQ_CONV;
  65              		.loc 1 61 3 is_stmt 1 view .LVU13
  66              		.loc 1 61 27 is_stmt 0 view .LVU14
  67 0022 0821     		movs	r1, #8
  68 0024 4161     		str	r1, [r0, #20]
  62:Core/Src/adc.c ****   hadc2.Init.LowPowerAutoWait = DISABLE;
  69              		.loc 1 62 3 is_stmt 1 view .LVU15
  70              		.loc 1 62 31 is_stmt 0 view .LVU16
  71 0026 0376     		strb	r3, [r0, #24]
  63:Core/Src/adc.c ****   hadc2.Init.ContinuousConvMode = DISABLE;
  72              		.loc 1 63 3 is_stmt 1 view .LVU17
  73              		.loc 1 63 33 is_stmt 0 view .LVU18
  74 0028 4376     		strb	r3, [r0, #25]
  64:Core/Src/adc.c ****   hadc2.Init.NbrOfConversion = 8;
  75              		.loc 1 64 3 is_stmt 1 view .LVU19
  76              		.loc 1 64 30 is_stmt 0 view .LVU20
  77 002a C161     		str	r1, [r0, #28]
  65:Core/Src/adc.c ****   hadc2.Init.DiscontinuousConvMode = DISABLE;
  78              		.loc 1 65 3 is_stmt 1 view .LVU21
  79              		.loc 1 65 36 is_stmt 0 view .LVU22
  80 002c 80F82030 		strb	r3, [r0, #32]
  66:Core/Src/adc.c ****   hadc2.Init.ExternalTrigConv = ADC_EXTERNALTRIG_T8_TRGO;
  81              		.loc 1 66 3 is_stmt 1 view .LVU23
  82              		.loc 1 66 31 is_stmt 0 view .LVU24
  83 0030 4FF4B861 		mov	r1, #1472
  84 0034 8162     		str	r1, [r0, #40]
  67:Core/Src/adc.c ****   hadc2.Init.ExternalTrigConvEdge = ADC_EXTERNALTRIGCONVEDGE_RISING;
  85              		.loc 1 67 3 is_stmt 1 view .LVU25
  86              		.loc 1 67 35 is_stmt 0 view .LVU26
  87 0036 4FF48061 		mov	r1, #1024
  88 003a C162     		str	r1, [r0, #44]
  68:Core/Src/adc.c ****   hadc2.Init.DMAContinuousRequests = ENABLE;
  89              		.loc 1 68 3 is_stmt 1 view .LVU27
  90              		.loc 1 68 36 is_stmt 0 view .LVU28
  91 003c 80F83020 		strb	r2, [r0, #48]
  69:Core/Src/adc.c ****   hadc2.Init.Overrun = ADC_OVR_DATA_PRESERVED;
  92              		.loc 1 69 3 is_stmt 1 view .LVU29
  93              		.loc 1 69 22 is_stmt 0 view .LVU30
  94 0040 4363     		str	r3, [r0, #52]
  70:Core/Src/adc.c ****   hadc2.Init.OversamplingMode = DISABLE;
  95              		.loc 1 70 3 is_stmt 1 view .LVU31
  96              		.loc 1 70 31 is_stmt 0 view .LVU32
  97 0042 80F83830 		strb	r3, [r0, #56]
  71:Core/Src/adc.c ****   if (HAL_ADC_Init(&hadc2) != HAL_OK)
  98              		.loc 1 71 3 is_stmt 1 view .LVU33
  99              		.loc 1 71 7 is_stmt 0 view .LVU34
 100 0046 FFF7FEFF 		bl	HAL_ADC_Init
 101              	.LVL0:
ARM GAS  C:\Users\Karol\AppData\Local\Temp\ccIE6Ct1.s 			page 4


 102              		.loc 1 71 6 view .LVU35
 103 004a 0028     		cmp	r0, #0
 104 004c 5AD1     		bne	.L12
 105              	.L2:
  72:Core/Src/adc.c ****   {
  73:Core/Src/adc.c ****     Error_Handler();
  74:Core/Src/adc.c ****   }
  75:Core/Src/adc.c **** 
  76:Core/Src/adc.c ****   /** Configure Regular Channel
  77:Core/Src/adc.c ****   */
  78:Core/Src/adc.c ****   sConfig.Channel = ADC_CHANNEL_8;
 106              		.loc 1 78 3 is_stmt 1 view .LVU36
 107              		.loc 1 78 19 is_stmt 0 view .LVU37
 108 004e 3D4B     		ldr	r3, .L21+8
 109 0050 0093     		str	r3, [sp]
  79:Core/Src/adc.c ****   sConfig.Rank = ADC_REGULAR_RANK_1;
 110              		.loc 1 79 3 is_stmt 1 view .LVU38
 111              		.loc 1 79 16 is_stmt 0 view .LVU39
 112 0052 0623     		movs	r3, #6
 113 0054 0193     		str	r3, [sp, #4]
  80:Core/Src/adc.c ****   sConfig.SamplingTime = ADC_SAMPLETIME_12CYCLES_5;
 114              		.loc 1 80 3 is_stmt 1 view .LVU40
 115              		.loc 1 80 24 is_stmt 0 view .LVU41
 116 0056 0223     		movs	r3, #2
 117 0058 0293     		str	r3, [sp, #8]
  81:Core/Src/adc.c ****   sConfig.SingleDiff = ADC_SINGLE_ENDED;
 118              		.loc 1 81 3 is_stmt 1 view .LVU42
 119              		.loc 1 81 22 is_stmt 0 view .LVU43
 120 005a 7F23     		movs	r3, #127
 121 005c 0393     		str	r3, [sp, #12]
  82:Core/Src/adc.c ****   sConfig.OffsetNumber = ADC_OFFSET_NONE;
 122              		.loc 1 82 3 is_stmt 1 view .LVU44
 123              		.loc 1 82 24 is_stmt 0 view .LVU45
 124 005e 0423     		movs	r3, #4
 125 0060 0493     		str	r3, [sp, #16]
  83:Core/Src/adc.c ****   sConfig.Offset = 0;
 126              		.loc 1 83 3 is_stmt 1 view .LVU46
 127              		.loc 1 83 18 is_stmt 0 view .LVU47
 128 0062 0023     		movs	r3, #0
 129 0064 0593     		str	r3, [sp, #20]
  84:Core/Src/adc.c ****   if (HAL_ADC_ConfigChannel(&hadc2, &sConfig) != HAL_OK)
 130              		.loc 1 84 3 is_stmt 1 view .LVU48
 131              		.loc 1 84 7 is_stmt 0 view .LVU49
 132 0066 6946     		mov	r1, sp
 133 0068 3448     		ldr	r0, .L21
 134 006a FFF7FEFF 		bl	HAL_ADC_ConfigChannel
 135              	.LVL1:
 136              		.loc 1 84 6 view .LVU50
 137 006e 0028     		cmp	r0, #0
 138 0070 4BD1     		bne	.L13
 139              	.L3:
  85:Core/Src/adc.c ****   {
  86:Core/Src/adc.c ****     Error_Handler();
  87:Core/Src/adc.c ****   }
  88:Core/Src/adc.c **** 
  89:Core/Src/adc.c ****   /** Configure Regular Channel
  90:Core/Src/adc.c ****   */
ARM GAS  C:\Users\Karol\AppData\Local\Temp\ccIE6Ct1.s 			page 5


  91:Core/Src/adc.c ****   sConfig.Channel = ADC_CHANNEL_9;
 140              		.loc 1 91 3 is_stmt 1 view .LVU51
 141              		.loc 1 91 19 is_stmt 0 view .LVU52
 142 0072 354B     		ldr	r3, .L21+12
 143 0074 0093     		str	r3, [sp]
  92:Core/Src/adc.c ****   sConfig.Rank = ADC_REGULAR_RANK_2;
 144              		.loc 1 92 3 is_stmt 1 view .LVU53
 145              		.loc 1 92 16 is_stmt 0 view .LVU54
 146 0076 0C23     		movs	r3, #12
 147 0078 0193     		str	r3, [sp, #4]
  93:Core/Src/adc.c ****   if (HAL_ADC_ConfigChannel(&hadc2, &sConfig) != HAL_OK)
 148              		.loc 1 93 3 is_stmt 1 view .LVU55
 149              		.loc 1 93 7 is_stmt 0 view .LVU56
 150 007a 6946     		mov	r1, sp
 151 007c 2F48     		ldr	r0, .L21
 152 007e FFF7FEFF 		bl	HAL_ADC_ConfigChannel
 153              	.LVL2:
 154              		.loc 1 93 6 view .LVU57
 155 0082 0028     		cmp	r0, #0
 156 0084 44D1     		bne	.L14
 157              	.L4:
  94:Core/Src/adc.c ****   {
  95:Core/Src/adc.c ****     Error_Handler();
  96:Core/Src/adc.c ****   }
  97:Core/Src/adc.c **** 
  98:Core/Src/adc.c ****   /** Configure Regular Channel
  99:Core/Src/adc.c ****   */
 100:Core/Src/adc.c ****   sConfig.Channel = ADC_CHANNEL_10;
 158              		.loc 1 100 3 is_stmt 1 view .LVU58
 159              		.loc 1 100 19 is_stmt 0 view .LVU59
 160 0086 314B     		ldr	r3, .L21+16
 161 0088 0093     		str	r3, [sp]
 101:Core/Src/adc.c ****   sConfig.Rank = ADC_REGULAR_RANK_3;
 162              		.loc 1 101 3 is_stmt 1 view .LVU60
 163              		.loc 1 101 16 is_stmt 0 view .LVU61
 164 008a 1223     		movs	r3, #18
 165 008c 0193     		str	r3, [sp, #4]
 102:Core/Src/adc.c ****   if (HAL_ADC_ConfigChannel(&hadc2, &sConfig) != HAL_OK)
 166              		.loc 1 102 3 is_stmt 1 view .LVU62
 167              		.loc 1 102 7 is_stmt 0 view .LVU63
 168 008e 6946     		mov	r1, sp
 169 0090 2A48     		ldr	r0, .L21
 170 0092 FFF7FEFF 		bl	HAL_ADC_ConfigChannel
 171              	.LVL3:
 172              		.loc 1 102 6 view .LVU64
 173 0096 0028     		cmp	r0, #0
 174 0098 3DD1     		bne	.L15
 175              	.L5:
 103:Core/Src/adc.c ****   {
 104:Core/Src/adc.c ****     Error_Handler();
 105:Core/Src/adc.c ****   }
 106:Core/Src/adc.c **** 
 107:Core/Src/adc.c ****   /** Configure Regular Channel
 108:Core/Src/adc.c ****   */
 109:Core/Src/adc.c ****   sConfig.Channel = ADC_CHANNEL_11;
 176              		.loc 1 109 3 is_stmt 1 view .LVU65
 177              		.loc 1 109 19 is_stmt 0 view .LVU66
ARM GAS  C:\Users\Karol\AppData\Local\Temp\ccIE6Ct1.s 			page 6


 178 009a 2D4B     		ldr	r3, .L21+20
 179 009c 0093     		str	r3, [sp]
 110:Core/Src/adc.c ****   sConfig.Rank = ADC_REGULAR_RANK_4;
 180              		.loc 1 110 3 is_stmt 1 view .LVU67
 181              		.loc 1 110 16 is_stmt 0 view .LVU68
 182 009e 1823     		movs	r3, #24
 183 00a0 0193     		str	r3, [sp, #4]
 111:Core/Src/adc.c ****   if (HAL_ADC_ConfigChannel(&hadc2, &sConfig) != HAL_OK)
 184              		.loc 1 111 3 is_stmt 1 view .LVU69
 185              		.loc 1 111 7 is_stmt 0 view .LVU70
 186 00a2 6946     		mov	r1, sp
 187 00a4 2548     		ldr	r0, .L21
 188 00a6 FFF7FEFF 		bl	HAL_ADC_ConfigChannel
 189              	.LVL4:
 190              		.loc 1 111 6 view .LVU71
 191 00aa 0028     		cmp	r0, #0
 192 00ac 36D1     		bne	.L16
 193              	.L6:
 112:Core/Src/adc.c ****   {
 113:Core/Src/adc.c ****     Error_Handler();
 114:Core/Src/adc.c ****   }
 115:Core/Src/adc.c **** 
 116:Core/Src/adc.c ****   /** Configure Regular Channel
 117:Core/Src/adc.c ****   */
 118:Core/Src/adc.c ****   sConfig.Channel = ADC_CHANNEL_12;
 194              		.loc 1 118 3 is_stmt 1 view .LVU72
 195              		.loc 1 118 19 is_stmt 0 view .LVU73
 196 00ae 294B     		ldr	r3, .L21+24
 197 00b0 0093     		str	r3, [sp]
 119:Core/Src/adc.c ****   sConfig.Rank = ADC_REGULAR_RANK_5;
 198              		.loc 1 119 3 is_stmt 1 view .LVU74
 199              		.loc 1 119 16 is_stmt 0 view .LVU75
 200 00b2 4FF48073 		mov	r3, #256
 201 00b6 0193     		str	r3, [sp, #4]
 120:Core/Src/adc.c ****   if (HAL_ADC_ConfigChannel(&hadc2, &sConfig) != HAL_OK)
 202              		.loc 1 120 3 is_stmt 1 view .LVU76
 203              		.loc 1 120 7 is_stmt 0 view .LVU77
 204 00b8 6946     		mov	r1, sp
 205 00ba 2048     		ldr	r0, .L21
 206 00bc FFF7FEFF 		bl	HAL_ADC_ConfigChannel
 207              	.LVL5:
 208              		.loc 1 120 6 view .LVU78
 209 00c0 78BB     		cbnz	r0, .L17
 210              	.L7:
 121:Core/Src/adc.c ****   {
 122:Core/Src/adc.c ****     Error_Handler();
 123:Core/Src/adc.c ****   }
 124:Core/Src/adc.c **** 
 125:Core/Src/adc.c ****   /** Configure Regular Channel
 126:Core/Src/adc.c ****   */
 127:Core/Src/adc.c ****   sConfig.Channel = ADC_CHANNEL_13;
 211              		.loc 1 127 3 is_stmt 1 view .LVU79
 212              		.loc 1 127 19 is_stmt 0 view .LVU80
 213 00c2 254B     		ldr	r3, .L21+28
 214 00c4 0093     		str	r3, [sp]
 128:Core/Src/adc.c ****   sConfig.Rank = ADC_REGULAR_RANK_6;
 215              		.loc 1 128 3 is_stmt 1 view .LVU81
ARM GAS  C:\Users\Karol\AppData\Local\Temp\ccIE6Ct1.s 			page 7


 216              		.loc 1 128 16 is_stmt 0 view .LVU82
 217 00c6 4FF48373 		mov	r3, #262
 218 00ca 0193     		str	r3, [sp, #4]
 129:Core/Src/adc.c ****   if (HAL_ADC_ConfigChannel(&hadc2, &sConfig) != HAL_OK)
 219              		.loc 1 129 3 is_stmt 1 view .LVU83
 220              		.loc 1 129 7 is_stmt 0 view .LVU84
 221 00cc 6946     		mov	r1, sp
 222 00ce 1B48     		ldr	r0, .L21
 223 00d0 FFF7FEFF 		bl	HAL_ADC_ConfigChannel
 224              	.LVL6:
 225              		.loc 1 129 6 view .LVU85
 226 00d4 40BB     		cbnz	r0, .L18
 227              	.L8:
 130:Core/Src/adc.c ****   {
 131:Core/Src/adc.c ****     Error_Handler();
 132:Core/Src/adc.c ****   }
 133:Core/Src/adc.c **** 
 134:Core/Src/adc.c ****   /** Configure Regular Channel
 135:Core/Src/adc.c ****   */
 136:Core/Src/adc.c ****   sConfig.Channel = ADC_CHANNEL_14;
 228              		.loc 1 136 3 is_stmt 1 view .LVU86
 229              		.loc 1 136 19 is_stmt 0 view .LVU87
 230 00d6 214B     		ldr	r3, .L21+32
 231 00d8 0093     		str	r3, [sp]
 137:Core/Src/adc.c ****   sConfig.Rank = ADC_REGULAR_RANK_7;
 232              		.loc 1 137 3 is_stmt 1 view .LVU88
 233              		.loc 1 137 16 is_stmt 0 view .LVU89
 234 00da 4FF48673 		mov	r3, #268
 235 00de 0193     		str	r3, [sp, #4]
 138:Core/Src/adc.c ****   if (HAL_ADC_ConfigChannel(&hadc2, &sConfig) != HAL_OK)
 236              		.loc 1 138 3 is_stmt 1 view .LVU90
 237              		.loc 1 138 7 is_stmt 0 view .LVU91
 238 00e0 6946     		mov	r1, sp
 239 00e2 1648     		ldr	r0, .L21
 240 00e4 FFF7FEFF 		bl	HAL_ADC_ConfigChannel
 241              	.LVL7:
 242              		.loc 1 138 6 view .LVU92
 243 00e8 08BB     		cbnz	r0, .L19
 244              	.L9:
 139:Core/Src/adc.c ****   {
 140:Core/Src/adc.c ****     Error_Handler();
 141:Core/Src/adc.c ****   }
 142:Core/Src/adc.c **** 
 143:Core/Src/adc.c ****   /** Configure Regular Channel
 144:Core/Src/adc.c ****   */
 145:Core/Src/adc.c ****   sConfig.Channel = ADC_CHANNEL_15;
 245              		.loc 1 145 3 is_stmt 1 view .LVU93
 246              		.loc 1 145 19 is_stmt 0 view .LVU94
 247 00ea 1D4B     		ldr	r3, .L21+36
 248 00ec 0093     		str	r3, [sp]
 146:Core/Src/adc.c ****   sConfig.Rank = ADC_REGULAR_RANK_8;
 249              		.loc 1 146 3 is_stmt 1 view .LVU95
 250              		.loc 1 146 16 is_stmt 0 view .LVU96
 251 00ee 4FF48973 		mov	r3, #274
 252 00f2 0193     		str	r3, [sp, #4]
 147:Core/Src/adc.c ****   if (HAL_ADC_ConfigChannel(&hadc2, &sConfig) != HAL_OK)
 253              		.loc 1 147 3 is_stmt 1 view .LVU97
ARM GAS  C:\Users\Karol\AppData\Local\Temp\ccIE6Ct1.s 			page 8


 254              		.loc 1 147 7 is_stmt 0 view .LVU98
 255 00f4 6946     		mov	r1, sp
 256 00f6 1148     		ldr	r0, .L21
 257 00f8 FFF7FEFF 		bl	HAL_ADC_ConfigChannel
 258              	.LVL8:
 259              		.loc 1 147 6 view .LVU99
 260 00fc D0B9     		cbnz	r0, .L20
 261              	.L1:
 148:Core/Src/adc.c ****   {
 149:Core/Src/adc.c ****     Error_Handler();
 150:Core/Src/adc.c ****   }
 151:Core/Src/adc.c ****   /* USER CODE BEGIN ADC2_Init 2 */
 152:Core/Src/adc.c **** 
 153:Core/Src/adc.c ****   /* USER CODE END ADC2_Init 2 */
 154:Core/Src/adc.c **** 
 155:Core/Src/adc.c **** }
 262              		.loc 1 155 1 view .LVU100
 263 00fe 07B0     		add	sp, sp, #28
 264              		.cfi_remember_state
 265              		.cfi_def_cfa_offset 4
 266              		@ sp needed
 267 0100 5DF804FB 		ldr	pc, [sp], #4
 268              	.L12:
 269              		.cfi_restore_state
  73:Core/Src/adc.c ****   }
 270              		.loc 1 73 5 is_stmt 1 view .LVU101
 271 0104 FFF7FEFF 		bl	Error_Handler
 272              	.LVL9:
 273 0108 A1E7     		b	.L2
 274              	.L13:
  86:Core/Src/adc.c ****   }
 275              		.loc 1 86 5 view .LVU102
 276 010a FFF7FEFF 		bl	Error_Handler
 277              	.LVL10:
 278 010e B0E7     		b	.L3
 279              	.L14:
  95:Core/Src/adc.c ****   }
 280              		.loc 1 95 5 view .LVU103
 281 0110 FFF7FEFF 		bl	Error_Handler
 282              	.LVL11:
 283 0114 B7E7     		b	.L4
 284              	.L15:
 104:Core/Src/adc.c ****   }
 285              		.loc 1 104 5 view .LVU104
 286 0116 FFF7FEFF 		bl	Error_Handler
 287              	.LVL12:
 288 011a BEE7     		b	.L5
 289              	.L16:
 113:Core/Src/adc.c ****   }
 290              		.loc 1 113 5 view .LVU105
 291 011c FFF7FEFF 		bl	Error_Handler
 292              	.LVL13:
 293 0120 C5E7     		b	.L6
 294              	.L17:
 122:Core/Src/adc.c ****   }
 295              		.loc 1 122 5 view .LVU106
 296 0122 FFF7FEFF 		bl	Error_Handler
ARM GAS  C:\Users\Karol\AppData\Local\Temp\ccIE6Ct1.s 			page 9


 297              	.LVL14:
 298 0126 CCE7     		b	.L7
 299              	.L18:
 131:Core/Src/adc.c ****   }
 300              		.loc 1 131 5 view .LVU107
 301 0128 FFF7FEFF 		bl	Error_Handler
 302              	.LVL15:
 303 012c D3E7     		b	.L8
 304              	.L19:
 140:Core/Src/adc.c ****   }
 305              		.loc 1 140 5 view .LVU108
 306 012e FFF7FEFF 		bl	Error_Handler
 307              	.LVL16:
 308 0132 DAE7     		b	.L9
 309              	.L20:
 149:Core/Src/adc.c ****   }
 310              		.loc 1 149 5 view .LVU109
 311 0134 FFF7FEFF 		bl	Error_Handler
 312              	.LVL17:
 313              		.loc 1 155 1 is_stmt 0 view .LVU110
 314 0138 E1E7     		b	.L1
 315              	.L22:
 316 013a 00BF     		.align	2
 317              	.L21:
 318 013c 00000000 		.word	hadc2
 319 0140 00010450 		.word	1342439680
 320 0144 00018021 		.word	562036992
 321 0148 0002B025 		.word	632291840
 322 014c 0004002A 		.word	704644096
 323 0150 0008302E 		.word	774899712
 324 0154 00106032 		.word	845156352
 325 0158 00209036 		.word	915415040
 326 015c 0040C03A 		.word	985677824
 327 0160 0080F03E 		.word	1055948800
 328              		.cfi_endproc
 329              	.LFE325:
 331              		.section	.text.HAL_ADC_MspInit,"ax",%progbits
 332              		.align	1
 333              		.global	HAL_ADC_MspInit
 334              		.syntax unified
 335              		.thumb
 336              		.thumb_func
 338              	HAL_ADC_MspInit:
 339              	.LVL18:
 340              	.LFB326:
 156:Core/Src/adc.c **** 
 157:Core/Src/adc.c **** void HAL_ADC_MspInit(ADC_HandleTypeDef* adcHandle)
 158:Core/Src/adc.c **** {
 341              		.loc 1 158 1 is_stmt 1 view -0
 342              		.cfi_startproc
 343              		@ args = 0, pretend = 0, frame = 176
 344              		@ frame_needed = 0, uses_anonymous_args = 0
 345              		.loc 1 158 1 is_stmt 0 view .LVU112
 346 0000 70B5     		push	{r4, r5, r6, lr}
 347              		.cfi_def_cfa_offset 16
 348              		.cfi_offset 4, -16
 349              		.cfi_offset 5, -12
ARM GAS  C:\Users\Karol\AppData\Local\Temp\ccIE6Ct1.s 			page 10


 350              		.cfi_offset 6, -8
 351              		.cfi_offset 14, -4
 352 0002 ACB0     		sub	sp, sp, #176
 353              		.cfi_def_cfa_offset 192
 354 0004 0446     		mov	r4, r0
 159:Core/Src/adc.c **** 
 160:Core/Src/adc.c ****   GPIO_InitTypeDef GPIO_InitStruct = {0};
 355              		.loc 1 160 3 is_stmt 1 view .LVU113
 356              		.loc 1 160 20 is_stmt 0 view .LVU114
 357 0006 0021     		movs	r1, #0
 358 0008 2791     		str	r1, [sp, #156]
 359 000a 2891     		str	r1, [sp, #160]
 360 000c 2991     		str	r1, [sp, #164]
 361 000e 2A91     		str	r1, [sp, #168]
 362 0010 2B91     		str	r1, [sp, #172]
 161:Core/Src/adc.c ****   RCC_PeriphCLKInitTypeDef PeriphClkInit = {0};
 363              		.loc 1 161 3 is_stmt 1 view .LVU115
 364              		.loc 1 161 28 is_stmt 0 view .LVU116
 365 0012 8C22     		movs	r2, #140
 366 0014 04A8     		add	r0, sp, #16
 367              	.LVL19:
 368              		.loc 1 161 28 view .LVU117
 369 0016 FFF7FEFF 		bl	memset
 370              	.LVL20:
 162:Core/Src/adc.c ****   if(adcHandle->Instance==ADC2)
 371              		.loc 1 162 3 is_stmt 1 view .LVU118
 372              		.loc 1 162 15 is_stmt 0 view .LVU119
 373 001a 2268     		ldr	r2, [r4]
 374              		.loc 1 162 5 view .LVU120
 375 001c 3C4B     		ldr	r3, .L31
 376 001e 9A42     		cmp	r2, r3
 377 0020 01D0     		beq	.L28
 378              	.L23:
 163:Core/Src/adc.c ****   {
 164:Core/Src/adc.c ****   /* USER CODE BEGIN ADC2_MspInit 0 */
 165:Core/Src/adc.c **** 
 166:Core/Src/adc.c ****   /* USER CODE END ADC2_MspInit 0 */
 167:Core/Src/adc.c **** 
 168:Core/Src/adc.c ****   /** Initializes the peripherals clock
 169:Core/Src/adc.c ****   */
 170:Core/Src/adc.c ****     PeriphClkInit.PeriphClockSelection = RCC_PERIPHCLK_ADC;
 171:Core/Src/adc.c ****     PeriphClkInit.AdcClockSelection = RCC_ADCCLKSOURCE_PLLSAI1;
 172:Core/Src/adc.c ****     PeriphClkInit.PLLSAI1.PLLSAI1Source = RCC_PLLSOURCE_MSI;
 173:Core/Src/adc.c ****     PeriphClkInit.PLLSAI1.PLLSAI1M = 1;
 174:Core/Src/adc.c ****     PeriphClkInit.PLLSAI1.PLLSAI1N = 8;
 175:Core/Src/adc.c ****     PeriphClkInit.PLLSAI1.PLLSAI1P = RCC_PLLP_DIV2;
 176:Core/Src/adc.c ****     PeriphClkInit.PLLSAI1.PLLSAI1Q = RCC_PLLQ_DIV2;
 177:Core/Src/adc.c ****     PeriphClkInit.PLLSAI1.PLLSAI1R = RCC_PLLR_DIV2;
 178:Core/Src/adc.c ****     PeriphClkInit.PLLSAI1.PLLSAI1ClockOut = RCC_PLLSAI1_ADC1CLK;
 179:Core/Src/adc.c ****     if (HAL_RCCEx_PeriphCLKConfig(&PeriphClkInit) != HAL_OK)
 180:Core/Src/adc.c ****     {
 181:Core/Src/adc.c ****       Error_Handler();
 182:Core/Src/adc.c ****     }
 183:Core/Src/adc.c **** 
 184:Core/Src/adc.c ****     /* ADC2 clock enable */
 185:Core/Src/adc.c ****     __HAL_RCC_ADC_CLK_ENABLE();
 186:Core/Src/adc.c **** 
ARM GAS  C:\Users\Karol\AppData\Local\Temp\ccIE6Ct1.s 			page 11


 187:Core/Src/adc.c ****     __HAL_RCC_GPIOA_CLK_ENABLE();
 188:Core/Src/adc.c ****     __HAL_RCC_GPIOC_CLK_ENABLE();
 189:Core/Src/adc.c ****     __HAL_RCC_GPIOB_CLK_ENABLE();
 190:Core/Src/adc.c ****     /**ADC2 GPIO Configuration
 191:Core/Src/adc.c ****     PA3     ------> ADC2_IN8
 192:Core/Src/adc.c ****     PA4     ------> ADC2_IN9
 193:Core/Src/adc.c ****     PA5     ------> ADC2_IN10
 194:Core/Src/adc.c ****     PA6     ------> ADC2_IN11
 195:Core/Src/adc.c ****     PA7     ------> ADC2_IN12
 196:Core/Src/adc.c ****     PC4     ------> ADC2_IN13
 197:Core/Src/adc.c ****     PC5     ------> ADC2_IN14
 198:Core/Src/adc.c ****     PB0     ------> ADC2_IN15
 199:Core/Src/adc.c ****     */
 200:Core/Src/adc.c ****     GPIO_InitStruct.Pin = GPIO_PIN_3|GPIO_PIN_4|GPIO_PIN_5|GPIO_PIN_6
 201:Core/Src/adc.c ****                           |GPIO_PIN_7;
 202:Core/Src/adc.c ****     GPIO_InitStruct.Mode = GPIO_MODE_ANALOG;
 203:Core/Src/adc.c ****     GPIO_InitStruct.Pull = GPIO_NOPULL;
 204:Core/Src/adc.c ****     HAL_GPIO_Init(GPIOA, &GPIO_InitStruct);
 205:Core/Src/adc.c **** 
 206:Core/Src/adc.c ****     GPIO_InitStruct.Pin = GPIO_PIN_4|GPIO_PIN_5;
 207:Core/Src/adc.c ****     GPIO_InitStruct.Mode = GPIO_MODE_ANALOG;
 208:Core/Src/adc.c ****     GPIO_InitStruct.Pull = GPIO_NOPULL;
 209:Core/Src/adc.c ****     HAL_GPIO_Init(GPIOC, &GPIO_InitStruct);
 210:Core/Src/adc.c **** 
 211:Core/Src/adc.c ****     GPIO_InitStruct.Pin = GPIO_PIN_0;
 212:Core/Src/adc.c ****     GPIO_InitStruct.Mode = GPIO_MODE_ANALOG;
 213:Core/Src/adc.c ****     GPIO_InitStruct.Pull = GPIO_NOPULL;
 214:Core/Src/adc.c ****     HAL_GPIO_Init(GPIOB, &GPIO_InitStruct);
 215:Core/Src/adc.c **** 
 216:Core/Src/adc.c ****     /* ADC2 DMA Init */
 217:Core/Src/adc.c ****     /* ADC2 Init */
 218:Core/Src/adc.c ****     hdma_adc2.Instance = DMA1_Channel2;
 219:Core/Src/adc.c ****     hdma_adc2.Init.Request = DMA_REQUEST_0;
 220:Core/Src/adc.c ****     hdma_adc2.Init.Direction = DMA_PERIPH_TO_MEMORY;
 221:Core/Src/adc.c ****     hdma_adc2.Init.PeriphInc = DMA_PINC_DISABLE;
 222:Core/Src/adc.c ****     hdma_adc2.Init.MemInc = DMA_MINC_ENABLE;
 223:Core/Src/adc.c ****     hdma_adc2.Init.PeriphDataAlignment = DMA_PDATAALIGN_WORD;
 224:Core/Src/adc.c ****     hdma_adc2.Init.MemDataAlignment = DMA_MDATAALIGN_WORD;
 225:Core/Src/adc.c ****     hdma_adc2.Init.Mode = DMA_CIRCULAR;
 226:Core/Src/adc.c ****     hdma_adc2.Init.Priority = DMA_PRIORITY_LOW;
 227:Core/Src/adc.c ****     if (HAL_DMA_Init(&hdma_adc2) != HAL_OK)
 228:Core/Src/adc.c ****     {
 229:Core/Src/adc.c ****       Error_Handler();
 230:Core/Src/adc.c ****     }
 231:Core/Src/adc.c **** 
 232:Core/Src/adc.c ****     __HAL_LINKDMA(adcHandle,DMA_Handle,hdma_adc2);
 233:Core/Src/adc.c **** 
 234:Core/Src/adc.c ****   /* USER CODE BEGIN ADC2_MspInit 1 */
 235:Core/Src/adc.c **** 
 236:Core/Src/adc.c ****   /* USER CODE END ADC2_MspInit 1 */
 237:Core/Src/adc.c ****   }
 238:Core/Src/adc.c **** }
 379              		.loc 1 238 1 view .LVU121
 380 0022 2CB0     		add	sp, sp, #176
 381              		.cfi_remember_state
 382              		.cfi_def_cfa_offset 16
 383              		@ sp needed
ARM GAS  C:\Users\Karol\AppData\Local\Temp\ccIE6Ct1.s 			page 12


 384 0024 70BD     		pop	{r4, r5, r6, pc}
 385              	.LVL21:
 386              	.L28:
 387              		.cfi_restore_state
 170:Core/Src/adc.c ****     PeriphClkInit.AdcClockSelection = RCC_ADCCLKSOURCE_PLLSAI1;
 388              		.loc 1 170 5 is_stmt 1 view .LVU122
 170:Core/Src/adc.c ****     PeriphClkInit.AdcClockSelection = RCC_ADCCLKSOURCE_PLLSAI1;
 389              		.loc 1 170 40 is_stmt 0 view .LVU123
 390 0026 4FF48043 		mov	r3, #16384
 391 002a 0493     		str	r3, [sp, #16]
 171:Core/Src/adc.c ****     PeriphClkInit.PLLSAI1.PLLSAI1Source = RCC_PLLSOURCE_MSI;
 392              		.loc 1 171 5 is_stmt 1 view .LVU124
 171:Core/Src/adc.c ****     PeriphClkInit.PLLSAI1.PLLSAI1Source = RCC_PLLSOURCE_MSI;
 393              		.loc 1 171 37 is_stmt 0 view .LVU125
 394 002c 4FF08053 		mov	r3, #268435456
 395 0030 2393     		str	r3, [sp, #140]
 172:Core/Src/adc.c ****     PeriphClkInit.PLLSAI1.PLLSAI1M = 1;
 396              		.loc 1 172 5 is_stmt 1 view .LVU126
 172:Core/Src/adc.c ****     PeriphClkInit.PLLSAI1.PLLSAI1M = 1;
 397              		.loc 1 172 41 is_stmt 0 view .LVU127
 398 0032 0123     		movs	r3, #1
 399 0034 0593     		str	r3, [sp, #20]
 173:Core/Src/adc.c ****     PeriphClkInit.PLLSAI1.PLLSAI1N = 8;
 400              		.loc 1 173 5 is_stmt 1 view .LVU128
 173:Core/Src/adc.c ****     PeriphClkInit.PLLSAI1.PLLSAI1N = 8;
 401              		.loc 1 173 36 is_stmt 0 view .LVU129
 402 0036 0693     		str	r3, [sp, #24]
 174:Core/Src/adc.c ****     PeriphClkInit.PLLSAI1.PLLSAI1P = RCC_PLLP_DIV2;
 403              		.loc 1 174 5 is_stmt 1 view .LVU130
 174:Core/Src/adc.c ****     PeriphClkInit.PLLSAI1.PLLSAI1P = RCC_PLLP_DIV2;
 404              		.loc 1 174 36 is_stmt 0 view .LVU131
 405 0038 0823     		movs	r3, #8
 406 003a 0793     		str	r3, [sp, #28]
 175:Core/Src/adc.c ****     PeriphClkInit.PLLSAI1.PLLSAI1Q = RCC_PLLQ_DIV2;
 407              		.loc 1 175 5 is_stmt 1 view .LVU132
 175:Core/Src/adc.c ****     PeriphClkInit.PLLSAI1.PLLSAI1Q = RCC_PLLQ_DIV2;
 408              		.loc 1 175 36 is_stmt 0 view .LVU133
 409 003c 0223     		movs	r3, #2
 410 003e 0893     		str	r3, [sp, #32]
 176:Core/Src/adc.c ****     PeriphClkInit.PLLSAI1.PLLSAI1R = RCC_PLLR_DIV2;
 411              		.loc 1 176 5 is_stmt 1 view .LVU134
 176:Core/Src/adc.c ****     PeriphClkInit.PLLSAI1.PLLSAI1R = RCC_PLLR_DIV2;
 412              		.loc 1 176 36 is_stmt 0 view .LVU135
 413 0040 0993     		str	r3, [sp, #36]
 177:Core/Src/adc.c ****     PeriphClkInit.PLLSAI1.PLLSAI1ClockOut = RCC_PLLSAI1_ADC1CLK;
 414              		.loc 1 177 5 is_stmt 1 view .LVU136
 177:Core/Src/adc.c ****     PeriphClkInit.PLLSAI1.PLLSAI1ClockOut = RCC_PLLSAI1_ADC1CLK;
 415              		.loc 1 177 36 is_stmt 0 view .LVU137
 416 0042 0A93     		str	r3, [sp, #40]
 178:Core/Src/adc.c ****     if (HAL_RCCEx_PeriphCLKConfig(&PeriphClkInit) != HAL_OK)
 417              		.loc 1 178 5 is_stmt 1 view .LVU138
 178:Core/Src/adc.c ****     if (HAL_RCCEx_PeriphCLKConfig(&PeriphClkInit) != HAL_OK)
 418              		.loc 1 178 43 is_stmt 0 view .LVU139
 419 0044 4FF08073 		mov	r3, #16777216
 420 0048 0B93     		str	r3, [sp, #44]
 179:Core/Src/adc.c ****     {
 421              		.loc 1 179 5 is_stmt 1 view .LVU140
ARM GAS  C:\Users\Karol\AppData\Local\Temp\ccIE6Ct1.s 			page 13


 179:Core/Src/adc.c ****     {
 422              		.loc 1 179 9 is_stmt 0 view .LVU141
 423 004a 04A8     		add	r0, sp, #16
 424 004c FFF7FEFF 		bl	HAL_RCCEx_PeriphCLKConfig
 425              	.LVL22:
 179:Core/Src/adc.c ****     {
 426              		.loc 1 179 8 view .LVU142
 427 0050 0028     		cmp	r0, #0
 428 0052 57D1     		bne	.L29
 429              	.L25:
 185:Core/Src/adc.c **** 
 430              		.loc 1 185 5 is_stmt 1 view .LVU143
 431              	.LBB2:
 185:Core/Src/adc.c **** 
 432              		.loc 1 185 5 view .LVU144
 185:Core/Src/adc.c **** 
 433              		.loc 1 185 5 view .LVU145
 434 0054 2F4B     		ldr	r3, .L31+4
 435 0056 DA6C     		ldr	r2, [r3, #76]
 436 0058 42F40052 		orr	r2, r2, #8192
 437 005c DA64     		str	r2, [r3, #76]
 185:Core/Src/adc.c **** 
 438              		.loc 1 185 5 view .LVU146
 439 005e DA6C     		ldr	r2, [r3, #76]
 440 0060 02F40052 		and	r2, r2, #8192
 441 0064 0092     		str	r2, [sp]
 185:Core/Src/adc.c **** 
 442              		.loc 1 185 5 view .LVU147
 443 0066 009A     		ldr	r2, [sp]
 444              	.LBE2:
 185:Core/Src/adc.c **** 
 445              		.loc 1 185 5 view .LVU148
 187:Core/Src/adc.c ****     __HAL_RCC_GPIOC_CLK_ENABLE();
 446              		.loc 1 187 5 view .LVU149
 447              	.LBB3:
 187:Core/Src/adc.c ****     __HAL_RCC_GPIOC_CLK_ENABLE();
 448              		.loc 1 187 5 view .LVU150
 187:Core/Src/adc.c ****     __HAL_RCC_GPIOC_CLK_ENABLE();
 449              		.loc 1 187 5 view .LVU151
 450 0068 DA6C     		ldr	r2, [r3, #76]
 451 006a 42F00102 		orr	r2, r2, #1
 452 006e DA64     		str	r2, [r3, #76]
 187:Core/Src/adc.c ****     __HAL_RCC_GPIOC_CLK_ENABLE();
 453              		.loc 1 187 5 view .LVU152
 454 0070 DA6C     		ldr	r2, [r3, #76]
 455 0072 02F00102 		and	r2, r2, #1
 456 0076 0192     		str	r2, [sp, #4]
 187:Core/Src/adc.c ****     __HAL_RCC_GPIOC_CLK_ENABLE();
 457              		.loc 1 187 5 view .LVU153
 458 0078 019A     		ldr	r2, [sp, #4]
 459              	.LBE3:
 187:Core/Src/adc.c ****     __HAL_RCC_GPIOC_CLK_ENABLE();
 460              		.loc 1 187 5 view .LVU154
 188:Core/Src/adc.c ****     __HAL_RCC_GPIOB_CLK_ENABLE();
 461              		.loc 1 188 5 view .LVU155
 462              	.LBB4:
 188:Core/Src/adc.c ****     __HAL_RCC_GPIOB_CLK_ENABLE();
ARM GAS  C:\Users\Karol\AppData\Local\Temp\ccIE6Ct1.s 			page 14


 463              		.loc 1 188 5 view .LVU156
 188:Core/Src/adc.c ****     __HAL_RCC_GPIOB_CLK_ENABLE();
 464              		.loc 1 188 5 view .LVU157
 465 007a DA6C     		ldr	r2, [r3, #76]
 466 007c 42F00402 		orr	r2, r2, #4
 467 0080 DA64     		str	r2, [r3, #76]
 188:Core/Src/adc.c ****     __HAL_RCC_GPIOB_CLK_ENABLE();
 468              		.loc 1 188 5 view .LVU158
 469 0082 DA6C     		ldr	r2, [r3, #76]
 470 0084 02F00402 		and	r2, r2, #4
 471 0088 0292     		str	r2, [sp, #8]
 188:Core/Src/adc.c ****     __HAL_RCC_GPIOB_CLK_ENABLE();
 472              		.loc 1 188 5 view .LVU159
 473 008a 029A     		ldr	r2, [sp, #8]
 474              	.LBE4:
 188:Core/Src/adc.c ****     __HAL_RCC_GPIOB_CLK_ENABLE();
 475              		.loc 1 188 5 view .LVU160
 189:Core/Src/adc.c ****     /**ADC2 GPIO Configuration
 476              		.loc 1 189 5 view .LVU161
 477              	.LBB5:
 189:Core/Src/adc.c ****     /**ADC2 GPIO Configuration
 478              		.loc 1 189 5 view .LVU162
 189:Core/Src/adc.c ****     /**ADC2 GPIO Configuration
 479              		.loc 1 189 5 view .LVU163
 480 008c DA6C     		ldr	r2, [r3, #76]
 481 008e 42F00202 		orr	r2, r2, #2
 482 0092 DA64     		str	r2, [r3, #76]
 189:Core/Src/adc.c ****     /**ADC2 GPIO Configuration
 483              		.loc 1 189 5 view .LVU164
 484 0094 DB6C     		ldr	r3, [r3, #76]
 485 0096 03F00203 		and	r3, r3, #2
 486 009a 0393     		str	r3, [sp, #12]
 189:Core/Src/adc.c ****     /**ADC2 GPIO Configuration
 487              		.loc 1 189 5 view .LVU165
 488 009c 039B     		ldr	r3, [sp, #12]
 489              	.LBE5:
 189:Core/Src/adc.c ****     /**ADC2 GPIO Configuration
 490              		.loc 1 189 5 view .LVU166
 200:Core/Src/adc.c ****                           |GPIO_PIN_7;
 491              		.loc 1 200 5 view .LVU167
 200:Core/Src/adc.c ****                           |GPIO_PIN_7;
 492              		.loc 1 200 25 is_stmt 0 view .LVU168
 493 009e F823     		movs	r3, #248
 494 00a0 2793     		str	r3, [sp, #156]
 202:Core/Src/adc.c ****     GPIO_InitStruct.Pull = GPIO_NOPULL;
 495              		.loc 1 202 5 is_stmt 1 view .LVU169
 202:Core/Src/adc.c ****     GPIO_InitStruct.Pull = GPIO_NOPULL;
 496              		.loc 1 202 26 is_stmt 0 view .LVU170
 497 00a2 0326     		movs	r6, #3
 498 00a4 2896     		str	r6, [sp, #160]
 203:Core/Src/adc.c ****     HAL_GPIO_Init(GPIOA, &GPIO_InitStruct);
 499              		.loc 1 203 5 is_stmt 1 view .LVU171
 203:Core/Src/adc.c ****     HAL_GPIO_Init(GPIOA, &GPIO_InitStruct);
 500              		.loc 1 203 26 is_stmt 0 view .LVU172
 501 00a6 0025     		movs	r5, #0
 502 00a8 2995     		str	r5, [sp, #164]
 204:Core/Src/adc.c **** 
ARM GAS  C:\Users\Karol\AppData\Local\Temp\ccIE6Ct1.s 			page 15


 503              		.loc 1 204 5 is_stmt 1 view .LVU173
 504 00aa 27A9     		add	r1, sp, #156
 505 00ac 4FF09040 		mov	r0, #1207959552
 506 00b0 FFF7FEFF 		bl	HAL_GPIO_Init
 507              	.LVL23:
 206:Core/Src/adc.c ****     GPIO_InitStruct.Mode = GPIO_MODE_ANALOG;
 508              		.loc 1 206 5 view .LVU174
 206:Core/Src/adc.c ****     GPIO_InitStruct.Mode = GPIO_MODE_ANALOG;
 509              		.loc 1 206 25 is_stmt 0 view .LVU175
 510 00b4 3023     		movs	r3, #48
 511 00b6 2793     		str	r3, [sp, #156]
 207:Core/Src/adc.c ****     GPIO_InitStruct.Pull = GPIO_NOPULL;
 512              		.loc 1 207 5 is_stmt 1 view .LVU176
 207:Core/Src/adc.c ****     GPIO_InitStruct.Pull = GPIO_NOPULL;
 513              		.loc 1 207 26 is_stmt 0 view .LVU177
 514 00b8 2896     		str	r6, [sp, #160]
 208:Core/Src/adc.c ****     HAL_GPIO_Init(GPIOC, &GPIO_InitStruct);
 515              		.loc 1 208 5 is_stmt 1 view .LVU178
 208:Core/Src/adc.c ****     HAL_GPIO_Init(GPIOC, &GPIO_InitStruct);
 516              		.loc 1 208 26 is_stmt 0 view .LVU179
 517 00ba 2995     		str	r5, [sp, #164]
 209:Core/Src/adc.c **** 
 518              		.loc 1 209 5 is_stmt 1 view .LVU180
 519 00bc 27A9     		add	r1, sp, #156
 520 00be 1648     		ldr	r0, .L31+8
 521 00c0 FFF7FEFF 		bl	HAL_GPIO_Init
 522              	.LVL24:
 211:Core/Src/adc.c ****     GPIO_InitStruct.Mode = GPIO_MODE_ANALOG;
 523              		.loc 1 211 5 view .LVU181
 211:Core/Src/adc.c ****     GPIO_InitStruct.Mode = GPIO_MODE_ANALOG;
 524              		.loc 1 211 25 is_stmt 0 view .LVU182
 525 00c4 0123     		movs	r3, #1
 526 00c6 2793     		str	r3, [sp, #156]
 212:Core/Src/adc.c ****     GPIO_InitStruct.Pull = GPIO_NOPULL;
 527              		.loc 1 212 5 is_stmt 1 view .LVU183
 212:Core/Src/adc.c ****     GPIO_InitStruct.Pull = GPIO_NOPULL;
 528              		.loc 1 212 26 is_stmt 0 view .LVU184
 529 00c8 2896     		str	r6, [sp, #160]
 213:Core/Src/adc.c ****     HAL_GPIO_Init(GPIOB, &GPIO_InitStruct);
 530              		.loc 1 213 5 is_stmt 1 view .LVU185
 213:Core/Src/adc.c ****     HAL_GPIO_Init(GPIOB, &GPIO_InitStruct);
 531              		.loc 1 213 26 is_stmt 0 view .LVU186
 532 00ca 2995     		str	r5, [sp, #164]
 214:Core/Src/adc.c **** 
 533              		.loc 1 214 5 is_stmt 1 view .LVU187
 534 00cc 27A9     		add	r1, sp, #156
 535 00ce 1348     		ldr	r0, .L31+12
 536 00d0 FFF7FEFF 		bl	HAL_GPIO_Init
 537              	.LVL25:
 218:Core/Src/adc.c ****     hdma_adc2.Init.Request = DMA_REQUEST_0;
 538              		.loc 1 218 5 view .LVU188
 218:Core/Src/adc.c ****     hdma_adc2.Init.Request = DMA_REQUEST_0;
 539              		.loc 1 218 24 is_stmt 0 view .LVU189
 540 00d4 1248     		ldr	r0, .L31+16
 541 00d6 134B     		ldr	r3, .L31+20
 542 00d8 0360     		str	r3, [r0]
 219:Core/Src/adc.c ****     hdma_adc2.Init.Direction = DMA_PERIPH_TO_MEMORY;
ARM GAS  C:\Users\Karol\AppData\Local\Temp\ccIE6Ct1.s 			page 16


 543              		.loc 1 219 5 is_stmt 1 view .LVU190
 219:Core/Src/adc.c ****     hdma_adc2.Init.Direction = DMA_PERIPH_TO_MEMORY;
 544              		.loc 1 219 28 is_stmt 0 view .LVU191
 545 00da 4560     		str	r5, [r0, #4]
 220:Core/Src/adc.c ****     hdma_adc2.Init.PeriphInc = DMA_PINC_DISABLE;
 546              		.loc 1 220 5 is_stmt 1 view .LVU192
 220:Core/Src/adc.c ****     hdma_adc2.Init.PeriphInc = DMA_PINC_DISABLE;
 547              		.loc 1 220 30 is_stmt 0 view .LVU193
 548 00dc 8560     		str	r5, [r0, #8]
 221:Core/Src/adc.c ****     hdma_adc2.Init.MemInc = DMA_MINC_ENABLE;
 549              		.loc 1 221 5 is_stmt 1 view .LVU194
 221:Core/Src/adc.c ****     hdma_adc2.Init.MemInc = DMA_MINC_ENABLE;
 550              		.loc 1 221 30 is_stmt 0 view .LVU195
 551 00de C560     		str	r5, [r0, #12]
 222:Core/Src/adc.c ****     hdma_adc2.Init.PeriphDataAlignment = DMA_PDATAALIGN_WORD;
 552              		.loc 1 222 5 is_stmt 1 view .LVU196
 222:Core/Src/adc.c ****     hdma_adc2.Init.PeriphDataAlignment = DMA_PDATAALIGN_WORD;
 553              		.loc 1 222 27 is_stmt 0 view .LVU197
 554 00e0 8023     		movs	r3, #128
 555 00e2 0361     		str	r3, [r0, #16]
 223:Core/Src/adc.c ****     hdma_adc2.Init.MemDataAlignment = DMA_MDATAALIGN_WORD;
 556              		.loc 1 223 5 is_stmt 1 view .LVU198
 223:Core/Src/adc.c ****     hdma_adc2.Init.MemDataAlignment = DMA_MDATAALIGN_WORD;
 557              		.loc 1 223 40 is_stmt 0 view .LVU199
 558 00e4 4FF40073 		mov	r3, #512
 559 00e8 4361     		str	r3, [r0, #20]
 224:Core/Src/adc.c ****     hdma_adc2.Init.Mode = DMA_CIRCULAR;
 560              		.loc 1 224 5 is_stmt 1 view .LVU200
 224:Core/Src/adc.c ****     hdma_adc2.Init.Mode = DMA_CIRCULAR;
 561              		.loc 1 224 37 is_stmt 0 view .LVU201
 562 00ea 4FF40063 		mov	r3, #2048
 563 00ee 8361     		str	r3, [r0, #24]
 225:Core/Src/adc.c ****     hdma_adc2.Init.Priority = DMA_PRIORITY_LOW;
 564              		.loc 1 225 5 is_stmt 1 view .LVU202
 225:Core/Src/adc.c ****     hdma_adc2.Init.Priority = DMA_PRIORITY_LOW;
 565              		.loc 1 225 25 is_stmt 0 view .LVU203
 566 00f0 2023     		movs	r3, #32
 567 00f2 C361     		str	r3, [r0, #28]
 226:Core/Src/adc.c ****     if (HAL_DMA_Init(&hdma_adc2) != HAL_OK)
 568              		.loc 1 226 5 is_stmt 1 view .LVU204
 226:Core/Src/adc.c ****     if (HAL_DMA_Init(&hdma_adc2) != HAL_OK)
 569              		.loc 1 226 29 is_stmt 0 view .LVU205
 570 00f4 0562     		str	r5, [r0, #32]
 227:Core/Src/adc.c ****     {
 571              		.loc 1 227 5 is_stmt 1 view .LVU206
 227:Core/Src/adc.c ****     {
 572              		.loc 1 227 9 is_stmt 0 view .LVU207
 573 00f6 FFF7FEFF 		bl	HAL_DMA_Init
 574              	.LVL26:
 227:Core/Src/adc.c ****     {
 575              		.loc 1 227 8 view .LVU208
 576 00fa 30B9     		cbnz	r0, .L30
 577              	.L26:
 232:Core/Src/adc.c **** 
 578              		.loc 1 232 5 is_stmt 1 view .LVU209
 232:Core/Src/adc.c **** 
 579              		.loc 1 232 5 view .LVU210
ARM GAS  C:\Users\Karol\AppData\Local\Temp\ccIE6Ct1.s 			page 17


 580 00fc 084B     		ldr	r3, .L31+16
 581 00fe 2365     		str	r3, [r4, #80]
 232:Core/Src/adc.c **** 
 582              		.loc 1 232 5 view .LVU211
 583 0100 9C62     		str	r4, [r3, #40]
 232:Core/Src/adc.c **** 
 584              		.loc 1 232 5 view .LVU212
 585              		.loc 1 238 1 is_stmt 0 view .LVU213
 586 0102 8EE7     		b	.L23
 587              	.L29:
 181:Core/Src/adc.c ****     }
 588              		.loc 1 181 7 is_stmt 1 view .LVU214
 589 0104 FFF7FEFF 		bl	Error_Handler
 590              	.LVL27:
 591 0108 A4E7     		b	.L25
 592              	.L30:
 229:Core/Src/adc.c ****     }
 593              		.loc 1 229 7 view .LVU215
 594 010a FFF7FEFF 		bl	Error_Handler
 595              	.LVL28:
 596 010e F5E7     		b	.L26
 597              	.L32:
 598              		.align	2
 599              	.L31:
 600 0110 00010450 		.word	1342439680
 601 0114 00100240 		.word	1073876992
 602 0118 00080048 		.word	1207961600
 603 011c 00040048 		.word	1207960576
 604 0120 00000000 		.word	hdma_adc2
 605 0124 1C000240 		.word	1073872924
 606              		.cfi_endproc
 607              	.LFE326:
 609              		.section	.text.HAL_ADC_MspDeInit,"ax",%progbits
 610              		.align	1
 611              		.global	HAL_ADC_MspDeInit
 612              		.syntax unified
 613              		.thumb
 614              		.thumb_func
 616              	HAL_ADC_MspDeInit:
 617              	.LVL29:
 618              	.LFB327:
 239:Core/Src/adc.c **** 
 240:Core/Src/adc.c **** void HAL_ADC_MspDeInit(ADC_HandleTypeDef* adcHandle)
 241:Core/Src/adc.c **** {
 619              		.loc 1 241 1 view -0
 620              		.cfi_startproc
 621              		@ args = 0, pretend = 0, frame = 0
 622              		@ frame_needed = 0, uses_anonymous_args = 0
 242:Core/Src/adc.c **** 
 243:Core/Src/adc.c ****   if(adcHandle->Instance==ADC2)
 623              		.loc 1 243 3 view .LVU217
 624              		.loc 1 243 15 is_stmt 0 view .LVU218
 625 0000 0268     		ldr	r2, [r0]
 626              		.loc 1 243 5 view .LVU219
 627 0002 0E4B     		ldr	r3, .L40
 628 0004 9A42     		cmp	r2, r3
 629 0006 00D0     		beq	.L39
ARM GAS  C:\Users\Karol\AppData\Local\Temp\ccIE6Ct1.s 			page 18


 630 0008 7047     		bx	lr
 631              	.L39:
 241:Core/Src/adc.c **** 
 632              		.loc 1 241 1 view .LVU220
 633 000a 10B5     		push	{r4, lr}
 634              		.cfi_def_cfa_offset 8
 635              		.cfi_offset 4, -8
 636              		.cfi_offset 14, -4
 637 000c 0446     		mov	r4, r0
 244:Core/Src/adc.c ****   {
 245:Core/Src/adc.c ****   /* USER CODE BEGIN ADC2_MspDeInit 0 */
 246:Core/Src/adc.c **** 
 247:Core/Src/adc.c ****   /* USER CODE END ADC2_MspDeInit 0 */
 248:Core/Src/adc.c ****     /* Peripheral clock disable */
 249:Core/Src/adc.c ****     __HAL_RCC_ADC_CLK_DISABLE();
 638              		.loc 1 249 5 is_stmt 1 view .LVU221
 639 000e 0C4A     		ldr	r2, .L40+4
 640 0010 D36C     		ldr	r3, [r2, #76]
 641 0012 23F40053 		bic	r3, r3, #8192
 642 0016 D364     		str	r3, [r2, #76]
 250:Core/Src/adc.c **** 
 251:Core/Src/adc.c ****     /**ADC2 GPIO Configuration
 252:Core/Src/adc.c ****     PA3     ------> ADC2_IN8
 253:Core/Src/adc.c ****     PA4     ------> ADC2_IN9
 254:Core/Src/adc.c ****     PA5     ------> ADC2_IN10
 255:Core/Src/adc.c ****     PA6     ------> ADC2_IN11
 256:Core/Src/adc.c ****     PA7     ------> ADC2_IN12
 257:Core/Src/adc.c ****     PC4     ------> ADC2_IN13
 258:Core/Src/adc.c ****     PC5     ------> ADC2_IN14
 259:Core/Src/adc.c ****     PB0     ------> ADC2_IN15
 260:Core/Src/adc.c ****     */
 261:Core/Src/adc.c ****     HAL_GPIO_DeInit(GPIOA, GPIO_PIN_3|GPIO_PIN_4|GPIO_PIN_5|GPIO_PIN_6
 643              		.loc 1 261 5 view .LVU222
 644 0018 F821     		movs	r1, #248
 645 001a 4FF09040 		mov	r0, #1207959552
 646              	.LVL30:
 647              		.loc 1 261 5 is_stmt 0 view .LVU223
 648 001e FFF7FEFF 		bl	HAL_GPIO_DeInit
 649              	.LVL31:
 262:Core/Src/adc.c ****                           |GPIO_PIN_7);
 263:Core/Src/adc.c **** 
 264:Core/Src/adc.c ****     HAL_GPIO_DeInit(GPIOC, GPIO_PIN_4|GPIO_PIN_5);
 650              		.loc 1 264 5 is_stmt 1 view .LVU224
 651 0022 3021     		movs	r1, #48
 652 0024 0748     		ldr	r0, .L40+8
 653 0026 FFF7FEFF 		bl	HAL_GPIO_DeInit
 654              	.LVL32:
 265:Core/Src/adc.c **** 
 266:Core/Src/adc.c ****     HAL_GPIO_DeInit(GPIOB, GPIO_PIN_0);
 655              		.loc 1 266 5 view .LVU225
 656 002a 0121     		movs	r1, #1
 657 002c 0648     		ldr	r0, .L40+12
 658 002e FFF7FEFF 		bl	HAL_GPIO_DeInit
 659              	.LVL33:
 267:Core/Src/adc.c **** 
 268:Core/Src/adc.c ****     /* ADC2 DMA DeInit */
 269:Core/Src/adc.c ****     HAL_DMA_DeInit(adcHandle->DMA_Handle);
ARM GAS  C:\Users\Karol\AppData\Local\Temp\ccIE6Ct1.s 			page 19


 660              		.loc 1 269 5 view .LVU226
 661 0032 206D     		ldr	r0, [r4, #80]
 662 0034 FFF7FEFF 		bl	HAL_DMA_DeInit
 663              	.LVL34:
 270:Core/Src/adc.c ****   /* USER CODE BEGIN ADC2_MspDeInit 1 */
 271:Core/Src/adc.c **** 
 272:Core/Src/adc.c ****   /* USER CODE END ADC2_MspDeInit 1 */
 273:Core/Src/adc.c ****   }
 274:Core/Src/adc.c **** }
 664              		.loc 1 274 1 is_stmt 0 view .LVU227
 665 0038 10BD     		pop	{r4, pc}
 666              	.LVL35:
 667              	.L41:
 668              		.loc 1 274 1 view .LVU228
 669 003a 00BF     		.align	2
 670              	.L40:
 671 003c 00010450 		.word	1342439680
 672 0040 00100240 		.word	1073876992
 673 0044 00080048 		.word	1207961600
 674 0048 00040048 		.word	1207960576
 675              		.cfi_endproc
 676              	.LFE327:
 678              		.section	.text.HAL_ADC_ConvCpltCallback,"ax",%progbits
 679              		.align	1
 680              		.global	HAL_ADC_ConvCpltCallback
 681              		.syntax unified
 682              		.thumb
 683              		.thumb_func
 685              	HAL_ADC_ConvCpltCallback:
 686              	.LVL36:
 687              	.LFB328:
 275:Core/Src/adc.c **** 
 276:Core/Src/adc.c **** /* USER CODE BEGIN 1 */
 277:Core/Src/adc.c **** uint32_t adcRawData[ADC_CHANNEL_COUNT];
 278:Core/Src/adc.c **** 
 279:Core/Src/adc.c **** void HAL_ADC_ConvCpltCallback(ADC_HandleTypeDef* hadc)
 280:Core/Src/adc.c **** {
 688              		.loc 1 280 1 is_stmt 1 view -0
 689              		.cfi_startproc
 690              		@ args = 0, pretend = 0, frame = 0
 691              		@ frame_needed = 0, uses_anonymous_args = 0
 692              		.loc 1 280 1 is_stmt 0 view .LVU230
 693 0000 08B5     		push	{r3, lr}
 694              		.cfi_def_cfa_offset 8
 695              		.cfi_offset 3, -8
 696              		.cfi_offset 14, -4
 281:Core/Src/adc.c ****     BaseType_t  checkIfYieldRequired;
 697              		.loc 1 281 5 is_stmt 1 view .LVU231
 282:Core/Src/adc.c **** 
 283:Core/Src/adc.c ****     /* Can be possibly changed to semaphore */
 284:Core/Src/adc.c ****     static portBASE_TYPE xHigherPriorityTaskWoken;
 698              		.loc 1 284 5 view .LVU232
 285:Core/Src/adc.c ****     xHigherPriorityTaskWoken = pdFALSE;
 699              		.loc 1 285 5 view .LVU233
 700              		.loc 1 285 30 is_stmt 0 view .LVU234
 701 0002 054B     		ldr	r3, .L45
 702 0004 0022     		movs	r2, #0
ARM GAS  C:\Users\Karol\AppData\Local\Temp\ccIE6Ct1.s 			page 20


 703 0006 1A60     		str	r2, [r3]
 286:Core/Src/adc.c **** 
 287:Core/Src/adc.c ****     if(adcConvReadySemaphore != NULL)
 704              		.loc 1 287 5 is_stmt 1 view .LVU235
 705              		.loc 1 287 30 is_stmt 0 view .LVU236
 706 0008 044B     		ldr	r3, .L45+4
 707 000a 1868     		ldr	r0, [r3]
 708              	.LVL37:
 709              		.loc 1 287 7 view .LVU237
 710 000c 10B1     		cbz	r0, .L42
 288:Core/Src/adc.c ****         xSemaphoreGiveFromISR(adcConvReadySemaphore, &xHigherPriorityTaskWoken);
 711              		.loc 1 288 9 is_stmt 1 view .LVU238
 712 000e 0249     		ldr	r1, .L45
 713 0010 FFF7FEFF 		bl	xQueueGiveFromISR
 714              	.LVL38:
 715              	.L42:
 289:Core/Src/adc.c **** }
 716              		.loc 1 289 1 is_stmt 0 view .LVU239
 717 0014 08BD     		pop	{r3, pc}
 718              	.L46:
 719 0016 00BF     		.align	2
 720              	.L45:
 721 0018 00000000 		.word	xHigherPriorityTaskWoken.0
 722 001c 00000000 		.word	adcConvReadySemaphore
 723              		.cfi_endproc
 724              	.LFE328:
 726              		.section	.text.adcStart,"ax",%progbits
 727              		.align	1
 728              		.global	adcStart
 729              		.syntax unified
 730              		.thumb
 731              		.thumb_func
 733              	adcStart:
 734              	.LFB329:
 290:Core/Src/adc.c **** 
 291:Core/Src/adc.c **** void adcStart()
 292:Core/Src/adc.c **** {
 735              		.loc 1 292 1 is_stmt 1 view -0
 736              		.cfi_startproc
 737              		@ args = 0, pretend = 0, frame = 0
 738              		@ frame_needed = 0, uses_anonymous_args = 0
 739 0000 08B5     		push	{r3, lr}
 740              		.cfi_def_cfa_offset 8
 741              		.cfi_offset 3, -8
 742              		.cfi_offset 14, -4
 293:Core/Src/adc.c ****     /* Timer 3 configured to execute ADC conversion each 5ms */
 294:Core/Src/adc.c ****     HAL_TIM_Base_Start(&htim8);
 743              		.loc 1 294 5 view .LVU241
 744 0002 0448     		ldr	r0, .L49
 745 0004 FFF7FEFF 		bl	HAL_TIM_Base_Start
 746              	.LVL39:
 295:Core/Src/adc.c **** 
 296:Core/Src/adc.c ****     /* Start ADC in DMA mode */
 297:Core/Src/adc.c ****     HAL_ADC_Start_DMA(&hadc2, adcRawData, ADC_CHANNEL_COUNT);
 747              		.loc 1 297 5 view .LVU242
 748 0008 0822     		movs	r2, #8
 749 000a 0349     		ldr	r1, .L49+4
ARM GAS  C:\Users\Karol\AppData\Local\Temp\ccIE6Ct1.s 			page 21


 750 000c 0348     		ldr	r0, .L49+8
 751 000e FFF7FEFF 		bl	HAL_ADC_Start_DMA
 752              	.LVL40:
 298:Core/Src/adc.c **** }
 753              		.loc 1 298 1 is_stmt 0 view .LVU243
 754 0012 08BD     		pop	{r3, pc}
 755              	.L50:
 756              		.align	2
 757              	.L49:
 758 0014 00000000 		.word	htim8
 759 0018 00000000 		.word	adcRawData
 760 001c 00000000 		.word	hadc2
 761              		.cfi_endproc
 762              	.LFE329:
 764              		.section	.text.adcTaskStart,"ax",%progbits
 765              		.align	1
 766              		.global	adcTaskStart
 767              		.syntax unified
 768              		.thumb
 769              		.thumb_func
 771              	adcTaskStart:
 772              	.LVL41:
 773              	.LFB330:
 299:Core/Src/adc.c **** 
 300:Core/Src/adc.c **** 
 301:Core/Src/adc.c **** void adcTaskStart(void *argument)
 302:Core/Src/adc.c **** {
 774              		.loc 1 302 1 is_stmt 1 view -0
 775              		.cfi_startproc
 776              		@ Volatile: function does not return.
 777              		@ args = 0, pretend = 0, frame = 0
 778              		@ frame_needed = 0, uses_anonymous_args = 0
 779              		.loc 1 302 1 is_stmt 0 view .LVU245
 780 0000 08B5     		push	{r3, lr}
 781              		.cfi_def_cfa_offset 8
 782              		.cfi_offset 3, -8
 783              		.cfi_offset 14, -4
 303:Core/Src/adc.c ****     /* USER CODE BEGIN adcTaskStart */
 304:Core/Src/adc.c ****     adcConvReadySemaphore = xSemaphoreCreateBinary();
 784              		.loc 1 304 5 is_stmt 1 view .LVU246
 785              		.loc 1 304 29 is_stmt 0 view .LVU247
 786 0002 0322     		movs	r2, #3
 787 0004 0021     		movs	r1, #0
 788 0006 0120     		movs	r0, #1
 789              	.LVL42:
 790              		.loc 1 304 29 view .LVU248
 791 0008 FFF7FEFF 		bl	xQueueGenericCreate
 792              	.LVL43:
 793              		.loc 1 304 27 view .LVU249
 794 000c 074B     		ldr	r3, .L56
 795 000e 1860     		str	r0, [r3]
 305:Core/Src/adc.c ****     if(adcConvReadySemaphore == NULL)
 796              		.loc 1 305 5 is_stmt 1 view .LVU250
 797              		.loc 1 305 7 is_stmt 0 view .LVU251
 798 0010 48B1     		cbz	r0, .L55
 799              	.L52:
 306:Core/Src/adc.c ****         /* Error creating semaphore -> heap too small [?] */
ARM GAS  C:\Users\Karol\AppData\Local\Temp\ccIE6Ct1.s 			page 22


 307:Core/Src/adc.c ****         __NOP();
 308:Core/Src/adc.c **** 
 309:Core/Src/adc.c ****     adcTaskHandleLocal = xTaskGetCurrentTaskHandle();
 800              		.loc 1 309 5 is_stmt 1 view .LVU252
 801              		.loc 1 309 26 is_stmt 0 view .LVU253
 802 0012 FFF7FEFF 		bl	xTaskGetCurrentTaskHandle
 803              	.LVL44:
 804              		.loc 1 309 24 view .LVU254
 805 0016 064B     		ldr	r3, .L56+4
 806 0018 1860     		str	r0, [r3]
 310:Core/Src/adc.c ****     adcStart();
 807              		.loc 1 310 5 is_stmt 1 view .LVU255
 808 001a FFF7FEFF 		bl	adcStart
 809              	.LVL45:
 810              	.L53:
 311:Core/Src/adc.c ****     /* Infinite loop */
 312:Core/Src/adc.c ****     for(;;)
 811              		.loc 1 312 5 discriminator 1 view .LVU256
 313:Core/Src/adc.c ****     {
 314:Core/Src/adc.c ****         vTaskSuspend(NULL);
 812              		.loc 1 314 9 discriminator 1 view .LVU257
 813 001e 0020     		movs	r0, #0
 814 0020 FFF7FEFF 		bl	vTaskSuspend
 815              	.LVL46:
 312:Core/Src/adc.c ****     {
 816              		.loc 1 312 5 discriminator 1 view .LVU258
 817 0024 FBE7     		b	.L53
 818              	.L55:
 307:Core/Src/adc.c **** 
 819              		.loc 1 307 9 view .LVU259
 820              		.syntax unified
 821              	@ 307 "Core/Src/adc.c" 1
 822 0026 00BF     		nop
 823              	@ 0 "" 2
 824              		.thumb
 825              		.syntax unified
 826 0028 F3E7     		b	.L52
 827              	.L57:
 828 002a 00BF     		.align	2
 829              	.L56:
 830 002c 00000000 		.word	adcConvReadySemaphore
 831 0030 00000000 		.word	adcTaskHandleLocal
 832              		.cfi_endproc
 833              	.LFE330:
 835              		.section	.bss.xHigherPriorityTaskWoken.0,"aw",%nobits
 836              		.align	2
 839              	xHigherPriorityTaskWoken.0:
 840 0000 00000000 		.space	4
 841              		.global	adcRawData
 842              		.section	.bss.adcRawData,"aw",%nobits
 843              		.align	2
 846              	adcRawData:
 847 0000 00000000 		.space	32
 847      00000000 
 847      00000000 
 847      00000000 
 847      00000000 
ARM GAS  C:\Users\Karol\AppData\Local\Temp\ccIE6Ct1.s 			page 23


 848              		.global	hdma_adc2
 849              		.section	.bss.hdma_adc2,"aw",%nobits
 850              		.align	2
 853              	hdma_adc2:
 854 0000 00000000 		.space	72
 854      00000000 
 854      00000000 
 854      00000000 
 854      00000000 
 855              		.global	hadc2
 856              		.section	.bss.hadc2,"aw",%nobits
 857              		.align	2
 860              	hadc2:
 861 0000 00000000 		.space	104
 861      00000000 
 861      00000000 
 861      00000000 
 861      00000000 
 862              		.global	adcConvReadySemaphore
 863              		.section	.bss.adcConvReadySemaphore,"aw",%nobits
 864              		.align	2
 867              	adcConvReadySemaphore:
 868 0000 00000000 		.space	4
 869              		.global	adcTaskHandleLocal
 870              		.section	.bss.adcTaskHandleLocal,"aw",%nobits
 871              		.align	2
 874              	adcTaskHandleLocal:
 875 0000 00000000 		.space	4
 876              		.text
 877              	.Letext0:
 878              		.file 2 "c:\\users\\karol\\appdata\\roaming\\code\\user\\globalstorage\\bmd.stm32-for-vscode\\@xpa
 879              		.file 3 "c:\\users\\karol\\appdata\\roaming\\code\\user\\globalstorage\\bmd.stm32-for-vscode\\@xpa
 880              		.file 4 "Drivers/CMSIS/Device/ST/STM32L4xx/Include/stm32l496xx.h"
 881              		.file 5 "Drivers/CMSIS/Device/ST/STM32L4xx/Include/stm32l4xx.h"
 882              		.file 6 "Drivers/STM32L4xx_HAL_Driver/Inc/stm32l4xx_hal_def.h"
 883              		.file 7 "Drivers/STM32L4xx_HAL_Driver/Inc/stm32l4xx_hal_rcc_ex.h"
 884              		.file 8 "Drivers/STM32L4xx_HAL_Driver/Inc/stm32l4xx_hal_gpio.h"
 885              		.file 9 "Drivers/STM32L4xx_HAL_Driver/Inc/stm32l4xx_hal_dma.h"
 886              		.file 10 "Drivers/STM32L4xx_HAL_Driver/Inc/stm32l4xx_hal_adc.h"
 887              		.file 11 "Drivers/STM32L4xx_HAL_Driver/Inc/stm32l4xx_hal_tim.h"
 888              		.file 12 "Middlewares/Third_Party/FreeRTOS/Source/portable/GCC/ARM_CM4F/portmacro.h"
 889              		.file 13 "Middlewares/Third_Party/FreeRTOS/Source/include/task.h"
 890              		.file 14 "Core/Inc/adc.h"
 891              		.file 15 "Core/Inc/tim.h"
 892              		.file 16 "Middlewares/Third_Party/FreeRTOS/Source/include/queue.h"
 893              		.file 17 "Middlewares/Third_Party/FreeRTOS/Source/include/semphr.h"
 894              		.file 18 "Core/Inc/main.h"
 895              		.file 19 "<built-in>"
ARM GAS  C:\Users\Karol\AppData\Local\Temp\ccIE6Ct1.s 			page 24


DEFINED SYMBOLS
                            *ABS*:00000000 adc.c
C:\Users\Karol\AppData\Local\Temp\ccIE6Ct1.s:21     .text.MX_ADC2_Init:00000000 $t
C:\Users\Karol\AppData\Local\Temp\ccIE6Ct1.s:27     .text.MX_ADC2_Init:00000000 MX_ADC2_Init
C:\Users\Karol\AppData\Local\Temp\ccIE6Ct1.s:318    .text.MX_ADC2_Init:0000013c $d
C:\Users\Karol\AppData\Local\Temp\ccIE6Ct1.s:860    .bss.hadc2:00000000 hadc2
C:\Users\Karol\AppData\Local\Temp\ccIE6Ct1.s:332    .text.HAL_ADC_MspInit:00000000 $t
C:\Users\Karol\AppData\Local\Temp\ccIE6Ct1.s:338    .text.HAL_ADC_MspInit:00000000 HAL_ADC_MspInit
C:\Users\Karol\AppData\Local\Temp\ccIE6Ct1.s:600    .text.HAL_ADC_MspInit:00000110 $d
C:\Users\Karol\AppData\Local\Temp\ccIE6Ct1.s:853    .bss.hdma_adc2:00000000 hdma_adc2
C:\Users\Karol\AppData\Local\Temp\ccIE6Ct1.s:610    .text.HAL_ADC_MspDeInit:00000000 $t
C:\Users\Karol\AppData\Local\Temp\ccIE6Ct1.s:616    .text.HAL_ADC_MspDeInit:00000000 HAL_ADC_MspDeInit
C:\Users\Karol\AppData\Local\Temp\ccIE6Ct1.s:671    .text.HAL_ADC_MspDeInit:0000003c $d
C:\Users\Karol\AppData\Local\Temp\ccIE6Ct1.s:679    .text.HAL_ADC_ConvCpltCallback:00000000 $t
C:\Users\Karol\AppData\Local\Temp\ccIE6Ct1.s:685    .text.HAL_ADC_ConvCpltCallback:00000000 HAL_ADC_ConvCpltCallback
C:\Users\Karol\AppData\Local\Temp\ccIE6Ct1.s:721    .text.HAL_ADC_ConvCpltCallback:00000018 $d
C:\Users\Karol\AppData\Local\Temp\ccIE6Ct1.s:839    .bss.xHigherPriorityTaskWoken.0:00000000 xHigherPriorityTaskWoken.0
C:\Users\Karol\AppData\Local\Temp\ccIE6Ct1.s:867    .bss.adcConvReadySemaphore:00000000 adcConvReadySemaphore
C:\Users\Karol\AppData\Local\Temp\ccIE6Ct1.s:727    .text.adcStart:00000000 $t
C:\Users\Karol\AppData\Local\Temp\ccIE6Ct1.s:733    .text.adcStart:00000000 adcStart
C:\Users\Karol\AppData\Local\Temp\ccIE6Ct1.s:758    .text.adcStart:00000014 $d
C:\Users\Karol\AppData\Local\Temp\ccIE6Ct1.s:846    .bss.adcRawData:00000000 adcRawData
C:\Users\Karol\AppData\Local\Temp\ccIE6Ct1.s:765    .text.adcTaskStart:00000000 $t
C:\Users\Karol\AppData\Local\Temp\ccIE6Ct1.s:771    .text.adcTaskStart:00000000 adcTaskStart
C:\Users\Karol\AppData\Local\Temp\ccIE6Ct1.s:830    .text.adcTaskStart:0000002c $d
C:\Users\Karol\AppData\Local\Temp\ccIE6Ct1.s:874    .bss.adcTaskHandleLocal:00000000 adcTaskHandleLocal
C:\Users\Karol\AppData\Local\Temp\ccIE6Ct1.s:836    .bss.xHigherPriorityTaskWoken.0:00000000 $d
C:\Users\Karol\AppData\Local\Temp\ccIE6Ct1.s:843    .bss.adcRawData:00000000 $d
C:\Users\Karol\AppData\Local\Temp\ccIE6Ct1.s:850    .bss.hdma_adc2:00000000 $d
C:\Users\Karol\AppData\Local\Temp\ccIE6Ct1.s:857    .bss.hadc2:00000000 $d
C:\Users\Karol\AppData\Local\Temp\ccIE6Ct1.s:864    .bss.adcConvReadySemaphore:00000000 $d
C:\Users\Karol\AppData\Local\Temp\ccIE6Ct1.s:871    .bss.adcTaskHandleLocal:00000000 $d

UNDEFINED SYMBOLS
HAL_ADC_Init
HAL_ADC_ConfigChannel
Error_Handler
memset
HAL_RCCEx_PeriphCLKConfig
HAL_GPIO_Init
HAL_DMA_Init
HAL_GPIO_DeInit
HAL_DMA_DeInit
xQueueGiveFromISR
HAL_TIM_Base_Start
HAL_ADC_Start_DMA
htim8
xQueueGenericCreate
xTaskGetCurrentTaskHandle
vTaskSuspend
