ARM GAS  C:\Users\Karol\AppData\Local\Temp\ccODeFq7.s 			page 1


   1              		.cpu cortex-m4
   2              		.arch armv7e-m
   3              		.fpu fpv4-sp-d16
   4              		.eabi_attribute 27, 1
   5              		.eabi_attribute 28, 1
   6              		.eabi_attribute 20, 1
   7              		.eabi_attribute 21, 1
   8              		.eabi_attribute 23, 3
   9              		.eabi_attribute 24, 1
  10              		.eabi_attribute 25, 1
  11              		.eabi_attribute 26, 1
  12              		.eabi_attribute 30, 1
  13              		.eabi_attribute 34, 1
  14              		.eabi_attribute 18, 4
  15              		.file	"can.c"
  16              		.text
  17              	.Ltext0:
  18              		.cfi_sections	.debug_frame
  19              		.file 1 "Core/Src/can.c"
  20              		.section	.text.MX_CAN1_Init,"ax",%progbits
  21              		.align	1
  22              		.global	MX_CAN1_Init
  23              		.syntax unified
  24              		.thumb
  25              		.thumb_func
  27              	MX_CAN1_Init:
  28              	.LFB321:
   1:Core/Src/can.c **** /* USER CODE BEGIN Header */
   2:Core/Src/can.c **** /**
   3:Core/Src/can.c ****   ******************************************************************************
   4:Core/Src/can.c ****   * @file    can.c
   5:Core/Src/can.c ****   * @brief   This file provides code for the configuration
   6:Core/Src/can.c ****   *          of the CAN instances.
   7:Core/Src/can.c ****   ******************************************************************************
   8:Core/Src/can.c ****   * @attention
   9:Core/Src/can.c ****   *
  10:Core/Src/can.c ****   * Copyright (c) 2023 STMicroelectronics.
  11:Core/Src/can.c ****   * All rights reserved.
  12:Core/Src/can.c ****   *
  13:Core/Src/can.c ****   * This software is licensed under terms that can be found in the LICENSE file
  14:Core/Src/can.c ****   * in the root directory of this software component.
  15:Core/Src/can.c ****   * If no LICENSE file comes with this software, it is provided AS-IS.
  16:Core/Src/can.c ****   *
  17:Core/Src/can.c ****   ******************************************************************************
  18:Core/Src/can.c ****   */
  19:Core/Src/can.c **** /* USER CODE END Header */
  20:Core/Src/can.c **** /* Includes ------------------------------------------------------------------*/
  21:Core/Src/can.c **** #include "can.h"
  22:Core/Src/can.c **** 
  23:Core/Src/can.c **** /* USER CODE BEGIN 0 */
  24:Core/Src/can.c **** 
  25:Core/Src/can.c **** /* USER CODE END 0 */
  26:Core/Src/can.c **** 
  27:Core/Src/can.c **** CAN_HandleTypeDef hcan1;
  28:Core/Src/can.c **** CAN_HandleTypeDef hcan2;
  29:Core/Src/can.c **** 
  30:Core/Src/can.c **** /* CAN1 init function */
ARM GAS  C:\Users\Karol\AppData\Local\Temp\ccODeFq7.s 			page 2


  31:Core/Src/can.c **** void MX_CAN1_Init(void)
  32:Core/Src/can.c **** {
  29              		.loc 1 32 1 view -0
  30              		.cfi_startproc
  31              		@ args = 0, pretend = 0, frame = 0
  32              		@ frame_needed = 0, uses_anonymous_args = 0
  33 0000 08B5     		push	{r3, lr}
  34              		.cfi_def_cfa_offset 8
  35              		.cfi_offset 3, -8
  36              		.cfi_offset 14, -4
  33:Core/Src/can.c **** 
  34:Core/Src/can.c ****   /* USER CODE BEGIN CAN1_Init 0 */
  35:Core/Src/can.c **** 
  36:Core/Src/can.c ****   /* USER CODE END CAN1_Init 0 */
  37:Core/Src/can.c **** 
  38:Core/Src/can.c ****   /* USER CODE BEGIN CAN1_Init 1 */
  39:Core/Src/can.c **** 
  40:Core/Src/can.c ****   /* USER CODE END CAN1_Init 1 */
  41:Core/Src/can.c ****   hcan1.Instance = CAN1;
  37              		.loc 1 41 3 view .LVU1
  38              		.loc 1 41 18 is_stmt 0 view .LVU2
  39 0002 0C48     		ldr	r0, .L5
  40 0004 0C4B     		ldr	r3, .L5+4
  41 0006 0360     		str	r3, [r0]
  42:Core/Src/can.c ****   hcan1.Init.Prescaler = 4;
  42              		.loc 1 42 3 is_stmt 1 view .LVU3
  43              		.loc 1 42 24 is_stmt 0 view .LVU4
  44 0008 0423     		movs	r3, #4
  45 000a 4360     		str	r3, [r0, #4]
  43:Core/Src/can.c ****   hcan1.Init.Mode = CAN_MODE_NORMAL;
  46              		.loc 1 43 3 is_stmt 1 view .LVU5
  47              		.loc 1 43 19 is_stmt 0 view .LVU6
  48 000c 0023     		movs	r3, #0
  49 000e 8360     		str	r3, [r0, #8]
  44:Core/Src/can.c ****   hcan1.Init.SyncJumpWidth = CAN_SJW_1TQ;
  50              		.loc 1 44 3 is_stmt 1 view .LVU7
  51              		.loc 1 44 28 is_stmt 0 view .LVU8
  52 0010 C360     		str	r3, [r0, #12]
  45:Core/Src/can.c ****   hcan1.Init.TimeSeg1 = CAN_BS1_2TQ;
  53              		.loc 1 45 3 is_stmt 1 view .LVU9
  54              		.loc 1 45 23 is_stmt 0 view .LVU10
  55 0012 4FF48032 		mov	r2, #65536
  56 0016 0261     		str	r2, [r0, #16]
  46:Core/Src/can.c ****   hcan1.Init.TimeSeg2 = CAN_BS2_1TQ;
  57              		.loc 1 46 3 is_stmt 1 view .LVU11
  58              		.loc 1 46 23 is_stmt 0 view .LVU12
  59 0018 4361     		str	r3, [r0, #20]
  47:Core/Src/can.c ****   hcan1.Init.TimeTriggeredMode = DISABLE;
  60              		.loc 1 47 3 is_stmt 1 view .LVU13
  61              		.loc 1 47 32 is_stmt 0 view .LVU14
  62 001a 0376     		strb	r3, [r0, #24]
  48:Core/Src/can.c ****   hcan1.Init.AutoBusOff = DISABLE;
  63              		.loc 1 48 3 is_stmt 1 view .LVU15
  64              		.loc 1 48 25 is_stmt 0 view .LVU16
  65 001c 4376     		strb	r3, [r0, #25]
  49:Core/Src/can.c ****   hcan1.Init.AutoWakeUp = DISABLE;
  66              		.loc 1 49 3 is_stmt 1 view .LVU17
ARM GAS  C:\Users\Karol\AppData\Local\Temp\ccODeFq7.s 			page 3


  67              		.loc 1 49 25 is_stmt 0 view .LVU18
  68 001e 8376     		strb	r3, [r0, #26]
  50:Core/Src/can.c ****   hcan1.Init.AutoRetransmission = DISABLE;
  69              		.loc 1 50 3 is_stmt 1 view .LVU19
  70              		.loc 1 50 33 is_stmt 0 view .LVU20
  71 0020 C376     		strb	r3, [r0, #27]
  51:Core/Src/can.c ****   hcan1.Init.ReceiveFifoLocked = DISABLE;
  72              		.loc 1 51 3 is_stmt 1 view .LVU21
  73              		.loc 1 51 32 is_stmt 0 view .LVU22
  74 0022 0377     		strb	r3, [r0, #28]
  52:Core/Src/can.c ****   hcan1.Init.TransmitFifoPriority = DISABLE;
  75              		.loc 1 52 3 is_stmt 1 view .LVU23
  76              		.loc 1 52 35 is_stmt 0 view .LVU24
  77 0024 4377     		strb	r3, [r0, #29]
  53:Core/Src/can.c ****   if (HAL_CAN_Init(&hcan1) != HAL_OK)
  78              		.loc 1 53 3 is_stmt 1 view .LVU25
  79              		.loc 1 53 7 is_stmt 0 view .LVU26
  80 0026 FFF7FEFF 		bl	HAL_CAN_Init
  81              	.LVL0:
  82              		.loc 1 53 6 view .LVU27
  83 002a 00B9     		cbnz	r0, .L4
  84              	.L1:
  54:Core/Src/can.c ****   {
  55:Core/Src/can.c ****     Error_Handler();
  56:Core/Src/can.c ****   }
  57:Core/Src/can.c ****   /* USER CODE BEGIN CAN1_Init 2 */
  58:Core/Src/can.c **** 
  59:Core/Src/can.c ****   /* USER CODE END CAN1_Init 2 */
  60:Core/Src/can.c **** 
  61:Core/Src/can.c **** }
  85              		.loc 1 61 1 view .LVU28
  86 002c 08BD     		pop	{r3, pc}
  87              	.L4:
  55:Core/Src/can.c ****   }
  88              		.loc 1 55 5 is_stmt 1 view .LVU29
  89 002e FFF7FEFF 		bl	Error_Handler
  90              	.LVL1:
  91              		.loc 1 61 1 is_stmt 0 view .LVU30
  92 0032 FBE7     		b	.L1
  93              	.L6:
  94              		.align	2
  95              	.L5:
  96 0034 00000000 		.word	hcan1
  97 0038 00640040 		.word	1073767424
  98              		.cfi_endproc
  99              	.LFE321:
 101              		.section	.text.MX_CAN2_Init,"ax",%progbits
 102              		.align	1
 103              		.global	MX_CAN2_Init
 104              		.syntax unified
 105              		.thumb
 106              		.thumb_func
 108              	MX_CAN2_Init:
 109              	.LFB322:
  62:Core/Src/can.c **** /* CAN2 init function */
  63:Core/Src/can.c **** void MX_CAN2_Init(void)
  64:Core/Src/can.c **** {
ARM GAS  C:\Users\Karol\AppData\Local\Temp\ccODeFq7.s 			page 4


 110              		.loc 1 64 1 is_stmt 1 view -0
 111              		.cfi_startproc
 112              		@ args = 0, pretend = 0, frame = 0
 113              		@ frame_needed = 0, uses_anonymous_args = 0
 114 0000 08B5     		push	{r3, lr}
 115              		.cfi_def_cfa_offset 8
 116              		.cfi_offset 3, -8
 117              		.cfi_offset 14, -4
  65:Core/Src/can.c **** 
  66:Core/Src/can.c ****   /* USER CODE BEGIN CAN2_Init 0 */
  67:Core/Src/can.c **** 
  68:Core/Src/can.c ****   /* USER CODE END CAN2_Init 0 */
  69:Core/Src/can.c **** 
  70:Core/Src/can.c ****   /* USER CODE BEGIN CAN2_Init 1 */
  71:Core/Src/can.c **** 
  72:Core/Src/can.c ****   /* USER CODE END CAN2_Init 1 */
  73:Core/Src/can.c ****   hcan2.Instance = CAN2;
 118              		.loc 1 73 3 view .LVU32
 119              		.loc 1 73 18 is_stmt 0 view .LVU33
 120 0002 0C48     		ldr	r0, .L11
 121 0004 0C4B     		ldr	r3, .L11+4
 122 0006 0360     		str	r3, [r0]
  74:Core/Src/can.c ****   hcan2.Init.Prescaler = 4;
 123              		.loc 1 74 3 is_stmt 1 view .LVU34
 124              		.loc 1 74 24 is_stmt 0 view .LVU35
 125 0008 0423     		movs	r3, #4
 126 000a 4360     		str	r3, [r0, #4]
  75:Core/Src/can.c ****   hcan2.Init.Mode = CAN_MODE_NORMAL;
 127              		.loc 1 75 3 is_stmt 1 view .LVU36
 128              		.loc 1 75 19 is_stmt 0 view .LVU37
 129 000c 0023     		movs	r3, #0
 130 000e 8360     		str	r3, [r0, #8]
  76:Core/Src/can.c ****   hcan2.Init.SyncJumpWidth = CAN_SJW_1TQ;
 131              		.loc 1 76 3 is_stmt 1 view .LVU38
 132              		.loc 1 76 28 is_stmt 0 view .LVU39
 133 0010 C360     		str	r3, [r0, #12]
  77:Core/Src/can.c ****   hcan2.Init.TimeSeg1 = CAN_BS1_2TQ;
 134              		.loc 1 77 3 is_stmt 1 view .LVU40
 135              		.loc 1 77 23 is_stmt 0 view .LVU41
 136 0012 4FF48032 		mov	r2, #65536
 137 0016 0261     		str	r2, [r0, #16]
  78:Core/Src/can.c ****   hcan2.Init.TimeSeg2 = CAN_BS2_1TQ;
 138              		.loc 1 78 3 is_stmt 1 view .LVU42
 139              		.loc 1 78 23 is_stmt 0 view .LVU43
 140 0018 4361     		str	r3, [r0, #20]
  79:Core/Src/can.c ****   hcan2.Init.TimeTriggeredMode = DISABLE;
 141              		.loc 1 79 3 is_stmt 1 view .LVU44
 142              		.loc 1 79 32 is_stmt 0 view .LVU45
 143 001a 0376     		strb	r3, [r0, #24]
  80:Core/Src/can.c ****   hcan2.Init.AutoBusOff = DISABLE;
 144              		.loc 1 80 3 is_stmt 1 view .LVU46
 145              		.loc 1 80 25 is_stmt 0 view .LVU47
 146 001c 4376     		strb	r3, [r0, #25]
  81:Core/Src/can.c ****   hcan2.Init.AutoWakeUp = DISABLE;
 147              		.loc 1 81 3 is_stmt 1 view .LVU48
 148              		.loc 1 81 25 is_stmt 0 view .LVU49
 149 001e 8376     		strb	r3, [r0, #26]
ARM GAS  C:\Users\Karol\AppData\Local\Temp\ccODeFq7.s 			page 5


  82:Core/Src/can.c ****   hcan2.Init.AutoRetransmission = DISABLE;
 150              		.loc 1 82 3 is_stmt 1 view .LVU50
 151              		.loc 1 82 33 is_stmt 0 view .LVU51
 152 0020 C376     		strb	r3, [r0, #27]
  83:Core/Src/can.c ****   hcan2.Init.ReceiveFifoLocked = DISABLE;
 153              		.loc 1 83 3 is_stmt 1 view .LVU52
 154              		.loc 1 83 32 is_stmt 0 view .LVU53
 155 0022 0377     		strb	r3, [r0, #28]
  84:Core/Src/can.c ****   hcan2.Init.TransmitFifoPriority = DISABLE;
 156              		.loc 1 84 3 is_stmt 1 view .LVU54
 157              		.loc 1 84 35 is_stmt 0 view .LVU55
 158 0024 4377     		strb	r3, [r0, #29]
  85:Core/Src/can.c ****   if (HAL_CAN_Init(&hcan2) != HAL_OK)
 159              		.loc 1 85 3 is_stmt 1 view .LVU56
 160              		.loc 1 85 7 is_stmt 0 view .LVU57
 161 0026 FFF7FEFF 		bl	HAL_CAN_Init
 162              	.LVL2:
 163              		.loc 1 85 6 view .LVU58
 164 002a 00B9     		cbnz	r0, .L10
 165              	.L7:
  86:Core/Src/can.c ****   {
  87:Core/Src/can.c ****     Error_Handler();
  88:Core/Src/can.c ****   }
  89:Core/Src/can.c ****   /* USER CODE BEGIN CAN2_Init 2 */
  90:Core/Src/can.c **** 
  91:Core/Src/can.c ****   /* USER CODE END CAN2_Init 2 */
  92:Core/Src/can.c **** 
  93:Core/Src/can.c **** }
 166              		.loc 1 93 1 view .LVU59
 167 002c 08BD     		pop	{r3, pc}
 168              	.L10:
  87:Core/Src/can.c ****   }
 169              		.loc 1 87 5 is_stmt 1 view .LVU60
 170 002e FFF7FEFF 		bl	Error_Handler
 171              	.LVL3:
 172              		.loc 1 93 1 is_stmt 0 view .LVU61
 173 0032 FBE7     		b	.L7
 174              	.L12:
 175              		.align	2
 176              	.L11:
 177 0034 00000000 		.word	hcan2
 178 0038 00680040 		.word	1073768448
 179              		.cfi_endproc
 180              	.LFE322:
 182              		.section	.text.HAL_CAN_MspInit,"ax",%progbits
 183              		.align	1
 184              		.global	HAL_CAN_MspInit
 185              		.syntax unified
 186              		.thumb
 187              		.thumb_func
 189              	HAL_CAN_MspInit:
 190              	.LVL4:
 191              	.LFB323:
  94:Core/Src/can.c **** 
  95:Core/Src/can.c **** static uint32_t HAL_RCC_CAN1_CLK_ENABLED=0;
  96:Core/Src/can.c **** 
  97:Core/Src/can.c **** void HAL_CAN_MspInit(CAN_HandleTypeDef* canHandle)
ARM GAS  C:\Users\Karol\AppData\Local\Temp\ccODeFq7.s 			page 6


  98:Core/Src/can.c **** {
 192              		.loc 1 98 1 is_stmt 1 view -0
 193              		.cfi_startproc
 194              		@ args = 0, pretend = 0, frame = 40
 195              		@ frame_needed = 0, uses_anonymous_args = 0
 196              		.loc 1 98 1 is_stmt 0 view .LVU63
 197 0000 70B5     		push	{r4, r5, r6, lr}
 198              		.cfi_def_cfa_offset 16
 199              		.cfi_offset 4, -16
 200              		.cfi_offset 5, -12
 201              		.cfi_offset 6, -8
 202              		.cfi_offset 14, -4
 203 0002 8AB0     		sub	sp, sp, #40
 204              		.cfi_def_cfa_offset 56
  99:Core/Src/can.c **** 
 100:Core/Src/can.c ****   GPIO_InitTypeDef GPIO_InitStruct = {0};
 205              		.loc 1 100 3 is_stmt 1 view .LVU64
 206              		.loc 1 100 20 is_stmt 0 view .LVU65
 207 0004 0023     		movs	r3, #0
 208 0006 0593     		str	r3, [sp, #20]
 209 0008 0693     		str	r3, [sp, #24]
 210 000a 0793     		str	r3, [sp, #28]
 211 000c 0893     		str	r3, [sp, #32]
 212 000e 0993     		str	r3, [sp, #36]
 101:Core/Src/can.c ****   if(canHandle->Instance==CAN1)
 213              		.loc 1 101 3 is_stmt 1 view .LVU66
 214              		.loc 1 101 15 is_stmt 0 view .LVU67
 215 0010 0368     		ldr	r3, [r0]
 216              		.loc 1 101 5 view .LVU68
 217 0012 374A     		ldr	r2, .L23
 218 0014 9342     		cmp	r3, r2
 219 0016 04D0     		beq	.L19
 102:Core/Src/can.c ****   {
 103:Core/Src/can.c ****   /* USER CODE BEGIN CAN1_MspInit 0 */
 104:Core/Src/can.c **** 
 105:Core/Src/can.c ****   /* USER CODE END CAN1_MspInit 0 */
 106:Core/Src/can.c ****     /* CAN1 clock enable */
 107:Core/Src/can.c ****     HAL_RCC_CAN1_CLK_ENABLED++;
 108:Core/Src/can.c ****     if(HAL_RCC_CAN1_CLK_ENABLED==1){
 109:Core/Src/can.c ****       __HAL_RCC_CAN1_CLK_ENABLE();
 110:Core/Src/can.c ****     }
 111:Core/Src/can.c **** 
 112:Core/Src/can.c ****     __HAL_RCC_GPIOB_CLK_ENABLE();
 113:Core/Src/can.c ****     /**CAN1 GPIO Configuration
 114:Core/Src/can.c ****     PB8     ------> CAN1_RX
 115:Core/Src/can.c ****     PB9     ------> CAN1_TX
 116:Core/Src/can.c ****     */
 117:Core/Src/can.c ****     GPIO_InitStruct.Pin = GPIO_PIN_8|GPIO_PIN_9;
 118:Core/Src/can.c ****     GPIO_InitStruct.Mode = GPIO_MODE_AF_PP;
 119:Core/Src/can.c ****     GPIO_InitStruct.Pull = GPIO_NOPULL;
 120:Core/Src/can.c ****     GPIO_InitStruct.Speed = GPIO_SPEED_FREQ_VERY_HIGH;
 121:Core/Src/can.c ****     GPIO_InitStruct.Alternate = GPIO_AF9_CAN1;
 122:Core/Src/can.c ****     HAL_GPIO_Init(GPIOB, &GPIO_InitStruct);
 123:Core/Src/can.c **** 
 124:Core/Src/can.c ****   /* USER CODE BEGIN CAN1_MspInit 1 */
 125:Core/Src/can.c **** 
 126:Core/Src/can.c ****   /* USER CODE END CAN1_MspInit 1 */
ARM GAS  C:\Users\Karol\AppData\Local\Temp\ccODeFq7.s 			page 7


 127:Core/Src/can.c ****   }
 128:Core/Src/can.c ****   else if(canHandle->Instance==CAN2)
 220              		.loc 1 128 8 is_stmt 1 view .LVU69
 221              		.loc 1 128 10 is_stmt 0 view .LVU70
 222 0018 364A     		ldr	r2, .L23+4
 223 001a 9342     		cmp	r3, r2
 224 001c 2AD0     		beq	.L20
 225              	.LVL5:
 226              	.L13:
 129:Core/Src/can.c ****   {
 130:Core/Src/can.c ****   /* USER CODE BEGIN CAN2_MspInit 0 */
 131:Core/Src/can.c **** 
 132:Core/Src/can.c ****   /* USER CODE END CAN2_MspInit 0 */
 133:Core/Src/can.c ****     /* CAN2 clock enable */
 134:Core/Src/can.c ****     __HAL_RCC_CAN2_CLK_ENABLE();
 135:Core/Src/can.c ****     HAL_RCC_CAN1_CLK_ENABLED++;
 136:Core/Src/can.c ****     if(HAL_RCC_CAN1_CLK_ENABLED==1){
 137:Core/Src/can.c ****       __HAL_RCC_CAN1_CLK_ENABLE();
 138:Core/Src/can.c ****     }
 139:Core/Src/can.c **** 
 140:Core/Src/can.c ****     __HAL_RCC_GPIOB_CLK_ENABLE();
 141:Core/Src/can.c ****     /**CAN2 GPIO Configuration
 142:Core/Src/can.c ****     PB5     ------> CAN2_RX
 143:Core/Src/can.c ****     PB6     ------> CAN2_TX
 144:Core/Src/can.c ****     */
 145:Core/Src/can.c ****     GPIO_InitStruct.Pin = GPIO_PIN_5;
 146:Core/Src/can.c ****     GPIO_InitStruct.Mode = GPIO_MODE_AF_PP;
 147:Core/Src/can.c ****     GPIO_InitStruct.Pull = GPIO_NOPULL;
 148:Core/Src/can.c ****     GPIO_InitStruct.Speed = GPIO_SPEED_FREQ_VERY_HIGH;
 149:Core/Src/can.c ****     GPIO_InitStruct.Alternate = GPIO_AF3_CAN2;
 150:Core/Src/can.c ****     HAL_GPIO_Init(GPIOB, &GPIO_InitStruct);
 151:Core/Src/can.c **** 
 152:Core/Src/can.c ****     GPIO_InitStruct.Pin = GPIO_PIN_6;
 153:Core/Src/can.c ****     GPIO_InitStruct.Mode = GPIO_MODE_AF_PP;
 154:Core/Src/can.c ****     GPIO_InitStruct.Pull = GPIO_NOPULL;
 155:Core/Src/can.c ****     GPIO_InitStruct.Speed = GPIO_SPEED_FREQ_VERY_HIGH;
 156:Core/Src/can.c ****     GPIO_InitStruct.Alternate = GPIO_AF8_CAN2;
 157:Core/Src/can.c ****     HAL_GPIO_Init(GPIOB, &GPIO_InitStruct);
 158:Core/Src/can.c **** 
 159:Core/Src/can.c ****   /* USER CODE BEGIN CAN2_MspInit 1 */
 160:Core/Src/can.c **** 
 161:Core/Src/can.c ****   /* USER CODE END CAN2_MspInit 1 */
 162:Core/Src/can.c ****   }
 163:Core/Src/can.c **** }
 227              		.loc 1 163 1 view .LVU71
 228 001e 0AB0     		add	sp, sp, #40
 229              		.cfi_remember_state
 230              		.cfi_def_cfa_offset 16
 231              		@ sp needed
 232 0020 70BD     		pop	{r4, r5, r6, pc}
 233              	.LVL6:
 234              	.L19:
 235              		.cfi_restore_state
 107:Core/Src/can.c ****     if(HAL_RCC_CAN1_CLK_ENABLED==1){
 236              		.loc 1 107 5 is_stmt 1 view .LVU72
 107:Core/Src/can.c ****     if(HAL_RCC_CAN1_CLK_ENABLED==1){
 237              		.loc 1 107 29 is_stmt 0 view .LVU73
ARM GAS  C:\Users\Karol\AppData\Local\Temp\ccODeFq7.s 			page 8


 238 0022 354A     		ldr	r2, .L23+8
 239 0024 1368     		ldr	r3, [r2]
 240 0026 0133     		adds	r3, r3, #1
 241 0028 1360     		str	r3, [r2]
 108:Core/Src/can.c ****       __HAL_RCC_CAN1_CLK_ENABLE();
 242              		.loc 1 108 5 is_stmt 1 view .LVU74
 108:Core/Src/can.c ****       __HAL_RCC_CAN1_CLK_ENABLE();
 243              		.loc 1 108 7 is_stmt 0 view .LVU75
 244 002a 012B     		cmp	r3, #1
 245 002c 17D0     		beq	.L21
 246              	.L15:
 109:Core/Src/can.c ****     }
 247              		.loc 1 109 7 is_stmt 1 discriminator 1 view .LVU76
 112:Core/Src/can.c ****     /**CAN1 GPIO Configuration
 248              		.loc 1 112 5 discriminator 1 view .LVU77
 249              	.LBB2:
 112:Core/Src/can.c ****     /**CAN1 GPIO Configuration
 250              		.loc 1 112 5 discriminator 1 view .LVU78
 112:Core/Src/can.c ****     /**CAN1 GPIO Configuration
 251              		.loc 1 112 5 discriminator 1 view .LVU79
 252 002e 334B     		ldr	r3, .L23+12
 253 0030 DA6C     		ldr	r2, [r3, #76]
 254 0032 42F00202 		orr	r2, r2, #2
 255 0036 DA64     		str	r2, [r3, #76]
 112:Core/Src/can.c ****     /**CAN1 GPIO Configuration
 256              		.loc 1 112 5 discriminator 1 view .LVU80
 257 0038 DB6C     		ldr	r3, [r3, #76]
 258 003a 03F00203 		and	r3, r3, #2
 259 003e 0193     		str	r3, [sp, #4]
 112:Core/Src/can.c ****     /**CAN1 GPIO Configuration
 260              		.loc 1 112 5 discriminator 1 view .LVU81
 261 0040 019B     		ldr	r3, [sp, #4]
 262              	.LBE2:
 112:Core/Src/can.c ****     /**CAN1 GPIO Configuration
 263              		.loc 1 112 5 discriminator 1 view .LVU82
 117:Core/Src/can.c ****     GPIO_InitStruct.Mode = GPIO_MODE_AF_PP;
 264              		.loc 1 117 5 discriminator 1 view .LVU83
 117:Core/Src/can.c ****     GPIO_InitStruct.Mode = GPIO_MODE_AF_PP;
 265              		.loc 1 117 25 is_stmt 0 discriminator 1 view .LVU84
 266 0042 4FF44073 		mov	r3, #768
 267 0046 0593     		str	r3, [sp, #20]
 118:Core/Src/can.c ****     GPIO_InitStruct.Pull = GPIO_NOPULL;
 268              		.loc 1 118 5 is_stmt 1 discriminator 1 view .LVU85
 118:Core/Src/can.c ****     GPIO_InitStruct.Pull = GPIO_NOPULL;
 269              		.loc 1 118 26 is_stmt 0 discriminator 1 view .LVU86
 270 0048 0223     		movs	r3, #2
 271 004a 0693     		str	r3, [sp, #24]
 119:Core/Src/can.c ****     GPIO_InitStruct.Speed = GPIO_SPEED_FREQ_VERY_HIGH;
 272              		.loc 1 119 5 is_stmt 1 discriminator 1 view .LVU87
 120:Core/Src/can.c ****     GPIO_InitStruct.Alternate = GPIO_AF9_CAN1;
 273              		.loc 1 120 5 discriminator 1 view .LVU88
 120:Core/Src/can.c ****     GPIO_InitStruct.Alternate = GPIO_AF9_CAN1;
 274              		.loc 1 120 27 is_stmt 0 discriminator 1 view .LVU89
 275 004c 0323     		movs	r3, #3
 276 004e 0893     		str	r3, [sp, #32]
 121:Core/Src/can.c ****     HAL_GPIO_Init(GPIOB, &GPIO_InitStruct);
 277              		.loc 1 121 5 is_stmt 1 discriminator 1 view .LVU90
ARM GAS  C:\Users\Karol\AppData\Local\Temp\ccODeFq7.s 			page 9


 121:Core/Src/can.c ****     HAL_GPIO_Init(GPIOB, &GPIO_InitStruct);
 278              		.loc 1 121 31 is_stmt 0 discriminator 1 view .LVU91
 279 0050 0923     		movs	r3, #9
 280 0052 0993     		str	r3, [sp, #36]
 122:Core/Src/can.c **** 
 281              		.loc 1 122 5 is_stmt 1 discriminator 1 view .LVU92
 282 0054 05A9     		add	r1, sp, #20
 283 0056 2A48     		ldr	r0, .L23+16
 284              	.LVL7:
 122:Core/Src/can.c **** 
 285              		.loc 1 122 5 is_stmt 0 discriminator 1 view .LVU93
 286 0058 FFF7FEFF 		bl	HAL_GPIO_Init
 287              	.LVL8:
 288 005c DFE7     		b	.L13
 289              	.LVL9:
 290              	.L21:
 109:Core/Src/can.c ****     }
 291              		.loc 1 109 7 is_stmt 1 view .LVU94
 292              	.LBB3:
 109:Core/Src/can.c ****     }
 293              		.loc 1 109 7 view .LVU95
 109:Core/Src/can.c ****     }
 294              		.loc 1 109 7 view .LVU96
 295 005e 274B     		ldr	r3, .L23+12
 296 0060 9A6D     		ldr	r2, [r3, #88]
 297 0062 42F00072 		orr	r2, r2, #33554432
 298 0066 9A65     		str	r2, [r3, #88]
 109:Core/Src/can.c ****     }
 299              		.loc 1 109 7 view .LVU97
 300 0068 9B6D     		ldr	r3, [r3, #88]
 301 006a 03F00073 		and	r3, r3, #33554432
 302 006e 0093     		str	r3, [sp]
 109:Core/Src/can.c ****     }
 303              		.loc 1 109 7 view .LVU98
 304 0070 009B     		ldr	r3, [sp]
 305 0072 DCE7     		b	.L15
 306              	.L20:
 307              	.LBE3:
 134:Core/Src/can.c ****     HAL_RCC_CAN1_CLK_ENABLED++;
 308              		.loc 1 134 5 view .LVU99
 309              	.LBB4:
 134:Core/Src/can.c ****     HAL_RCC_CAN1_CLK_ENABLED++;
 310              		.loc 1 134 5 view .LVU100
 134:Core/Src/can.c ****     HAL_RCC_CAN1_CLK_ENABLED++;
 311              		.loc 1 134 5 view .LVU101
 312 0074 214B     		ldr	r3, .L23+12
 313 0076 9A6D     		ldr	r2, [r3, #88]
 314 0078 42F08062 		orr	r2, r2, #67108864
 315 007c 9A65     		str	r2, [r3, #88]
 134:Core/Src/can.c ****     HAL_RCC_CAN1_CLK_ENABLED++;
 316              		.loc 1 134 5 view .LVU102
 317 007e 9B6D     		ldr	r3, [r3, #88]
 318 0080 03F08063 		and	r3, r3, #67108864
 319 0084 0293     		str	r3, [sp, #8]
 134:Core/Src/can.c ****     HAL_RCC_CAN1_CLK_ENABLED++;
 320              		.loc 1 134 5 view .LVU103
 321 0086 029B     		ldr	r3, [sp, #8]
ARM GAS  C:\Users\Karol\AppData\Local\Temp\ccODeFq7.s 			page 10


 322              	.LBE4:
 134:Core/Src/can.c ****     HAL_RCC_CAN1_CLK_ENABLED++;
 323              		.loc 1 134 5 view .LVU104
 135:Core/Src/can.c ****     if(HAL_RCC_CAN1_CLK_ENABLED==1){
 324              		.loc 1 135 5 view .LVU105
 135:Core/Src/can.c ****     if(HAL_RCC_CAN1_CLK_ENABLED==1){
 325              		.loc 1 135 29 is_stmt 0 view .LVU106
 326 0088 1B4A     		ldr	r2, .L23+8
 327 008a 1368     		ldr	r3, [r2]
 328 008c 0133     		adds	r3, r3, #1
 329 008e 1360     		str	r3, [r2]
 136:Core/Src/can.c ****       __HAL_RCC_CAN1_CLK_ENABLE();
 330              		.loc 1 136 5 is_stmt 1 view .LVU107
 136:Core/Src/can.c ****       __HAL_RCC_CAN1_CLK_ENABLE();
 331              		.loc 1 136 7 is_stmt 0 view .LVU108
 332 0090 012B     		cmp	r3, #1
 333 0092 22D0     		beq	.L22
 334              	.L17:
 137:Core/Src/can.c ****     }
 335              		.loc 1 137 7 is_stmt 1 discriminator 1 view .LVU109
 140:Core/Src/can.c ****     /**CAN2 GPIO Configuration
 336              		.loc 1 140 5 discriminator 1 view .LVU110
 337              	.LBB5:
 140:Core/Src/can.c ****     /**CAN2 GPIO Configuration
 338              		.loc 1 140 5 discriminator 1 view .LVU111
 140:Core/Src/can.c ****     /**CAN2 GPIO Configuration
 339              		.loc 1 140 5 discriminator 1 view .LVU112
 340 0094 194B     		ldr	r3, .L23+12
 341 0096 DA6C     		ldr	r2, [r3, #76]
 342 0098 42F00202 		orr	r2, r2, #2
 343 009c DA64     		str	r2, [r3, #76]
 140:Core/Src/can.c ****     /**CAN2 GPIO Configuration
 344              		.loc 1 140 5 discriminator 1 view .LVU113
 345 009e DB6C     		ldr	r3, [r3, #76]
 346 00a0 03F00203 		and	r3, r3, #2
 347 00a4 0493     		str	r3, [sp, #16]
 140:Core/Src/can.c ****     /**CAN2 GPIO Configuration
 348              		.loc 1 140 5 discriminator 1 view .LVU114
 349 00a6 049B     		ldr	r3, [sp, #16]
 350              	.LBE5:
 140:Core/Src/can.c ****     /**CAN2 GPIO Configuration
 351              		.loc 1 140 5 discriminator 1 view .LVU115
 145:Core/Src/can.c ****     GPIO_InitStruct.Mode = GPIO_MODE_AF_PP;
 352              		.loc 1 145 5 discriminator 1 view .LVU116
 145:Core/Src/can.c ****     GPIO_InitStruct.Mode = GPIO_MODE_AF_PP;
 353              		.loc 1 145 25 is_stmt 0 discriminator 1 view .LVU117
 354 00a8 2023     		movs	r3, #32
 355 00aa 0593     		str	r3, [sp, #20]
 146:Core/Src/can.c ****     GPIO_InitStruct.Pull = GPIO_NOPULL;
 356              		.loc 1 146 5 is_stmt 1 discriminator 1 view .LVU118
 146:Core/Src/can.c ****     GPIO_InitStruct.Pull = GPIO_NOPULL;
 357              		.loc 1 146 26 is_stmt 0 discriminator 1 view .LVU119
 358 00ac 0226     		movs	r6, #2
 359 00ae 0696     		str	r6, [sp, #24]
 147:Core/Src/can.c ****     GPIO_InitStruct.Speed = GPIO_SPEED_FREQ_VERY_HIGH;
 360              		.loc 1 147 5 is_stmt 1 discriminator 1 view .LVU120
 148:Core/Src/can.c ****     GPIO_InitStruct.Alternate = GPIO_AF3_CAN2;
ARM GAS  C:\Users\Karol\AppData\Local\Temp\ccODeFq7.s 			page 11


 361              		.loc 1 148 5 discriminator 1 view .LVU121
 148:Core/Src/can.c ****     GPIO_InitStruct.Alternate = GPIO_AF3_CAN2;
 362              		.loc 1 148 27 is_stmt 0 discriminator 1 view .LVU122
 363 00b0 0324     		movs	r4, #3
 364 00b2 0894     		str	r4, [sp, #32]
 149:Core/Src/can.c ****     HAL_GPIO_Init(GPIOB, &GPIO_InitStruct);
 365              		.loc 1 149 5 is_stmt 1 discriminator 1 view .LVU123
 149:Core/Src/can.c ****     HAL_GPIO_Init(GPIOB, &GPIO_InitStruct);
 366              		.loc 1 149 31 is_stmt 0 discriminator 1 view .LVU124
 367 00b4 0994     		str	r4, [sp, #36]
 150:Core/Src/can.c **** 
 368              		.loc 1 150 5 is_stmt 1 discriminator 1 view .LVU125
 369 00b6 124D     		ldr	r5, .L23+16
 370 00b8 05A9     		add	r1, sp, #20
 371 00ba 2846     		mov	r0, r5
 372              	.LVL10:
 150:Core/Src/can.c **** 
 373              		.loc 1 150 5 is_stmt 0 discriminator 1 view .LVU126
 374 00bc FFF7FEFF 		bl	HAL_GPIO_Init
 375              	.LVL11:
 152:Core/Src/can.c ****     GPIO_InitStruct.Mode = GPIO_MODE_AF_PP;
 376              		.loc 1 152 5 is_stmt 1 discriminator 1 view .LVU127
 152:Core/Src/can.c ****     GPIO_InitStruct.Mode = GPIO_MODE_AF_PP;
 377              		.loc 1 152 25 is_stmt 0 discriminator 1 view .LVU128
 378 00c0 4023     		movs	r3, #64
 379 00c2 0593     		str	r3, [sp, #20]
 153:Core/Src/can.c ****     GPIO_InitStruct.Pull = GPIO_NOPULL;
 380              		.loc 1 153 5 is_stmt 1 discriminator 1 view .LVU129
 153:Core/Src/can.c ****     GPIO_InitStruct.Pull = GPIO_NOPULL;
 381              		.loc 1 153 26 is_stmt 0 discriminator 1 view .LVU130
 382 00c4 0696     		str	r6, [sp, #24]
 154:Core/Src/can.c ****     GPIO_InitStruct.Speed = GPIO_SPEED_FREQ_VERY_HIGH;
 383              		.loc 1 154 5 is_stmt 1 discriminator 1 view .LVU131
 154:Core/Src/can.c ****     GPIO_InitStruct.Speed = GPIO_SPEED_FREQ_VERY_HIGH;
 384              		.loc 1 154 26 is_stmt 0 discriminator 1 view .LVU132
 385 00c6 0023     		movs	r3, #0
 386 00c8 0793     		str	r3, [sp, #28]
 155:Core/Src/can.c ****     GPIO_InitStruct.Alternate = GPIO_AF8_CAN2;
 387              		.loc 1 155 5 is_stmt 1 discriminator 1 view .LVU133
 155:Core/Src/can.c ****     GPIO_InitStruct.Alternate = GPIO_AF8_CAN2;
 388              		.loc 1 155 27 is_stmt 0 discriminator 1 view .LVU134
 389 00ca 0894     		str	r4, [sp, #32]
 156:Core/Src/can.c ****     HAL_GPIO_Init(GPIOB, &GPIO_InitStruct);
 390              		.loc 1 156 5 is_stmt 1 discriminator 1 view .LVU135
 156:Core/Src/can.c ****     HAL_GPIO_Init(GPIOB, &GPIO_InitStruct);
 391              		.loc 1 156 31 is_stmt 0 discriminator 1 view .LVU136
 392 00cc 0823     		movs	r3, #8
 393 00ce 0993     		str	r3, [sp, #36]
 157:Core/Src/can.c **** 
 394              		.loc 1 157 5 is_stmt 1 discriminator 1 view .LVU137
 395 00d0 05A9     		add	r1, sp, #20
 396 00d2 2846     		mov	r0, r5
 397 00d4 FFF7FEFF 		bl	HAL_GPIO_Init
 398              	.LVL12:
 399              		.loc 1 163 1 is_stmt 0 discriminator 1 view .LVU138
 400 00d8 A1E7     		b	.L13
 401              	.LVL13:
ARM GAS  C:\Users\Karol\AppData\Local\Temp\ccODeFq7.s 			page 12


 402              	.L22:
 137:Core/Src/can.c ****     }
 403              		.loc 1 137 7 is_stmt 1 view .LVU139
 404              	.LBB6:
 137:Core/Src/can.c ****     }
 405              		.loc 1 137 7 view .LVU140
 137:Core/Src/can.c ****     }
 406              		.loc 1 137 7 view .LVU141
 407 00da 084B     		ldr	r3, .L23+12
 408 00dc 9A6D     		ldr	r2, [r3, #88]
 409 00de 42F00072 		orr	r2, r2, #33554432
 410 00e2 9A65     		str	r2, [r3, #88]
 137:Core/Src/can.c ****     }
 411              		.loc 1 137 7 view .LVU142
 412 00e4 9B6D     		ldr	r3, [r3, #88]
 413 00e6 03F00073 		and	r3, r3, #33554432
 414 00ea 0393     		str	r3, [sp, #12]
 137:Core/Src/can.c ****     }
 415              		.loc 1 137 7 view .LVU143
 416 00ec 039B     		ldr	r3, [sp, #12]
 417 00ee D1E7     		b	.L17
 418              	.L24:
 419              		.align	2
 420              	.L23:
 421 00f0 00640040 		.word	1073767424
 422 00f4 00680040 		.word	1073768448
 423 00f8 00000000 		.word	HAL_RCC_CAN1_CLK_ENABLED
 424 00fc 00100240 		.word	1073876992
 425 0100 00040048 		.word	1207960576
 426              	.LBE6:
 427              		.cfi_endproc
 428              	.LFE323:
 430              		.section	.text.HAL_CAN_MspDeInit,"ax",%progbits
 431              		.align	1
 432              		.global	HAL_CAN_MspDeInit
 433              		.syntax unified
 434              		.thumb
 435              		.thumb_func
 437              	HAL_CAN_MspDeInit:
 438              	.LVL14:
 439              	.LFB324:
 164:Core/Src/can.c **** 
 165:Core/Src/can.c **** void HAL_CAN_MspDeInit(CAN_HandleTypeDef* canHandle)
 166:Core/Src/can.c **** {
 440              		.loc 1 166 1 view -0
 441              		.cfi_startproc
 442              		@ args = 0, pretend = 0, frame = 0
 443              		@ frame_needed = 0, uses_anonymous_args = 0
 444              		.loc 1 166 1 is_stmt 0 view .LVU145
 445 0000 08B5     		push	{r3, lr}
 446              		.cfi_def_cfa_offset 8
 447              		.cfi_offset 3, -8
 448              		.cfi_offset 14, -4
 167:Core/Src/can.c **** 
 168:Core/Src/can.c ****   if(canHandle->Instance==CAN1)
 449              		.loc 1 168 3 is_stmt 1 view .LVU146
 450              		.loc 1 168 15 is_stmt 0 view .LVU147
ARM GAS  C:\Users\Karol\AppData\Local\Temp\ccODeFq7.s 			page 13


 451 0002 0368     		ldr	r3, [r0]
 452              		.loc 1 168 5 view .LVU148
 453 0004 154A     		ldr	r2, .L33
 454 0006 9342     		cmp	r3, r2
 455 0008 03D0     		beq	.L31
 169:Core/Src/can.c ****   {
 170:Core/Src/can.c ****   /* USER CODE BEGIN CAN1_MspDeInit 0 */
 171:Core/Src/can.c **** 
 172:Core/Src/can.c ****   /* USER CODE END CAN1_MspDeInit 0 */
 173:Core/Src/can.c ****     /* Peripheral clock disable */
 174:Core/Src/can.c ****     HAL_RCC_CAN1_CLK_ENABLED--;
 175:Core/Src/can.c ****     if(HAL_RCC_CAN1_CLK_ENABLED==0){
 176:Core/Src/can.c ****       __HAL_RCC_CAN1_CLK_DISABLE();
 177:Core/Src/can.c ****     }
 178:Core/Src/can.c **** 
 179:Core/Src/can.c ****     /**CAN1 GPIO Configuration
 180:Core/Src/can.c ****     PB8     ------> CAN1_RX
 181:Core/Src/can.c ****     PB9     ------> CAN1_TX
 182:Core/Src/can.c ****     */
 183:Core/Src/can.c ****     HAL_GPIO_DeInit(GPIOB, GPIO_PIN_8|GPIO_PIN_9);
 184:Core/Src/can.c **** 
 185:Core/Src/can.c ****   /* USER CODE BEGIN CAN1_MspDeInit 1 */
 186:Core/Src/can.c **** 
 187:Core/Src/can.c ****   /* USER CODE END CAN1_MspDeInit 1 */
 188:Core/Src/can.c ****   }
 189:Core/Src/can.c ****   else if(canHandle->Instance==CAN2)
 456              		.loc 1 189 8 is_stmt 1 view .LVU149
 457              		.loc 1 189 10 is_stmt 0 view .LVU150
 458 000a 154A     		ldr	r2, .L33+4
 459 000c 9342     		cmp	r3, r2
 460 000e 10D0     		beq	.L32
 461              	.LVL15:
 462              	.L25:
 190:Core/Src/can.c ****   {
 191:Core/Src/can.c ****   /* USER CODE BEGIN CAN2_MspDeInit 0 */
 192:Core/Src/can.c **** 
 193:Core/Src/can.c ****   /* USER CODE END CAN2_MspDeInit 0 */
 194:Core/Src/can.c ****     /* Peripheral clock disable */
 195:Core/Src/can.c ****     __HAL_RCC_CAN2_CLK_DISABLE();
 196:Core/Src/can.c ****     HAL_RCC_CAN1_CLK_ENABLED--;
 197:Core/Src/can.c ****     if(HAL_RCC_CAN1_CLK_ENABLED==0){
 198:Core/Src/can.c ****       __HAL_RCC_CAN1_CLK_DISABLE();
 199:Core/Src/can.c ****     }
 200:Core/Src/can.c **** 
 201:Core/Src/can.c ****     /**CAN2 GPIO Configuration
 202:Core/Src/can.c ****     PB5     ------> CAN2_RX
 203:Core/Src/can.c ****     PB6     ------> CAN2_TX
 204:Core/Src/can.c ****     */
 205:Core/Src/can.c ****     HAL_GPIO_DeInit(GPIOB, GPIO_PIN_5|GPIO_PIN_6);
 206:Core/Src/can.c **** 
 207:Core/Src/can.c ****   /* USER CODE BEGIN CAN2_MspDeInit 1 */
 208:Core/Src/can.c **** 
 209:Core/Src/can.c ****   /* USER CODE END CAN2_MspDeInit 1 */
 210:Core/Src/can.c ****   }
 211:Core/Src/can.c **** }
 463              		.loc 1 211 1 view .LVU151
 464 0010 08BD     		pop	{r3, pc}
ARM GAS  C:\Users\Karol\AppData\Local\Temp\ccODeFq7.s 			page 14


 465              	.LVL16:
 466              	.L31:
 174:Core/Src/can.c ****     if(HAL_RCC_CAN1_CLK_ENABLED==0){
 467              		.loc 1 174 5 is_stmt 1 view .LVU152
 174:Core/Src/can.c ****     if(HAL_RCC_CAN1_CLK_ENABLED==0){
 468              		.loc 1 174 29 is_stmt 0 view .LVU153
 469 0012 144A     		ldr	r2, .L33+8
 470 0014 1368     		ldr	r3, [r2]
 471 0016 013B     		subs	r3, r3, #1
 472 0018 1360     		str	r3, [r2]
 175:Core/Src/can.c ****       __HAL_RCC_CAN1_CLK_DISABLE();
 473              		.loc 1 175 5 is_stmt 1 view .LVU154
 175:Core/Src/can.c ****       __HAL_RCC_CAN1_CLK_DISABLE();
 474              		.loc 1 175 7 is_stmt 0 view .LVU155
 475 001a 23B9     		cbnz	r3, .L27
 176:Core/Src/can.c ****     }
 476              		.loc 1 176 7 is_stmt 1 view .LVU156
 477 001c 124A     		ldr	r2, .L33+12
 478 001e 936D     		ldr	r3, [r2, #88]
 479 0020 23F00073 		bic	r3, r3, #33554432
 480 0024 9365     		str	r3, [r2, #88]
 481              	.L27:
 183:Core/Src/can.c **** 
 482              		.loc 1 183 5 view .LVU157
 483 0026 4FF44071 		mov	r1, #768
 484 002a 1048     		ldr	r0, .L33+16
 485              	.LVL17:
 183:Core/Src/can.c **** 
 486              		.loc 1 183 5 is_stmt 0 view .LVU158
 487 002c FFF7FEFF 		bl	HAL_GPIO_DeInit
 488              	.LVL18:
 489 0030 EEE7     		b	.L25
 490              	.LVL19:
 491              	.L32:
 195:Core/Src/can.c ****     HAL_RCC_CAN1_CLK_ENABLED--;
 492              		.loc 1 195 5 is_stmt 1 view .LVU159
 493 0032 02F5D432 		add	r2, r2, #108544
 494 0036 936D     		ldr	r3, [r2, #88]
 495 0038 23F08063 		bic	r3, r3, #67108864
 496 003c 9365     		str	r3, [r2, #88]
 196:Core/Src/can.c ****     if(HAL_RCC_CAN1_CLK_ENABLED==0){
 497              		.loc 1 196 5 view .LVU160
 196:Core/Src/can.c ****     if(HAL_RCC_CAN1_CLK_ENABLED==0){
 498              		.loc 1 196 29 is_stmt 0 view .LVU161
 499 003e 094A     		ldr	r2, .L33+8
 500 0040 1368     		ldr	r3, [r2]
 501 0042 013B     		subs	r3, r3, #1
 502 0044 1360     		str	r3, [r2]
 197:Core/Src/can.c ****       __HAL_RCC_CAN1_CLK_DISABLE();
 503              		.loc 1 197 5 is_stmt 1 view .LVU162
 197:Core/Src/can.c ****       __HAL_RCC_CAN1_CLK_DISABLE();
 504              		.loc 1 197 7 is_stmt 0 view .LVU163
 505 0046 23B9     		cbnz	r3, .L29
 198:Core/Src/can.c ****     }
 506              		.loc 1 198 7 is_stmt 1 view .LVU164
 507 0048 074A     		ldr	r2, .L33+12
 508 004a 936D     		ldr	r3, [r2, #88]
ARM GAS  C:\Users\Karol\AppData\Local\Temp\ccODeFq7.s 			page 15


 509 004c 23F00073 		bic	r3, r3, #33554432
 510 0050 9365     		str	r3, [r2, #88]
 511              	.L29:
 205:Core/Src/can.c **** 
 512              		.loc 1 205 5 view .LVU165
 513 0052 6021     		movs	r1, #96
 514 0054 0548     		ldr	r0, .L33+16
 515              	.LVL20:
 205:Core/Src/can.c **** 
 516              		.loc 1 205 5 is_stmt 0 view .LVU166
 517 0056 FFF7FEFF 		bl	HAL_GPIO_DeInit
 518              	.LVL21:
 519              		.loc 1 211 1 view .LVU167
 520 005a D9E7     		b	.L25
 521              	.L34:
 522              		.align	2
 523              	.L33:
 524 005c 00640040 		.word	1073767424
 525 0060 00680040 		.word	1073768448
 526 0064 00000000 		.word	HAL_RCC_CAN1_CLK_ENABLED
 527 0068 00100240 		.word	1073876992
 528 006c 00040048 		.word	1207960576
 529              		.cfi_endproc
 530              	.LFE324:
 532              		.section	.bss.HAL_RCC_CAN1_CLK_ENABLED,"aw",%nobits
 533              		.align	2
 536              	HAL_RCC_CAN1_CLK_ENABLED:
 537 0000 00000000 		.space	4
 538              		.global	hcan2
 539              		.section	.bss.hcan2,"aw",%nobits
 540              		.align	2
 543              	hcan2:
 544 0000 00000000 		.space	40
 544      00000000 
 544      00000000 
 544      00000000 
 544      00000000 
 545              		.global	hcan1
 546              		.section	.bss.hcan1,"aw",%nobits
 547              		.align	2
 550              	hcan1:
 551 0000 00000000 		.space	40
 551      00000000 
 551      00000000 
 551      00000000 
 551      00000000 
 552              		.text
 553              	.Letext0:
 554              		.file 2 "c:\\users\\karol\\appdata\\roaming\\code\\user\\globalstorage\\bmd.stm32-for-vscode\\@xpa
 555              		.file 3 "c:\\users\\karol\\appdata\\roaming\\code\\user\\globalstorage\\bmd.stm32-for-vscode\\@xpa
 556              		.file 4 "Drivers/CMSIS/Device/ST/STM32L4xx/Include/stm32l496xx.h"
 557              		.file 5 "Drivers/CMSIS/Device/ST/STM32L4xx/Include/stm32l4xx.h"
 558              		.file 6 "Drivers/STM32L4xx_HAL_Driver/Inc/stm32l4xx_hal_def.h"
 559              		.file 7 "Drivers/STM32L4xx_HAL_Driver/Inc/stm32l4xx_hal_gpio.h"
 560              		.file 8 "Drivers/STM32L4xx_HAL_Driver/Inc/stm32l4xx_hal_can.h"
 561              		.file 9 "Core/Inc/can.h"
 562              		.file 10 "Core/Inc/main.h"
ARM GAS  C:\Users\Karol\AppData\Local\Temp\ccODeFq7.s 			page 16


ARM GAS  C:\Users\Karol\AppData\Local\Temp\ccODeFq7.s 			page 17


DEFINED SYMBOLS
                            *ABS*:00000000 can.c
C:\Users\Karol\AppData\Local\Temp\ccODeFq7.s:21     .text.MX_CAN1_Init:00000000 $t
C:\Users\Karol\AppData\Local\Temp\ccODeFq7.s:27     .text.MX_CAN1_Init:00000000 MX_CAN1_Init
C:\Users\Karol\AppData\Local\Temp\ccODeFq7.s:96     .text.MX_CAN1_Init:00000034 $d
C:\Users\Karol\AppData\Local\Temp\ccODeFq7.s:550    .bss.hcan1:00000000 hcan1
C:\Users\Karol\AppData\Local\Temp\ccODeFq7.s:102    .text.MX_CAN2_Init:00000000 $t
C:\Users\Karol\AppData\Local\Temp\ccODeFq7.s:108    .text.MX_CAN2_Init:00000000 MX_CAN2_Init
C:\Users\Karol\AppData\Local\Temp\ccODeFq7.s:177    .text.MX_CAN2_Init:00000034 $d
C:\Users\Karol\AppData\Local\Temp\ccODeFq7.s:543    .bss.hcan2:00000000 hcan2
C:\Users\Karol\AppData\Local\Temp\ccODeFq7.s:183    .text.HAL_CAN_MspInit:00000000 $t
C:\Users\Karol\AppData\Local\Temp\ccODeFq7.s:189    .text.HAL_CAN_MspInit:00000000 HAL_CAN_MspInit
C:\Users\Karol\AppData\Local\Temp\ccODeFq7.s:421    .text.HAL_CAN_MspInit:000000f0 $d
C:\Users\Karol\AppData\Local\Temp\ccODeFq7.s:536    .bss.HAL_RCC_CAN1_CLK_ENABLED:00000000 HAL_RCC_CAN1_CLK_ENABLED
C:\Users\Karol\AppData\Local\Temp\ccODeFq7.s:431    .text.HAL_CAN_MspDeInit:00000000 $t
C:\Users\Karol\AppData\Local\Temp\ccODeFq7.s:437    .text.HAL_CAN_MspDeInit:00000000 HAL_CAN_MspDeInit
C:\Users\Karol\AppData\Local\Temp\ccODeFq7.s:524    .text.HAL_CAN_MspDeInit:0000005c $d
C:\Users\Karol\AppData\Local\Temp\ccODeFq7.s:533    .bss.HAL_RCC_CAN1_CLK_ENABLED:00000000 $d
C:\Users\Karol\AppData\Local\Temp\ccODeFq7.s:540    .bss.hcan2:00000000 $d
C:\Users\Karol\AppData\Local\Temp\ccODeFq7.s:547    .bss.hcan1:00000000 $d

UNDEFINED SYMBOLS
HAL_CAN_Init
Error_Handler
HAL_GPIO_Init
HAL_GPIO_DeInit
