ARM GAS  C:\Users\Karol\AppData\Local\Temp\ccvVh9li.s 			page 1


   1              		.cpu cortex-m4
   2              		.arch armv7e-m
   3              		.fpu fpv4-sp-d16
   4              		.eabi_attribute 27, 1
   5              		.eabi_attribute 28, 1
   6              		.eabi_attribute 20, 1
   7              		.eabi_attribute 21, 1
   8              		.eabi_attribute 23, 3
   9              		.eabi_attribute 24, 1
  10              		.eabi_attribute 25, 1
  11              		.eabi_attribute 26, 1
  12              		.eabi_attribute 30, 1
  13              		.eabi_attribute 34, 1
  14              		.eabi_attribute 18, 4
  15              		.file	"gpio.c"
  16              		.text
  17              	.Ltext0:
  18              		.cfi_sections	.debug_frame
  19              		.file 1 "Core/Src/gpio.c"
  20              		.section	.text.MX_GPIO_Init,"ax",%progbits
  21              		.align	1
  22              		.global	MX_GPIO_Init
  23              		.syntax unified
  24              		.thumb
  25              		.thumb_func
  27              	MX_GPIO_Init:
  28              	.LFB321:
   1:Core/Src/gpio.c **** /* USER CODE BEGIN Header */
   2:Core/Src/gpio.c **** /**
   3:Core/Src/gpio.c ****   ******************************************************************************
   4:Core/Src/gpio.c ****   * @file    gpio.c
   5:Core/Src/gpio.c ****   * @brief   This file provides code for the configuration
   6:Core/Src/gpio.c ****   *          of all used GPIO pins.
   7:Core/Src/gpio.c ****   ******************************************************************************
   8:Core/Src/gpio.c ****   * @attention
   9:Core/Src/gpio.c ****   *
  10:Core/Src/gpio.c ****   * Copyright (c) 2023 STMicroelectronics.
  11:Core/Src/gpio.c ****   * All rights reserved.
  12:Core/Src/gpio.c ****   *
  13:Core/Src/gpio.c ****   * This software is licensed under terms that can be found in the LICENSE file
  14:Core/Src/gpio.c ****   * in the root directory of this software component.
  15:Core/Src/gpio.c ****   * If no LICENSE file comes with this software, it is provided AS-IS.
  16:Core/Src/gpio.c ****   *
  17:Core/Src/gpio.c ****   ******************************************************************************
  18:Core/Src/gpio.c ****   */
  19:Core/Src/gpio.c **** /* USER CODE END Header */
  20:Core/Src/gpio.c **** 
  21:Core/Src/gpio.c **** /* Includes ------------------------------------------------------------------*/
  22:Core/Src/gpio.c **** #include "gpio.h"
  23:Core/Src/gpio.c **** 
  24:Core/Src/gpio.c **** /* USER CODE BEGIN 0 */
  25:Core/Src/gpio.c **** 
  26:Core/Src/gpio.c **** /* USER CODE END 0 */
  27:Core/Src/gpio.c **** 
  28:Core/Src/gpio.c **** /*----------------------------------------------------------------------------*/
  29:Core/Src/gpio.c **** /* Configure GPIO                                                             */
  30:Core/Src/gpio.c **** /*----------------------------------------------------------------------------*/
ARM GAS  C:\Users\Karol\AppData\Local\Temp\ccvVh9li.s 			page 2


  31:Core/Src/gpio.c **** /* USER CODE BEGIN 1 */
  32:Core/Src/gpio.c **** 
  33:Core/Src/gpio.c **** /* USER CODE END 1 */
  34:Core/Src/gpio.c **** 
  35:Core/Src/gpio.c **** /** Configure pins
  36:Core/Src/gpio.c ****      PC9   ------> S_TIM3_CH4
  37:Core/Src/gpio.c **** */
  38:Core/Src/gpio.c **** void MX_GPIO_Init(void)
  39:Core/Src/gpio.c **** {
  29              		.loc 1 39 1 view -0
  30              		.cfi_startproc
  31              		@ args = 0, pretend = 0, frame = 40
  32              		@ frame_needed = 0, uses_anonymous_args = 0
  33 0000 30B5     		push	{r4, r5, lr}
  34              		.cfi_def_cfa_offset 12
  35              		.cfi_offset 4, -12
  36              		.cfi_offset 5, -8
  37              		.cfi_offset 14, -4
  38 0002 8BB0     		sub	sp, sp, #44
  39              		.cfi_def_cfa_offset 56
  40:Core/Src/gpio.c **** 
  41:Core/Src/gpio.c ****   GPIO_InitTypeDef GPIO_InitStruct = {0};
  40              		.loc 1 41 3 view .LVU1
  41              		.loc 1 41 20 is_stmt 0 view .LVU2
  42 0004 0024     		movs	r4, #0
  43 0006 0594     		str	r4, [sp, #20]
  44 0008 0694     		str	r4, [sp, #24]
  45 000a 0794     		str	r4, [sp, #28]
  46 000c 0894     		str	r4, [sp, #32]
  47 000e 0994     		str	r4, [sp, #36]
  42:Core/Src/gpio.c **** 
  43:Core/Src/gpio.c ****   /* GPIO Ports Clock Enable */
  44:Core/Src/gpio.c ****   __HAL_RCC_GPIOE_CLK_ENABLE();
  48              		.loc 1 44 3 is_stmt 1 view .LVU3
  49              	.LBB2:
  50              		.loc 1 44 3 view .LVU4
  51              		.loc 1 44 3 view .LVU5
  52 0010 214B     		ldr	r3, .L3
  53 0012 DA6C     		ldr	r2, [r3, #76]
  54 0014 42F01002 		orr	r2, r2, #16
  55 0018 DA64     		str	r2, [r3, #76]
  56              		.loc 1 44 3 view .LVU6
  57 001a DA6C     		ldr	r2, [r3, #76]
  58 001c 02F01002 		and	r2, r2, #16
  59 0020 0192     		str	r2, [sp, #4]
  60              		.loc 1 44 3 view .LVU7
  61 0022 019A     		ldr	r2, [sp, #4]
  62              	.LBE2:
  63              		.loc 1 44 3 view .LVU8
  45:Core/Src/gpio.c ****   __HAL_RCC_GPIOA_CLK_ENABLE();
  64              		.loc 1 45 3 view .LVU9
  65              	.LBB3:
  66              		.loc 1 45 3 view .LVU10
  67              		.loc 1 45 3 view .LVU11
  68 0024 DA6C     		ldr	r2, [r3, #76]
  69 0026 42F00102 		orr	r2, r2, #1
  70 002a DA64     		str	r2, [r3, #76]
ARM GAS  C:\Users\Karol\AppData\Local\Temp\ccvVh9li.s 			page 3


  71              		.loc 1 45 3 view .LVU12
  72 002c DA6C     		ldr	r2, [r3, #76]
  73 002e 02F00102 		and	r2, r2, #1
  74 0032 0292     		str	r2, [sp, #8]
  75              		.loc 1 45 3 view .LVU13
  76 0034 029A     		ldr	r2, [sp, #8]
  77              	.LBE3:
  78              		.loc 1 45 3 view .LVU14
  46:Core/Src/gpio.c ****   __HAL_RCC_GPIOC_CLK_ENABLE();
  79              		.loc 1 46 3 view .LVU15
  80              	.LBB4:
  81              		.loc 1 46 3 view .LVU16
  82              		.loc 1 46 3 view .LVU17
  83 0036 DA6C     		ldr	r2, [r3, #76]
  84 0038 42F00402 		orr	r2, r2, #4
  85 003c DA64     		str	r2, [r3, #76]
  86              		.loc 1 46 3 view .LVU18
  87 003e DA6C     		ldr	r2, [r3, #76]
  88 0040 02F00402 		and	r2, r2, #4
  89 0044 0392     		str	r2, [sp, #12]
  90              		.loc 1 46 3 view .LVU19
  91 0046 039A     		ldr	r2, [sp, #12]
  92              	.LBE4:
  93              		.loc 1 46 3 view .LVU20
  47:Core/Src/gpio.c ****   __HAL_RCC_GPIOB_CLK_ENABLE();
  94              		.loc 1 47 3 view .LVU21
  95              	.LBB5:
  96              		.loc 1 47 3 view .LVU22
  97              		.loc 1 47 3 view .LVU23
  98 0048 DA6C     		ldr	r2, [r3, #76]
  99 004a 42F00202 		orr	r2, r2, #2
 100 004e DA64     		str	r2, [r3, #76]
 101              		.loc 1 47 3 view .LVU24
 102 0050 DB6C     		ldr	r3, [r3, #76]
 103 0052 03F00203 		and	r3, r3, #2
 104 0056 0493     		str	r3, [sp, #16]
 105              		.loc 1 47 3 view .LVU25
 106 0058 049B     		ldr	r3, [sp, #16]
 107              	.LBE5:
 108              		.loc 1 47 3 view .LVU26
  48:Core/Src/gpio.c **** 
  49:Core/Src/gpio.c ****   /*Configure GPIO pin Output Level */
  50:Core/Src/gpio.c ****   HAL_GPIO_WritePin(STATUS_LED_GPIO_Port, STATUS_LED_Pin, GPIO_PIN_RESET);
 109              		.loc 1 50 3 view .LVU27
 110 005a 104D     		ldr	r5, .L3+4
 111 005c 2246     		mov	r2, r4
 112 005e 0421     		movs	r1, #4
 113 0060 2846     		mov	r0, r5
 114 0062 FFF7FEFF 		bl	HAL_GPIO_WritePin
 115              	.LVL0:
  51:Core/Src/gpio.c **** 
  52:Core/Src/gpio.c ****   /*Configure GPIO pin : PtPin */
  53:Core/Src/gpio.c ****   GPIO_InitStruct.Pin = STATUS_LED_Pin;
 116              		.loc 1 53 3 view .LVU28
 117              		.loc 1 53 23 is_stmt 0 view .LVU29
 118 0066 0423     		movs	r3, #4
 119 0068 0593     		str	r3, [sp, #20]
ARM GAS  C:\Users\Karol\AppData\Local\Temp\ccvVh9li.s 			page 4


  54:Core/Src/gpio.c ****   GPIO_InitStruct.Mode = GPIO_MODE_OUTPUT_PP;
 120              		.loc 1 54 3 is_stmt 1 view .LVU30
 121              		.loc 1 54 24 is_stmt 0 view .LVU31
 122 006a 0123     		movs	r3, #1
 123 006c 0693     		str	r3, [sp, #24]
  55:Core/Src/gpio.c ****   GPIO_InitStruct.Pull = GPIO_NOPULL;
 124              		.loc 1 55 3 is_stmt 1 view .LVU32
 125              		.loc 1 55 24 is_stmt 0 view .LVU33
 126 006e 0794     		str	r4, [sp, #28]
  56:Core/Src/gpio.c ****   GPIO_InitStruct.Speed = GPIO_SPEED_FREQ_LOW;
 127              		.loc 1 56 3 is_stmt 1 view .LVU34
 128              		.loc 1 56 25 is_stmt 0 view .LVU35
 129 0070 0894     		str	r4, [sp, #32]
  57:Core/Src/gpio.c ****   HAL_GPIO_Init(STATUS_LED_GPIO_Port, &GPIO_InitStruct);
 130              		.loc 1 57 3 is_stmt 1 view .LVU36
 131 0072 05A9     		add	r1, sp, #20
 132 0074 2846     		mov	r0, r5
 133 0076 FFF7FEFF 		bl	HAL_GPIO_Init
 134              	.LVL1:
  58:Core/Src/gpio.c **** 
  59:Core/Src/gpio.c ****   /*Configure GPIO pin : PC9 */
  60:Core/Src/gpio.c ****   GPIO_InitStruct.Pin = GPIO_PIN_9;
 135              		.loc 1 60 3 view .LVU37
 136              		.loc 1 60 23 is_stmt 0 view .LVU38
 137 007a 4FF40073 		mov	r3, #512
 138 007e 0593     		str	r3, [sp, #20]
  61:Core/Src/gpio.c ****   GPIO_InitStruct.Mode = GPIO_MODE_AF_PP;
 139              		.loc 1 61 3 is_stmt 1 view .LVU39
 140              		.loc 1 61 24 is_stmt 0 view .LVU40
 141 0080 0223     		movs	r3, #2
 142 0082 0693     		str	r3, [sp, #24]
  62:Core/Src/gpio.c ****   GPIO_InitStruct.Pull = GPIO_NOPULL;
 143              		.loc 1 62 3 is_stmt 1 view .LVU41
 144              		.loc 1 62 24 is_stmt 0 view .LVU42
 145 0084 0794     		str	r4, [sp, #28]
  63:Core/Src/gpio.c ****   GPIO_InitStruct.Speed = GPIO_SPEED_FREQ_LOW;
 146              		.loc 1 63 3 is_stmt 1 view .LVU43
 147              		.loc 1 63 25 is_stmt 0 view .LVU44
 148 0086 0894     		str	r4, [sp, #32]
  64:Core/Src/gpio.c ****   GPIO_InitStruct.Alternate = GPIO_AF2_TIM3;
 149              		.loc 1 64 3 is_stmt 1 view .LVU45
 150              		.loc 1 64 29 is_stmt 0 view .LVU46
 151 0088 0993     		str	r3, [sp, #36]
  65:Core/Src/gpio.c ****   HAL_GPIO_Init(GPIOC, &GPIO_InitStruct);
 152              		.loc 1 65 3 is_stmt 1 view .LVU47
 153 008a 05A9     		add	r1, sp, #20
 154 008c 0448     		ldr	r0, .L3+8
 155 008e FFF7FEFF 		bl	HAL_GPIO_Init
 156              	.LVL2:
  66:Core/Src/gpio.c **** 
  67:Core/Src/gpio.c **** }
 157              		.loc 1 67 1 is_stmt 0 view .LVU48
 158 0092 0BB0     		add	sp, sp, #44
 159              		.cfi_def_cfa_offset 12
 160              		@ sp needed
 161 0094 30BD     		pop	{r4, r5, pc}
 162              	.L4:
ARM GAS  C:\Users\Karol\AppData\Local\Temp\ccvVh9li.s 			page 5


 163 0096 00BF     		.align	2
 164              	.L3:
 165 0098 00100240 		.word	1073876992
 166 009c 00100048 		.word	1207963648
 167 00a0 00080048 		.word	1207961600
 168              		.cfi_endproc
 169              	.LFE321:
 171              		.text
 172              	.Letext0:
 173              		.file 2 "c:\\users\\karol\\appdata\\roaming\\code\\user\\globalstorage\\bmd.stm32-for-vscode\\@xpa
 174              		.file 3 "c:\\users\\karol\\appdata\\roaming\\code\\user\\globalstorage\\bmd.stm32-for-vscode\\@xpa
 175              		.file 4 "Drivers/CMSIS/Device/ST/STM32L4xx/Include/stm32l496xx.h"
 176              		.file 5 "Drivers/STM32L4xx_HAL_Driver/Inc/stm32l4xx_hal_gpio.h"
ARM GAS  C:\Users\Karol\AppData\Local\Temp\ccvVh9li.s 			page 6


DEFINED SYMBOLS
                            *ABS*:00000000 gpio.c
C:\Users\Karol\AppData\Local\Temp\ccvVh9li.s:21     .text.MX_GPIO_Init:00000000 $t
C:\Users\Karol\AppData\Local\Temp\ccvVh9li.s:27     .text.MX_GPIO_Init:00000000 MX_GPIO_Init
C:\Users\Karol\AppData\Local\Temp\ccvVh9li.s:165    .text.MX_GPIO_Init:00000098 $d

UNDEFINED SYMBOLS
HAL_GPIO_WritePin
HAL_GPIO_Init
