ARM GAS  C:\Users\Karol\AppData\Local\Temp\ccjDHPEm.s 			page 1


   1              		.cpu cortex-m4
   2              		.arch armv7e-m
   3              		.fpu fpv4-sp-d16
   4              		.eabi_attribute 27, 1
   5              		.eabi_attribute 28, 1
   6              		.eabi_attribute 20, 1
   7              		.eabi_attribute 21, 1
   8              		.eabi_attribute 23, 3
   9              		.eabi_attribute 24, 1
  10              		.eabi_attribute 25, 1
  11              		.eabi_attribute 26, 1
  12              		.eabi_attribute 30, 1
  13              		.eabi_attribute 34, 1
  14              		.eabi_attribute 18, 4
  15              		.file	"main.c"
  16              		.text
  17              	.Ltext0:
  18              		.cfi_sections	.debug_frame
  19              		.file 1 "Core/Src/main.c"
  20              		.section	.text.HAL_TIM_PeriodElapsedCallback,"ax",%progbits
  21              		.align	1
  22              		.global	HAL_TIM_PeriodElapsedCallback
  23              		.syntax unified
  24              		.thumb
  25              		.thumb_func
  27              	HAL_TIM_PeriodElapsedCallback:
  28              	.LVL0:
  29              	.LFB327:
   1:Core/Src/main.c **** /* USER CODE BEGIN Header */
   2:Core/Src/main.c **** /**
   3:Core/Src/main.c ****   ******************************************************************************
   4:Core/Src/main.c ****   * @file           : main.c
   5:Core/Src/main.c ****   * @brief          : Main program body
   6:Core/Src/main.c ****   ******************************************************************************
   7:Core/Src/main.c ****   * @attention
   8:Core/Src/main.c ****   *
   9:Core/Src/main.c ****   * Copyright (c) 2023 STMicroelectronics.
  10:Core/Src/main.c ****   * All rights reserved.
  11:Core/Src/main.c ****   *
  12:Core/Src/main.c ****   * This software is licensed under terms that can be found in the LICENSE file
  13:Core/Src/main.c ****   * in the root directory of this software component.
  14:Core/Src/main.c ****   * If no LICENSE file comes with this software, it is provided AS-IS.
  15:Core/Src/main.c ****   *
  16:Core/Src/main.c ****   ******************************************************************************
  17:Core/Src/main.c ****   */
  18:Core/Src/main.c **** /* USER CODE END Header */
  19:Core/Src/main.c **** /* Includes ------------------------------------------------------------------*/
  20:Core/Src/main.c **** #include "main.h"
  21:Core/Src/main.c **** #include "cmsis_os.h"
  22:Core/Src/main.c **** #include "adc.h"
  23:Core/Src/main.c **** #include "can.h"
  24:Core/Src/main.c **** #include "dma.h"
  25:Core/Src/main.c **** #include "tim.h"
  26:Core/Src/main.c **** #include "gpio.h"
  27:Core/Src/main.c **** 
  28:Core/Src/main.c **** /* Private includes ----------------------------------------------------------*/
  29:Core/Src/main.c **** /* USER CODE BEGIN Includes */
ARM GAS  C:\Users\Karol\AppData\Local\Temp\ccjDHPEm.s 			page 2


  30:Core/Src/main.c **** 
  31:Core/Src/main.c **** /* USER CODE END Includes */
  32:Core/Src/main.c **** 
  33:Core/Src/main.c **** /* Private typedef -----------------------------------------------------------*/
  34:Core/Src/main.c **** /* USER CODE BEGIN PTD */
  35:Core/Src/main.c **** 
  36:Core/Src/main.c **** /* USER CODE END PTD */
  37:Core/Src/main.c **** 
  38:Core/Src/main.c **** /* Private define ------------------------------------------------------------*/
  39:Core/Src/main.c **** /* USER CODE BEGIN PD */
  40:Core/Src/main.c **** /* USER CODE END PD */
  41:Core/Src/main.c **** 
  42:Core/Src/main.c **** /* Private macro -------------------------------------------------------------*/
  43:Core/Src/main.c **** /* USER CODE BEGIN PM */
  44:Core/Src/main.c **** 
  45:Core/Src/main.c **** /* USER CODE END PM */
  46:Core/Src/main.c **** 
  47:Core/Src/main.c **** /* Private variables ---------------------------------------------------------*/
  48:Core/Src/main.c **** 
  49:Core/Src/main.c **** /* USER CODE BEGIN PV */
  50:Core/Src/main.c **** 
  51:Core/Src/main.c **** /* USER CODE END PV */
  52:Core/Src/main.c **** 
  53:Core/Src/main.c **** /* Private function prototypes -----------------------------------------------*/
  54:Core/Src/main.c **** void SystemClock_Config(void);
  55:Core/Src/main.c **** void MX_FREERTOS_Init(void);
  56:Core/Src/main.c **** /* USER CODE BEGIN PFP */
  57:Core/Src/main.c **** 
  58:Core/Src/main.c **** /* USER CODE END PFP */
  59:Core/Src/main.c **** 
  60:Core/Src/main.c **** /* Private user code ---------------------------------------------------------*/
  61:Core/Src/main.c **** /* USER CODE BEGIN 0 */
  62:Core/Src/main.c **** 
  63:Core/Src/main.c **** /* USER CODE END 0 */
  64:Core/Src/main.c **** 
  65:Core/Src/main.c **** /**
  66:Core/Src/main.c ****   * @brief  The application entry point.
  67:Core/Src/main.c ****   * @retval int
  68:Core/Src/main.c ****   */
  69:Core/Src/main.c **** int main(void)
  70:Core/Src/main.c **** {
  71:Core/Src/main.c ****   /* USER CODE BEGIN 1 */
  72:Core/Src/main.c **** 
  73:Core/Src/main.c ****   /* USER CODE END 1 */
  74:Core/Src/main.c **** 
  75:Core/Src/main.c ****   /* MCU Configuration--------------------------------------------------------*/
  76:Core/Src/main.c **** 
  77:Core/Src/main.c ****   /* Reset of all peripherals, Initializes the Flash interface and the Systick. */
  78:Core/Src/main.c ****   HAL_Init();
  79:Core/Src/main.c **** 
  80:Core/Src/main.c ****   /* USER CODE BEGIN Init */
  81:Core/Src/main.c **** 
  82:Core/Src/main.c ****   /* USER CODE END Init */
  83:Core/Src/main.c **** 
  84:Core/Src/main.c ****   /* Configure the system clock */
  85:Core/Src/main.c ****   SystemClock_Config();
  86:Core/Src/main.c **** 
ARM GAS  C:\Users\Karol\AppData\Local\Temp\ccjDHPEm.s 			page 3


  87:Core/Src/main.c ****   /* USER CODE BEGIN SysInit */
  88:Core/Src/main.c **** 
  89:Core/Src/main.c ****   /* USER CODE END SysInit */
  90:Core/Src/main.c **** 
  91:Core/Src/main.c ****   /* Initialize all configured peripherals */
  92:Core/Src/main.c ****   MX_GPIO_Init();
  93:Core/Src/main.c ****   MX_DMA_Init();
  94:Core/Src/main.c ****   MX_CAN1_Init();
  95:Core/Src/main.c ****   MX_CAN2_Init();
  96:Core/Src/main.c ****   MX_ADC2_Init();
  97:Core/Src/main.c ****   MX_TIM8_Init();
  98:Core/Src/main.c ****   /* USER CODE BEGIN 2 */
  99:Core/Src/main.c **** 
 100:Core/Src/main.c ****   /* USER CODE END 2 */
 101:Core/Src/main.c **** 
 102:Core/Src/main.c ****   /* Init scheduler */
 103:Core/Src/main.c ****   osKernelInitialize();  /* Call init function for freertos objects (in freertos.c) */
 104:Core/Src/main.c ****   MX_FREERTOS_Init();
 105:Core/Src/main.c **** 
 106:Core/Src/main.c ****   /* Start scheduler */
 107:Core/Src/main.c ****   osKernelStart();
 108:Core/Src/main.c **** 
 109:Core/Src/main.c ****   /* We should never get here as control is now taken by the scheduler */
 110:Core/Src/main.c ****   /* Infinite loop */
 111:Core/Src/main.c ****   /* USER CODE BEGIN WHILE */
 112:Core/Src/main.c ****   while (1)
 113:Core/Src/main.c ****   {
 114:Core/Src/main.c ****     /* USER CODE END WHILE */
 115:Core/Src/main.c **** 
 116:Core/Src/main.c ****     /* USER CODE BEGIN 3 */
 117:Core/Src/main.c ****   }
 118:Core/Src/main.c ****   /* USER CODE END 3 */
 119:Core/Src/main.c **** }
 120:Core/Src/main.c **** 
 121:Core/Src/main.c **** /**
 122:Core/Src/main.c ****   * @brief System Clock Configuration
 123:Core/Src/main.c ****   * @retval None
 124:Core/Src/main.c ****   */
 125:Core/Src/main.c **** void SystemClock_Config(void)
 126:Core/Src/main.c **** {
 127:Core/Src/main.c ****   RCC_OscInitTypeDef RCC_OscInitStruct = {0};
 128:Core/Src/main.c ****   RCC_ClkInitTypeDef RCC_ClkInitStruct = {0};
 129:Core/Src/main.c **** 
 130:Core/Src/main.c ****   /** Configure the main internal regulator output voltage
 131:Core/Src/main.c ****   */
 132:Core/Src/main.c ****   if (HAL_PWREx_ControlVoltageScaling(PWR_REGULATOR_VOLTAGE_SCALE1) != HAL_OK)
 133:Core/Src/main.c ****   {
 134:Core/Src/main.c ****     Error_Handler();
 135:Core/Src/main.c ****   }
 136:Core/Src/main.c **** 
 137:Core/Src/main.c ****   /** Initializes the RCC Oscillators according to the specified parameters
 138:Core/Src/main.c ****   * in the RCC_OscInitTypeDef structure.
 139:Core/Src/main.c ****   */
 140:Core/Src/main.c ****   RCC_OscInitStruct.OscillatorType = RCC_OSCILLATORTYPE_MSI;
 141:Core/Src/main.c ****   RCC_OscInitStruct.MSIState = RCC_MSI_ON;
 142:Core/Src/main.c ****   RCC_OscInitStruct.MSICalibrationValue = 0;
 143:Core/Src/main.c ****   RCC_OscInitStruct.MSIClockRange = RCC_MSIRANGE_8;
ARM GAS  C:\Users\Karol\AppData\Local\Temp\ccjDHPEm.s 			page 4


 144:Core/Src/main.c ****   RCC_OscInitStruct.PLL.PLLState = RCC_PLL_NONE;
 145:Core/Src/main.c ****   if (HAL_RCC_OscConfig(&RCC_OscInitStruct) != HAL_OK)
 146:Core/Src/main.c ****   {
 147:Core/Src/main.c ****     Error_Handler();
 148:Core/Src/main.c ****   }
 149:Core/Src/main.c **** 
 150:Core/Src/main.c ****   /** Initializes the CPU, AHB and APB buses clocks
 151:Core/Src/main.c ****   */
 152:Core/Src/main.c ****   RCC_ClkInitStruct.ClockType = RCC_CLOCKTYPE_HCLK|RCC_CLOCKTYPE_SYSCLK
 153:Core/Src/main.c ****                               |RCC_CLOCKTYPE_PCLK1|RCC_CLOCKTYPE_PCLK2;
 154:Core/Src/main.c ****   RCC_ClkInitStruct.SYSCLKSource = RCC_SYSCLKSOURCE_MSI;
 155:Core/Src/main.c ****   RCC_ClkInitStruct.AHBCLKDivider = RCC_SYSCLK_DIV1;
 156:Core/Src/main.c ****   RCC_ClkInitStruct.APB1CLKDivider = RCC_HCLK_DIV1;
 157:Core/Src/main.c ****   RCC_ClkInitStruct.APB2CLKDivider = RCC_HCLK_DIV1;
 158:Core/Src/main.c **** 
 159:Core/Src/main.c ****   if (HAL_RCC_ClockConfig(&RCC_ClkInitStruct, FLASH_LATENCY_0) != HAL_OK)
 160:Core/Src/main.c ****   {
 161:Core/Src/main.c ****     Error_Handler();
 162:Core/Src/main.c ****   }
 163:Core/Src/main.c **** }
 164:Core/Src/main.c **** 
 165:Core/Src/main.c **** /* USER CODE BEGIN 4 */
 166:Core/Src/main.c **** 
 167:Core/Src/main.c **** /* USER CODE END 4 */
 168:Core/Src/main.c **** 
 169:Core/Src/main.c **** /**
 170:Core/Src/main.c ****   * @brief  Period elapsed callback in non blocking mode
 171:Core/Src/main.c ****   * @note   This function is called  when TIM6 interrupt took place, inside
 172:Core/Src/main.c ****   * HAL_TIM_IRQHandler(). It makes a direct call to HAL_IncTick() to increment
 173:Core/Src/main.c ****   * a global variable "uwTick" used as application time base.
 174:Core/Src/main.c ****   * @param  htim : TIM handle
 175:Core/Src/main.c ****   * @retval None
 176:Core/Src/main.c ****   */
 177:Core/Src/main.c **** void HAL_TIM_PeriodElapsedCallback(TIM_HandleTypeDef *htim)
 178:Core/Src/main.c **** {
  30              		.loc 1 178 1 view -0
  31              		.cfi_startproc
  32              		@ args = 0, pretend = 0, frame = 0
  33              		@ frame_needed = 0, uses_anonymous_args = 0
  34              		.loc 1 178 1 is_stmt 0 view .LVU1
  35 0000 08B5     		push	{r3, lr}
  36              		.cfi_def_cfa_offset 8
  37              		.cfi_offset 3, -8
  38              		.cfi_offset 14, -4
 179:Core/Src/main.c ****   /* USER CODE BEGIN Callback 0 */
 180:Core/Src/main.c **** 
 181:Core/Src/main.c ****   /* USER CODE END Callback 0 */
 182:Core/Src/main.c ****   if (htim->Instance == TIM6) {
  39              		.loc 1 182 3 is_stmt 1 view .LVU2
  40              		.loc 1 182 11 is_stmt 0 view .LVU3
  41 0002 0268     		ldr	r2, [r0]
  42              		.loc 1 182 6 view .LVU4
  43 0004 034B     		ldr	r3, .L5
  44 0006 9A42     		cmp	r2, r3
  45 0008 00D0     		beq	.L4
  46              	.LVL1:
  47              	.L1:
ARM GAS  C:\Users\Karol\AppData\Local\Temp\ccjDHPEm.s 			page 5


 183:Core/Src/main.c ****     HAL_IncTick();
 184:Core/Src/main.c ****   }
 185:Core/Src/main.c ****   /* USER CODE BEGIN Callback 1 */
 186:Core/Src/main.c **** 
 187:Core/Src/main.c ****   /* USER CODE END Callback 1 */
 188:Core/Src/main.c **** }
  48              		.loc 1 188 1 view .LVU5
  49 000a 08BD     		pop	{r3, pc}
  50              	.LVL2:
  51              	.L4:
 183:Core/Src/main.c ****     HAL_IncTick();
  52              		.loc 1 183 5 is_stmt 1 view .LVU6
  53 000c FFF7FEFF 		bl	HAL_IncTick
  54              	.LVL3:
  55              		.loc 1 188 1 is_stmt 0 view .LVU7
  56 0010 FBE7     		b	.L1
  57              	.L6:
  58 0012 00BF     		.align	2
  59              	.L5:
  60 0014 00100040 		.word	1073745920
  61              		.cfi_endproc
  62              	.LFE327:
  64              		.section	.text.Error_Handler,"ax",%progbits
  65              		.align	1
  66              		.global	Error_Handler
  67              		.syntax unified
  68              		.thumb
  69              		.thumb_func
  71              	Error_Handler:
  72              	.LFB328:
 189:Core/Src/main.c **** 
 190:Core/Src/main.c **** /**
 191:Core/Src/main.c ****   * @brief  This function is executed in case of error occurrence.
 192:Core/Src/main.c ****   * @retval None
 193:Core/Src/main.c ****   */
 194:Core/Src/main.c **** void Error_Handler(void)
 195:Core/Src/main.c **** {
  73              		.loc 1 195 1 is_stmt 1 view -0
  74              		.cfi_startproc
  75              		@ Volatile: function does not return.
  76              		@ args = 0, pretend = 0, frame = 0
  77              		@ frame_needed = 0, uses_anonymous_args = 0
  78              		@ link register save eliminated.
 196:Core/Src/main.c ****   /* USER CODE BEGIN Error_Handler_Debug */
 197:Core/Src/main.c ****   /* User can add his own implementation to report the HAL error return state */
 198:Core/Src/main.c ****   __disable_irq();
  79              		.loc 1 198 3 view .LVU9
  80              	.LBB4:
  81              	.LBI4:
  82              		.file 2 "Drivers/CMSIS/Include/cmsis_gcc.h"
   1:Drivers/CMSIS/Include/cmsis_gcc.h **** /**************************************************************************//**
   2:Drivers/CMSIS/Include/cmsis_gcc.h ****  * @file     cmsis_gcc.h
   3:Drivers/CMSIS/Include/cmsis_gcc.h ****  * @brief    CMSIS compiler GCC header file
   4:Drivers/CMSIS/Include/cmsis_gcc.h ****  * @version  V5.2.0
   5:Drivers/CMSIS/Include/cmsis_gcc.h ****  * @date     08. May 2019
   6:Drivers/CMSIS/Include/cmsis_gcc.h ****  ******************************************************************************/
   7:Drivers/CMSIS/Include/cmsis_gcc.h **** /*
ARM GAS  C:\Users\Karol\AppData\Local\Temp\ccjDHPEm.s 			page 6


   8:Drivers/CMSIS/Include/cmsis_gcc.h ****  * Copyright (c) 2009-2019 Arm Limited. All rights reserved.
   9:Drivers/CMSIS/Include/cmsis_gcc.h ****  *
  10:Drivers/CMSIS/Include/cmsis_gcc.h ****  * SPDX-License-Identifier: Apache-2.0
  11:Drivers/CMSIS/Include/cmsis_gcc.h ****  *
  12:Drivers/CMSIS/Include/cmsis_gcc.h ****  * Licensed under the Apache License, Version 2.0 (the License); you may
  13:Drivers/CMSIS/Include/cmsis_gcc.h ****  * not use this file except in compliance with the License.
  14:Drivers/CMSIS/Include/cmsis_gcc.h ****  * You may obtain a copy of the License at
  15:Drivers/CMSIS/Include/cmsis_gcc.h ****  *
  16:Drivers/CMSIS/Include/cmsis_gcc.h ****  * www.apache.org/licenses/LICENSE-2.0
  17:Drivers/CMSIS/Include/cmsis_gcc.h ****  *
  18:Drivers/CMSIS/Include/cmsis_gcc.h ****  * Unless required by applicable law or agreed to in writing, software
  19:Drivers/CMSIS/Include/cmsis_gcc.h ****  * distributed under the License is distributed on an AS IS BASIS, WITHOUT
  20:Drivers/CMSIS/Include/cmsis_gcc.h ****  * WARRANTIES OR CONDITIONS OF ANY KIND, either express or implied.
  21:Drivers/CMSIS/Include/cmsis_gcc.h ****  * See the License for the specific language governing permissions and
  22:Drivers/CMSIS/Include/cmsis_gcc.h ****  * limitations under the License.
  23:Drivers/CMSIS/Include/cmsis_gcc.h ****  */
  24:Drivers/CMSIS/Include/cmsis_gcc.h **** 
  25:Drivers/CMSIS/Include/cmsis_gcc.h **** #ifndef __CMSIS_GCC_H
  26:Drivers/CMSIS/Include/cmsis_gcc.h **** #define __CMSIS_GCC_H
  27:Drivers/CMSIS/Include/cmsis_gcc.h **** 
  28:Drivers/CMSIS/Include/cmsis_gcc.h **** /* ignore some GCC warnings */
  29:Drivers/CMSIS/Include/cmsis_gcc.h **** #pragma GCC diagnostic push
  30:Drivers/CMSIS/Include/cmsis_gcc.h **** #pragma GCC diagnostic ignored "-Wsign-conversion"
  31:Drivers/CMSIS/Include/cmsis_gcc.h **** #pragma GCC diagnostic ignored "-Wconversion"
  32:Drivers/CMSIS/Include/cmsis_gcc.h **** #pragma GCC diagnostic ignored "-Wunused-parameter"
  33:Drivers/CMSIS/Include/cmsis_gcc.h **** 
  34:Drivers/CMSIS/Include/cmsis_gcc.h **** /* Fallback for __has_builtin */
  35:Drivers/CMSIS/Include/cmsis_gcc.h **** #ifndef __has_builtin
  36:Drivers/CMSIS/Include/cmsis_gcc.h ****   #define __has_builtin(x) (0)
  37:Drivers/CMSIS/Include/cmsis_gcc.h **** #endif
  38:Drivers/CMSIS/Include/cmsis_gcc.h **** 
  39:Drivers/CMSIS/Include/cmsis_gcc.h **** /* CMSIS compiler specific defines */
  40:Drivers/CMSIS/Include/cmsis_gcc.h **** #ifndef   __ASM
  41:Drivers/CMSIS/Include/cmsis_gcc.h ****   #define __ASM                                  __asm
  42:Drivers/CMSIS/Include/cmsis_gcc.h **** #endif
  43:Drivers/CMSIS/Include/cmsis_gcc.h **** #ifndef   __INLINE
  44:Drivers/CMSIS/Include/cmsis_gcc.h ****   #define __INLINE                               inline
  45:Drivers/CMSIS/Include/cmsis_gcc.h **** #endif
  46:Drivers/CMSIS/Include/cmsis_gcc.h **** #ifndef   __STATIC_INLINE
  47:Drivers/CMSIS/Include/cmsis_gcc.h ****   #define __STATIC_INLINE                        static inline
  48:Drivers/CMSIS/Include/cmsis_gcc.h **** #endif
  49:Drivers/CMSIS/Include/cmsis_gcc.h **** #ifndef   __STATIC_FORCEINLINE                 
  50:Drivers/CMSIS/Include/cmsis_gcc.h ****   #define __STATIC_FORCEINLINE                   __attribute__((always_inline)) static inline
  51:Drivers/CMSIS/Include/cmsis_gcc.h **** #endif                                           
  52:Drivers/CMSIS/Include/cmsis_gcc.h **** #ifndef   __NO_RETURN
  53:Drivers/CMSIS/Include/cmsis_gcc.h ****   #define __NO_RETURN                            __attribute__((__noreturn__))
  54:Drivers/CMSIS/Include/cmsis_gcc.h **** #endif
  55:Drivers/CMSIS/Include/cmsis_gcc.h **** #ifndef   __USED
  56:Drivers/CMSIS/Include/cmsis_gcc.h ****   #define __USED                                 __attribute__((used))
  57:Drivers/CMSIS/Include/cmsis_gcc.h **** #endif
  58:Drivers/CMSIS/Include/cmsis_gcc.h **** #ifndef   __WEAK
  59:Drivers/CMSIS/Include/cmsis_gcc.h ****   #define __WEAK                                 __attribute__((weak))
  60:Drivers/CMSIS/Include/cmsis_gcc.h **** #endif
  61:Drivers/CMSIS/Include/cmsis_gcc.h **** #ifndef   __PACKED
  62:Drivers/CMSIS/Include/cmsis_gcc.h ****   #define __PACKED                               __attribute__((packed, aligned(1)))
  63:Drivers/CMSIS/Include/cmsis_gcc.h **** #endif
  64:Drivers/CMSIS/Include/cmsis_gcc.h **** #ifndef   __PACKED_STRUCT
ARM GAS  C:\Users\Karol\AppData\Local\Temp\ccjDHPEm.s 			page 7


  65:Drivers/CMSIS/Include/cmsis_gcc.h ****   #define __PACKED_STRUCT                        struct __attribute__((packed, aligned(1)))
  66:Drivers/CMSIS/Include/cmsis_gcc.h **** #endif
  67:Drivers/CMSIS/Include/cmsis_gcc.h **** #ifndef   __PACKED_UNION
  68:Drivers/CMSIS/Include/cmsis_gcc.h ****   #define __PACKED_UNION                         union __attribute__((packed, aligned(1)))
  69:Drivers/CMSIS/Include/cmsis_gcc.h **** #endif
  70:Drivers/CMSIS/Include/cmsis_gcc.h **** #ifndef   __UNALIGNED_UINT32        /* deprecated */
  71:Drivers/CMSIS/Include/cmsis_gcc.h ****   #pragma GCC diagnostic push
  72:Drivers/CMSIS/Include/cmsis_gcc.h ****   #pragma GCC diagnostic ignored "-Wpacked"
  73:Drivers/CMSIS/Include/cmsis_gcc.h ****   #pragma GCC diagnostic ignored "-Wattributes"
  74:Drivers/CMSIS/Include/cmsis_gcc.h ****   struct __attribute__((packed)) T_UINT32 { uint32_t v; };
  75:Drivers/CMSIS/Include/cmsis_gcc.h ****   #pragma GCC diagnostic pop
  76:Drivers/CMSIS/Include/cmsis_gcc.h ****   #define __UNALIGNED_UINT32(x)                  (((struct T_UINT32 *)(x))->v)
  77:Drivers/CMSIS/Include/cmsis_gcc.h **** #endif
  78:Drivers/CMSIS/Include/cmsis_gcc.h **** #ifndef   __UNALIGNED_UINT16_WRITE
  79:Drivers/CMSIS/Include/cmsis_gcc.h ****   #pragma GCC diagnostic push
  80:Drivers/CMSIS/Include/cmsis_gcc.h ****   #pragma GCC diagnostic ignored "-Wpacked"
  81:Drivers/CMSIS/Include/cmsis_gcc.h ****   #pragma GCC diagnostic ignored "-Wattributes"
  82:Drivers/CMSIS/Include/cmsis_gcc.h ****   __PACKED_STRUCT T_UINT16_WRITE { uint16_t v; };
  83:Drivers/CMSIS/Include/cmsis_gcc.h ****   #pragma GCC diagnostic pop
  84:Drivers/CMSIS/Include/cmsis_gcc.h ****   #define __UNALIGNED_UINT16_WRITE(addr, val)    (void)((((struct T_UINT16_WRITE *)(void *)(addr))-
  85:Drivers/CMSIS/Include/cmsis_gcc.h **** #endif
  86:Drivers/CMSIS/Include/cmsis_gcc.h **** #ifndef   __UNALIGNED_UINT16_READ
  87:Drivers/CMSIS/Include/cmsis_gcc.h ****   #pragma GCC diagnostic push
  88:Drivers/CMSIS/Include/cmsis_gcc.h ****   #pragma GCC diagnostic ignored "-Wpacked"
  89:Drivers/CMSIS/Include/cmsis_gcc.h ****   #pragma GCC diagnostic ignored "-Wattributes"
  90:Drivers/CMSIS/Include/cmsis_gcc.h ****   __PACKED_STRUCT T_UINT16_READ { uint16_t v; };
  91:Drivers/CMSIS/Include/cmsis_gcc.h ****   #pragma GCC diagnostic pop
  92:Drivers/CMSIS/Include/cmsis_gcc.h ****   #define __UNALIGNED_UINT16_READ(addr)          (((const struct T_UINT16_READ *)(const void *)(add
  93:Drivers/CMSIS/Include/cmsis_gcc.h **** #endif
  94:Drivers/CMSIS/Include/cmsis_gcc.h **** #ifndef   __UNALIGNED_UINT32_WRITE
  95:Drivers/CMSIS/Include/cmsis_gcc.h ****   #pragma GCC diagnostic push
  96:Drivers/CMSIS/Include/cmsis_gcc.h ****   #pragma GCC diagnostic ignored "-Wpacked"
  97:Drivers/CMSIS/Include/cmsis_gcc.h ****   #pragma GCC diagnostic ignored "-Wattributes"
  98:Drivers/CMSIS/Include/cmsis_gcc.h ****   __PACKED_STRUCT T_UINT32_WRITE { uint32_t v; };
  99:Drivers/CMSIS/Include/cmsis_gcc.h ****   #pragma GCC diagnostic pop
 100:Drivers/CMSIS/Include/cmsis_gcc.h ****   #define __UNALIGNED_UINT32_WRITE(addr, val)    (void)((((struct T_UINT32_WRITE *)(void *)(addr))-
 101:Drivers/CMSIS/Include/cmsis_gcc.h **** #endif
 102:Drivers/CMSIS/Include/cmsis_gcc.h **** #ifndef   __UNALIGNED_UINT32_READ
 103:Drivers/CMSIS/Include/cmsis_gcc.h ****   #pragma GCC diagnostic push
 104:Drivers/CMSIS/Include/cmsis_gcc.h ****   #pragma GCC diagnostic ignored "-Wpacked"
 105:Drivers/CMSIS/Include/cmsis_gcc.h ****   #pragma GCC diagnostic ignored "-Wattributes"
 106:Drivers/CMSIS/Include/cmsis_gcc.h ****   __PACKED_STRUCT T_UINT32_READ { uint32_t v; };
 107:Drivers/CMSIS/Include/cmsis_gcc.h ****   #pragma GCC diagnostic pop
 108:Drivers/CMSIS/Include/cmsis_gcc.h ****   #define __UNALIGNED_UINT32_READ(addr)          (((const struct T_UINT32_READ *)(const void *)(add
 109:Drivers/CMSIS/Include/cmsis_gcc.h **** #endif
 110:Drivers/CMSIS/Include/cmsis_gcc.h **** #ifndef   __ALIGNED
 111:Drivers/CMSIS/Include/cmsis_gcc.h ****   #define __ALIGNED(x)                           __attribute__((aligned(x)))
 112:Drivers/CMSIS/Include/cmsis_gcc.h **** #endif
 113:Drivers/CMSIS/Include/cmsis_gcc.h **** #ifndef   __RESTRICT
 114:Drivers/CMSIS/Include/cmsis_gcc.h ****   #define __RESTRICT                             __restrict
 115:Drivers/CMSIS/Include/cmsis_gcc.h **** #endif
 116:Drivers/CMSIS/Include/cmsis_gcc.h **** #ifndef   __COMPILER_BARRIER
 117:Drivers/CMSIS/Include/cmsis_gcc.h ****   #define __COMPILER_BARRIER()                   __ASM volatile("":::"memory")
 118:Drivers/CMSIS/Include/cmsis_gcc.h **** #endif
 119:Drivers/CMSIS/Include/cmsis_gcc.h **** 
 120:Drivers/CMSIS/Include/cmsis_gcc.h **** /* #########################  Startup and Lowlevel Init  ######################## */
 121:Drivers/CMSIS/Include/cmsis_gcc.h **** 
ARM GAS  C:\Users\Karol\AppData\Local\Temp\ccjDHPEm.s 			page 8


 122:Drivers/CMSIS/Include/cmsis_gcc.h **** #ifndef __PROGRAM_START
 123:Drivers/CMSIS/Include/cmsis_gcc.h **** 
 124:Drivers/CMSIS/Include/cmsis_gcc.h **** /**
 125:Drivers/CMSIS/Include/cmsis_gcc.h ****   \brief   Initializes data and bss sections
 126:Drivers/CMSIS/Include/cmsis_gcc.h ****   \details This default implementations initialized all data and additional bss
 127:Drivers/CMSIS/Include/cmsis_gcc.h ****            sections relying on .copy.table and .zero.table specified properly
 128:Drivers/CMSIS/Include/cmsis_gcc.h ****            in the used linker script.
 129:Drivers/CMSIS/Include/cmsis_gcc.h ****   
 130:Drivers/CMSIS/Include/cmsis_gcc.h ****  */
 131:Drivers/CMSIS/Include/cmsis_gcc.h **** __STATIC_FORCEINLINE __NO_RETURN void __cmsis_start(void)
 132:Drivers/CMSIS/Include/cmsis_gcc.h **** {
 133:Drivers/CMSIS/Include/cmsis_gcc.h ****   extern void _start(void) __NO_RETURN;
 134:Drivers/CMSIS/Include/cmsis_gcc.h ****   
 135:Drivers/CMSIS/Include/cmsis_gcc.h ****   typedef struct {
 136:Drivers/CMSIS/Include/cmsis_gcc.h ****     uint32_t const* src;
 137:Drivers/CMSIS/Include/cmsis_gcc.h ****     uint32_t* dest;
 138:Drivers/CMSIS/Include/cmsis_gcc.h ****     uint32_t  wlen;
 139:Drivers/CMSIS/Include/cmsis_gcc.h ****   } __copy_table_t;
 140:Drivers/CMSIS/Include/cmsis_gcc.h ****   
 141:Drivers/CMSIS/Include/cmsis_gcc.h ****   typedef struct {
 142:Drivers/CMSIS/Include/cmsis_gcc.h ****     uint32_t* dest;
 143:Drivers/CMSIS/Include/cmsis_gcc.h ****     uint32_t  wlen;
 144:Drivers/CMSIS/Include/cmsis_gcc.h ****   } __zero_table_t;
 145:Drivers/CMSIS/Include/cmsis_gcc.h ****   
 146:Drivers/CMSIS/Include/cmsis_gcc.h ****   extern const __copy_table_t __copy_table_start__;
 147:Drivers/CMSIS/Include/cmsis_gcc.h ****   extern const __copy_table_t __copy_table_end__;
 148:Drivers/CMSIS/Include/cmsis_gcc.h ****   extern const __zero_table_t __zero_table_start__;
 149:Drivers/CMSIS/Include/cmsis_gcc.h ****   extern const __zero_table_t __zero_table_end__;
 150:Drivers/CMSIS/Include/cmsis_gcc.h **** 
 151:Drivers/CMSIS/Include/cmsis_gcc.h ****   for (__copy_table_t const* pTable = &__copy_table_start__; pTable < &__copy_table_end__; ++pTable
 152:Drivers/CMSIS/Include/cmsis_gcc.h ****     for(uint32_t i=0u; i<pTable->wlen; ++i) {
 153:Drivers/CMSIS/Include/cmsis_gcc.h ****       pTable->dest[i] = pTable->src[i];
 154:Drivers/CMSIS/Include/cmsis_gcc.h ****     }
 155:Drivers/CMSIS/Include/cmsis_gcc.h ****   }
 156:Drivers/CMSIS/Include/cmsis_gcc.h ****  
 157:Drivers/CMSIS/Include/cmsis_gcc.h ****   for (__zero_table_t const* pTable = &__zero_table_start__; pTable < &__zero_table_end__; ++pTable
 158:Drivers/CMSIS/Include/cmsis_gcc.h ****     for(uint32_t i=0u; i<pTable->wlen; ++i) {
 159:Drivers/CMSIS/Include/cmsis_gcc.h ****       pTable->dest[i] = 0u;
 160:Drivers/CMSIS/Include/cmsis_gcc.h ****     }
 161:Drivers/CMSIS/Include/cmsis_gcc.h ****   }
 162:Drivers/CMSIS/Include/cmsis_gcc.h ****  
 163:Drivers/CMSIS/Include/cmsis_gcc.h ****   _start();
 164:Drivers/CMSIS/Include/cmsis_gcc.h **** }
 165:Drivers/CMSIS/Include/cmsis_gcc.h ****   
 166:Drivers/CMSIS/Include/cmsis_gcc.h **** #define __PROGRAM_START           __cmsis_start
 167:Drivers/CMSIS/Include/cmsis_gcc.h **** #endif
 168:Drivers/CMSIS/Include/cmsis_gcc.h **** 
 169:Drivers/CMSIS/Include/cmsis_gcc.h **** #ifndef __INITIAL_SP
 170:Drivers/CMSIS/Include/cmsis_gcc.h **** #define __INITIAL_SP              __StackTop
 171:Drivers/CMSIS/Include/cmsis_gcc.h **** #endif
 172:Drivers/CMSIS/Include/cmsis_gcc.h **** 
 173:Drivers/CMSIS/Include/cmsis_gcc.h **** #ifndef __STACK_LIMIT
 174:Drivers/CMSIS/Include/cmsis_gcc.h **** #define __STACK_LIMIT             __StackLimit
 175:Drivers/CMSIS/Include/cmsis_gcc.h **** #endif
 176:Drivers/CMSIS/Include/cmsis_gcc.h **** 
 177:Drivers/CMSIS/Include/cmsis_gcc.h **** #ifndef __VECTOR_TABLE
 178:Drivers/CMSIS/Include/cmsis_gcc.h **** #define __VECTOR_TABLE            __Vectors
ARM GAS  C:\Users\Karol\AppData\Local\Temp\ccjDHPEm.s 			page 9


 179:Drivers/CMSIS/Include/cmsis_gcc.h **** #endif
 180:Drivers/CMSIS/Include/cmsis_gcc.h **** 
 181:Drivers/CMSIS/Include/cmsis_gcc.h **** #ifndef __VECTOR_TABLE_ATTRIBUTE
 182:Drivers/CMSIS/Include/cmsis_gcc.h **** #define __VECTOR_TABLE_ATTRIBUTE  __attribute((used, section(".vectors")))
 183:Drivers/CMSIS/Include/cmsis_gcc.h **** #endif
 184:Drivers/CMSIS/Include/cmsis_gcc.h **** 
 185:Drivers/CMSIS/Include/cmsis_gcc.h **** /* ###########################  Core Function Access  ########################### */
 186:Drivers/CMSIS/Include/cmsis_gcc.h **** /** \ingroup  CMSIS_Core_FunctionInterface
 187:Drivers/CMSIS/Include/cmsis_gcc.h ****     \defgroup CMSIS_Core_RegAccFunctions CMSIS Core Register Access Functions
 188:Drivers/CMSIS/Include/cmsis_gcc.h ****   @{
 189:Drivers/CMSIS/Include/cmsis_gcc.h ****  */
 190:Drivers/CMSIS/Include/cmsis_gcc.h **** 
 191:Drivers/CMSIS/Include/cmsis_gcc.h **** /**
 192:Drivers/CMSIS/Include/cmsis_gcc.h ****   \brief   Enable IRQ Interrupts
 193:Drivers/CMSIS/Include/cmsis_gcc.h ****   \details Enables IRQ interrupts by clearing the I-bit in the CPSR.
 194:Drivers/CMSIS/Include/cmsis_gcc.h ****            Can only be executed in Privileged modes.
 195:Drivers/CMSIS/Include/cmsis_gcc.h ****  */
 196:Drivers/CMSIS/Include/cmsis_gcc.h **** __STATIC_FORCEINLINE void __enable_irq(void)
 197:Drivers/CMSIS/Include/cmsis_gcc.h **** {
 198:Drivers/CMSIS/Include/cmsis_gcc.h ****   __ASM volatile ("cpsie i" : : : "memory");
 199:Drivers/CMSIS/Include/cmsis_gcc.h **** }
 200:Drivers/CMSIS/Include/cmsis_gcc.h **** 
 201:Drivers/CMSIS/Include/cmsis_gcc.h **** 
 202:Drivers/CMSIS/Include/cmsis_gcc.h **** /**
 203:Drivers/CMSIS/Include/cmsis_gcc.h ****   \brief   Disable IRQ Interrupts
 204:Drivers/CMSIS/Include/cmsis_gcc.h ****   \details Disables IRQ interrupts by setting the I-bit in the CPSR.
 205:Drivers/CMSIS/Include/cmsis_gcc.h ****            Can only be executed in Privileged modes.
 206:Drivers/CMSIS/Include/cmsis_gcc.h ****  */
 207:Drivers/CMSIS/Include/cmsis_gcc.h **** __STATIC_FORCEINLINE void __disable_irq(void)
  83              		.loc 2 207 27 view .LVU10
  84              	.LBB5:
 208:Drivers/CMSIS/Include/cmsis_gcc.h **** {
 209:Drivers/CMSIS/Include/cmsis_gcc.h ****   __ASM volatile ("cpsid i" : : : "memory");
  85              		.loc 2 209 3 view .LVU11
  86              		.syntax unified
  87              	@ 209 "Drivers/CMSIS/Include/cmsis_gcc.h" 1
  88 0000 72B6     		cpsid i
  89              	@ 0 "" 2
  90              		.thumb
  91              		.syntax unified
  92              	.L8:
  93              	.LBE5:
  94              	.LBE4:
 199:Core/Src/main.c ****   while (1)
  95              		.loc 1 199 3 discriminator 1 view .LVU12
 200:Core/Src/main.c ****   {
 201:Core/Src/main.c ****   }
  96              		.loc 1 201 3 discriminator 1 view .LVU13
 199:Core/Src/main.c ****   while (1)
  97              		.loc 1 199 9 discriminator 1 view .LVU14
  98 0002 FEE7     		b	.L8
  99              		.cfi_endproc
 100              	.LFE328:
 102              		.section	.text.SystemClock_Config,"ax",%progbits
 103              		.align	1
 104              		.global	SystemClock_Config
 105              		.syntax unified
ARM GAS  C:\Users\Karol\AppData\Local\Temp\ccjDHPEm.s 			page 10


 106              		.thumb
 107              		.thumb_func
 109              	SystemClock_Config:
 110              	.LFB326:
 126:Core/Src/main.c ****   RCC_OscInitTypeDef RCC_OscInitStruct = {0};
 111              		.loc 1 126 1 view -0
 112              		.cfi_startproc
 113              		@ args = 0, pretend = 0, frame = 88
 114              		@ frame_needed = 0, uses_anonymous_args = 0
 115 0000 00B5     		push	{lr}
 116              		.cfi_def_cfa_offset 4
 117              		.cfi_offset 14, -4
 118 0002 97B0     		sub	sp, sp, #92
 119              		.cfi_def_cfa_offset 96
 127:Core/Src/main.c ****   RCC_ClkInitTypeDef RCC_ClkInitStruct = {0};
 120              		.loc 1 127 3 view .LVU16
 127:Core/Src/main.c ****   RCC_ClkInitTypeDef RCC_ClkInitStruct = {0};
 121              		.loc 1 127 22 is_stmt 0 view .LVU17
 122 0004 4422     		movs	r2, #68
 123 0006 0021     		movs	r1, #0
 124 0008 05A8     		add	r0, sp, #20
 125 000a FFF7FEFF 		bl	memset
 126              	.LVL4:
 128:Core/Src/main.c **** 
 127              		.loc 1 128 3 is_stmt 1 view .LVU18
 128:Core/Src/main.c **** 
 128              		.loc 1 128 22 is_stmt 0 view .LVU19
 129 000e 0023     		movs	r3, #0
 130 0010 0093     		str	r3, [sp]
 131 0012 0193     		str	r3, [sp, #4]
 132 0014 0293     		str	r3, [sp, #8]
 133 0016 0393     		str	r3, [sp, #12]
 134 0018 0493     		str	r3, [sp, #16]
 132:Core/Src/main.c ****   {
 135              		.loc 1 132 3 is_stmt 1 view .LVU20
 132:Core/Src/main.c ****   {
 136              		.loc 1 132 7 is_stmt 0 view .LVU21
 137 001a 4FF40070 		mov	r0, #512
 138 001e FFF7FEFF 		bl	HAL_PWREx_ControlVoltageScaling
 139              	.LVL5:
 132:Core/Src/main.c ****   {
 140              		.loc 1 132 6 view .LVU22
 141 0022 D0B9     		cbnz	r0, .L14
 140:Core/Src/main.c ****   RCC_OscInitStruct.MSIState = RCC_MSI_ON;
 142              		.loc 1 140 3 is_stmt 1 view .LVU23
 140:Core/Src/main.c ****   RCC_OscInitStruct.MSIState = RCC_MSI_ON;
 143              		.loc 1 140 36 is_stmt 0 view .LVU24
 144 0024 1023     		movs	r3, #16
 145 0026 0593     		str	r3, [sp, #20]
 141:Core/Src/main.c ****   RCC_OscInitStruct.MSICalibrationValue = 0;
 146              		.loc 1 141 3 is_stmt 1 view .LVU25
 141:Core/Src/main.c ****   RCC_OscInitStruct.MSICalibrationValue = 0;
 147              		.loc 1 141 30 is_stmt 0 view .LVU26
 148 0028 0123     		movs	r3, #1
 149 002a 0B93     		str	r3, [sp, #44]
 142:Core/Src/main.c ****   RCC_OscInitStruct.MSIClockRange = RCC_MSIRANGE_8;
 150              		.loc 1 142 3 is_stmt 1 view .LVU27
ARM GAS  C:\Users\Karol\AppData\Local\Temp\ccjDHPEm.s 			page 11


 142:Core/Src/main.c ****   RCC_OscInitStruct.MSIClockRange = RCC_MSIRANGE_8;
 151              		.loc 1 142 41 is_stmt 0 view .LVU28
 152 002c 0023     		movs	r3, #0
 153 002e 0C93     		str	r3, [sp, #48]
 143:Core/Src/main.c ****   RCC_OscInitStruct.PLL.PLLState = RCC_PLL_NONE;
 154              		.loc 1 143 3 is_stmt 1 view .LVU29
 143:Core/Src/main.c ****   RCC_OscInitStruct.PLL.PLLState = RCC_PLL_NONE;
 155              		.loc 1 143 35 is_stmt 0 view .LVU30
 156 0030 8022     		movs	r2, #128
 157 0032 0D92     		str	r2, [sp, #52]
 144:Core/Src/main.c ****   if (HAL_RCC_OscConfig(&RCC_OscInitStruct) != HAL_OK)
 158              		.loc 1 144 3 is_stmt 1 view .LVU31
 144:Core/Src/main.c ****   if (HAL_RCC_OscConfig(&RCC_OscInitStruct) != HAL_OK)
 159              		.loc 1 144 34 is_stmt 0 view .LVU32
 160 0034 0F93     		str	r3, [sp, #60]
 145:Core/Src/main.c ****   {
 161              		.loc 1 145 3 is_stmt 1 view .LVU33
 145:Core/Src/main.c ****   {
 162              		.loc 1 145 7 is_stmt 0 view .LVU34
 163 0036 05A8     		add	r0, sp, #20
 164 0038 FFF7FEFF 		bl	HAL_RCC_OscConfig
 165              	.LVL6:
 145:Core/Src/main.c ****   {
 166              		.loc 1 145 6 view .LVU35
 167 003c 78B9     		cbnz	r0, .L15
 152:Core/Src/main.c ****                               |RCC_CLOCKTYPE_PCLK1|RCC_CLOCKTYPE_PCLK2;
 168              		.loc 1 152 3 is_stmt 1 view .LVU36
 152:Core/Src/main.c ****                               |RCC_CLOCKTYPE_PCLK1|RCC_CLOCKTYPE_PCLK2;
 169              		.loc 1 152 31 is_stmt 0 view .LVU37
 170 003e 0F23     		movs	r3, #15
 171 0040 0093     		str	r3, [sp]
 154:Core/Src/main.c ****   RCC_ClkInitStruct.AHBCLKDivider = RCC_SYSCLK_DIV1;
 172              		.loc 1 154 3 is_stmt 1 view .LVU38
 154:Core/Src/main.c ****   RCC_ClkInitStruct.AHBCLKDivider = RCC_SYSCLK_DIV1;
 173              		.loc 1 154 34 is_stmt 0 view .LVU39
 174 0042 0021     		movs	r1, #0
 175 0044 0191     		str	r1, [sp, #4]
 155:Core/Src/main.c ****   RCC_ClkInitStruct.APB1CLKDivider = RCC_HCLK_DIV1;
 176              		.loc 1 155 3 is_stmt 1 view .LVU40
 155:Core/Src/main.c ****   RCC_ClkInitStruct.APB1CLKDivider = RCC_HCLK_DIV1;
 177              		.loc 1 155 35 is_stmt 0 view .LVU41
 178 0046 0291     		str	r1, [sp, #8]
 156:Core/Src/main.c ****   RCC_ClkInitStruct.APB2CLKDivider = RCC_HCLK_DIV1;
 179              		.loc 1 156 3 is_stmt 1 view .LVU42
 156:Core/Src/main.c ****   RCC_ClkInitStruct.APB2CLKDivider = RCC_HCLK_DIV1;
 180              		.loc 1 156 36 is_stmt 0 view .LVU43
 181 0048 0391     		str	r1, [sp, #12]
 157:Core/Src/main.c **** 
 182              		.loc 1 157 3 is_stmt 1 view .LVU44
 157:Core/Src/main.c **** 
 183              		.loc 1 157 36 is_stmt 0 view .LVU45
 184 004a 0491     		str	r1, [sp, #16]
 159:Core/Src/main.c ****   {
 185              		.loc 1 159 3 is_stmt 1 view .LVU46
 159:Core/Src/main.c ****   {
 186              		.loc 1 159 7 is_stmt 0 view .LVU47
 187 004c 6846     		mov	r0, sp
ARM GAS  C:\Users\Karol\AppData\Local\Temp\ccjDHPEm.s 			page 12


 188 004e FFF7FEFF 		bl	HAL_RCC_ClockConfig
 189              	.LVL7:
 159:Core/Src/main.c ****   {
 190              		.loc 1 159 6 view .LVU48
 191 0052 30B9     		cbnz	r0, .L16
 163:Core/Src/main.c **** 
 192              		.loc 1 163 1 view .LVU49
 193 0054 17B0     		add	sp, sp, #92
 194              		.cfi_remember_state
 195              		.cfi_def_cfa_offset 4
 196              		@ sp needed
 197 0056 5DF804FB 		ldr	pc, [sp], #4
 198              	.L14:
 199              		.cfi_restore_state
 134:Core/Src/main.c ****   }
 200              		.loc 1 134 5 is_stmt 1 view .LVU50
 201 005a FFF7FEFF 		bl	Error_Handler
 202              	.LVL8:
 203              	.L15:
 147:Core/Src/main.c ****   }
 204              		.loc 1 147 5 view .LVU51
 205 005e FFF7FEFF 		bl	Error_Handler
 206              	.LVL9:
 207              	.L16:
 161:Core/Src/main.c ****   }
 208              		.loc 1 161 5 view .LVU52
 209 0062 FFF7FEFF 		bl	Error_Handler
 210              	.LVL10:
 211              		.cfi_endproc
 212              	.LFE326:
 214              		.section	.text.main,"ax",%progbits
 215              		.align	1
 216              		.global	main
 217              		.syntax unified
 218              		.thumb
 219              		.thumb_func
 221              	main:
 222              	.LFB325:
  70:Core/Src/main.c ****   /* USER CODE BEGIN 1 */
 223              		.loc 1 70 1 view -0
 224              		.cfi_startproc
 225              		@ Volatile: function does not return.
 226              		@ args = 0, pretend = 0, frame = 0
 227              		@ frame_needed = 0, uses_anonymous_args = 0
 228 0000 08B5     		push	{r3, lr}
 229              		.cfi_def_cfa_offset 8
 230              		.cfi_offset 3, -8
 231              		.cfi_offset 14, -4
  78:Core/Src/main.c **** 
 232              		.loc 1 78 3 view .LVU54
 233 0002 FFF7FEFF 		bl	HAL_Init
 234              	.LVL11:
  85:Core/Src/main.c **** 
 235              		.loc 1 85 3 view .LVU55
 236 0006 FFF7FEFF 		bl	SystemClock_Config
 237              	.LVL12:
  92:Core/Src/main.c ****   MX_DMA_Init();
ARM GAS  C:\Users\Karol\AppData\Local\Temp\ccjDHPEm.s 			page 13


 238              		.loc 1 92 3 view .LVU56
 239 000a FFF7FEFF 		bl	MX_GPIO_Init
 240              	.LVL13:
  93:Core/Src/main.c ****   MX_CAN1_Init();
 241              		.loc 1 93 3 view .LVU57
 242 000e FFF7FEFF 		bl	MX_DMA_Init
 243              	.LVL14:
  94:Core/Src/main.c ****   MX_CAN2_Init();
 244              		.loc 1 94 3 view .LVU58
 245 0012 FFF7FEFF 		bl	MX_CAN1_Init
 246              	.LVL15:
  95:Core/Src/main.c ****   MX_ADC2_Init();
 247              		.loc 1 95 3 view .LVU59
 248 0016 FFF7FEFF 		bl	MX_CAN2_Init
 249              	.LVL16:
  96:Core/Src/main.c ****   MX_TIM8_Init();
 250              		.loc 1 96 3 view .LVU60
 251 001a FFF7FEFF 		bl	MX_ADC2_Init
 252              	.LVL17:
  97:Core/Src/main.c ****   /* USER CODE BEGIN 2 */
 253              		.loc 1 97 3 view .LVU61
 254 001e FFF7FEFF 		bl	MX_TIM8_Init
 255              	.LVL18:
 103:Core/Src/main.c ****   MX_FREERTOS_Init();
 256              		.loc 1 103 3 view .LVU62
 257 0022 FFF7FEFF 		bl	osKernelInitialize
 258              	.LVL19:
 104:Core/Src/main.c **** 
 259              		.loc 1 104 3 view .LVU63
 260 0026 FFF7FEFF 		bl	MX_FREERTOS_Init
 261              	.LVL20:
 107:Core/Src/main.c **** 
 262              		.loc 1 107 3 view .LVU64
 263 002a FFF7FEFF 		bl	osKernelStart
 264              	.LVL21:
 265              	.L18:
 112:Core/Src/main.c ****   {
 266              		.loc 1 112 3 discriminator 1 view .LVU65
 117:Core/Src/main.c ****   /* USER CODE END 3 */
 267              		.loc 1 117 3 discriminator 1 view .LVU66
 112:Core/Src/main.c ****   {
 268              		.loc 1 112 9 discriminator 1 view .LVU67
 269 002e FEE7     		b	.L18
 270              		.cfi_endproc
 271              	.LFE325:
 273              		.text
 274              	.Letext0:
 275              		.file 3 "c:\\users\\karol\\appdata\\roaming\\code\\user\\globalstorage\\bmd.stm32-for-vscode\\@xpa
 276              		.file 4 "c:\\users\\karol\\appdata\\roaming\\code\\user\\globalstorage\\bmd.stm32-for-vscode\\@xpa
 277              		.file 5 "Drivers/CMSIS/Device/ST/STM32L4xx/Include/stm32l496xx.h"
 278              		.file 6 "Drivers/STM32L4xx_HAL_Driver/Inc/stm32l4xx_hal_def.h"
 279              		.file 7 "Drivers/STM32L4xx_HAL_Driver/Inc/stm32l4xx_hal_rcc.h"
 280              		.file 8 "Drivers/STM32L4xx_HAL_Driver/Inc/stm32l4xx_hal_dma.h"
 281              		.file 9 "Drivers/STM32L4xx_HAL_Driver/Inc/stm32l4xx_hal_tim.h"
 282              		.file 10 "Middlewares/Third_Party/FreeRTOS/Source/CMSIS_RTOS_V2/cmsis_os2.h"
 283              		.file 11 "Drivers/STM32L4xx_HAL_Driver/Inc/stm32l4xx_hal_pwr_ex.h"
 284              		.file 12 "Drivers/STM32L4xx_HAL_Driver/Inc/stm32l4xx_hal.h"
ARM GAS  C:\Users\Karol\AppData\Local\Temp\ccjDHPEm.s 			page 14


 285              		.file 13 "Core/Inc/tim.h"
 286              		.file 14 "Core/Inc/adc.h"
 287              		.file 15 "Core/Inc/can.h"
 288              		.file 16 "Core/Inc/dma.h"
 289              		.file 17 "Core/Inc/gpio.h"
 290              		.file 18 "<built-in>"
ARM GAS  C:\Users\Karol\AppData\Local\Temp\ccjDHPEm.s 			page 15


DEFINED SYMBOLS
                            *ABS*:00000000 main.c
C:\Users\Karol\AppData\Local\Temp\ccjDHPEm.s:21     .text.HAL_TIM_PeriodElapsedCallback:00000000 $t
C:\Users\Karol\AppData\Local\Temp\ccjDHPEm.s:27     .text.HAL_TIM_PeriodElapsedCallback:00000000 HAL_TIM_PeriodElapsedCallback
C:\Users\Karol\AppData\Local\Temp\ccjDHPEm.s:60     .text.HAL_TIM_PeriodElapsedCallback:00000014 $d
C:\Users\Karol\AppData\Local\Temp\ccjDHPEm.s:65     .text.Error_Handler:00000000 $t
C:\Users\Karol\AppData\Local\Temp\ccjDHPEm.s:71     .text.Error_Handler:00000000 Error_Handler
C:\Users\Karol\AppData\Local\Temp\ccjDHPEm.s:103    .text.SystemClock_Config:00000000 $t
C:\Users\Karol\AppData\Local\Temp\ccjDHPEm.s:109    .text.SystemClock_Config:00000000 SystemClock_Config
C:\Users\Karol\AppData\Local\Temp\ccjDHPEm.s:215    .text.main:00000000 $t
C:\Users\Karol\AppData\Local\Temp\ccjDHPEm.s:221    .text.main:00000000 main

UNDEFINED SYMBOLS
HAL_IncTick
memset
HAL_PWREx_ControlVoltageScaling
HAL_RCC_OscConfig
HAL_RCC_ClockConfig
HAL_Init
MX_GPIO_Init
MX_DMA_Init
MX_CAN1_Init
MX_CAN2_Init
MX_ADC2_Init
MX_TIM8_Init
osKernelInitialize
MX_FREERTOS_Init
osKernelStart
