ARM GAS  C:\Users\Karol\AppData\Local\Temp\cchmgQ7r.s 			page 1


   1              		.cpu cortex-m4
   2              		.arch armv7e-m
   3              		.fpu fpv4-sp-d16
   4              		.eabi_attribute 27, 1
   5              		.eabi_attribute 28, 1
   6              		.eabi_attribute 20, 1
   7              		.eabi_attribute 21, 1
   8              		.eabi_attribute 23, 3
   9              		.eabi_attribute 24, 1
  10              		.eabi_attribute 25, 1
  11              		.eabi_attribute 26, 1
  12              		.eabi_attribute 30, 1
  13              		.eabi_attribute 34, 1
  14              		.eabi_attribute 18, 4
  15              		.file	"pwmdrv.c"
  16              		.text
  17              	.Ltext0:
  18              		.cfi_sections	.debug_frame
  19              		.file 1 "Core/Src/pwmdrv.c"
  20              		.section	.text.prepareTimer,"ax",%progbits
  21              		.align	1
  22              		.global	prepareTimer
  23              		.syntax unified
  24              		.thumb
  25              		.thumb_func
  27              	prepareTimer:
  28              	.LVL0:
  29              	.LFB321:
   1:Core/Src/pwmdrv.c **** #include "typedefs.h"
   2:Core/Src/pwmdrv.c **** 
   3:Core/Src/pwmdrv.c **** //BSP
   4:Core/Src/pwmdrv.c **** #include "stm32l4xx_hal_tim.h"
   5:Core/Src/pwmdrv.c **** 
   6:Core/Src/pwmdrv.c **** #define MAX_PWM_OUTPUTS 8
   7:Core/Src/pwmdrv.c **** 
   8:Core/Src/pwmdrv.c **** typedef struct
   9:Core/Src/pwmdrv.c **** {
  10:Core/Src/pwmdrv.c ****     TIM_TypeDef* tim;
  11:Core/Src/pwmdrv.c ****     io_t io;
  12:Core/Src/pwmdrv.c **** }pwmConfig_t;
  13:Core/Src/pwmdrv.c **** 
  14:Core/Src/pwmdrv.c **** pwmConfig_t pwmConfigArray[MAX_PWM_OUTPUTS] =
  15:Core/Src/pwmdrv.c ****         {
  16:Core/Src/pwmdrv.c ****                 {
  17:Core/Src/pwmdrv.c ****                     .tim = TIM3,
  18:Core/Src/pwmdrv.c ****                     .io = { GPIOC, GPIO_PIN_9}
  19:Core/Src/pwmdrv.c ****                 }
  20:Core/Src/pwmdrv.c **** 
  21:Core/Src/pwmdrv.c ****         };
  22:Core/Src/pwmdrv.c **** 
  23:Core/Src/pwmdrv.c **** HAL_StatusTypeDef prepareTimer( TIM_TypeDef* tim)
  24:Core/Src/pwmdrv.c **** {
  30              		.loc 1 24 1 view -0
  31              		.cfi_startproc
  32              		@ args = 0, pretend = 0, frame = 0
  33              		@ frame_needed = 0, uses_anonymous_args = 0
  34              		@ link register save eliminated.
ARM GAS  C:\Users\Karol\AppData\Local\Temp\cchmgQ7r.s 			page 2


  25:Core/Src/pwmdrv.c **** //    RCC_APB2ENR_TIM3EN
  26:Core/Src/pwmdrv.c **** //    RCC->APB2ENR |= RCC_APB2ENR_TIM11EN;    // Enable TIM11 peripheral clock source
  27:Core/Src/pwmdrv.c **** //    RCC->AHB1ENR |= RCC_AHB1ENR_GPIOCEN;    // Enable GPIOC peripheral clock source
  28:Core/Src/pwmdrv.c **** }
  35              		.loc 1 28 1 view .LVU1
  36              	.LVL1:
  37              		.loc 1 28 1 is_stmt 0 view .LVU2
  38 0000 7047     		bx	lr
  39              		.cfi_endproc
  40              	.LFE321:
  42              		.section	.text.pwmInitialize,"ax",%progbits
  43              		.align	1
  44              		.global	pwmInitialize
  45              		.syntax unified
  46              		.thumb
  47              		.thumb_func
  49              	pwmInitialize:
  50              	.LFB322:
  29:Core/Src/pwmdrv.c **** 
  30:Core/Src/pwmdrv.c **** HAL_StatusTypeDef pwmInitialize(pwmConfig_t config)
  31:Core/Src/pwmdrv.c **** {
  51              		.loc 1 31 1 is_stmt 1 view -0
  52              		.cfi_startproc
  53              		@ args = 0, pretend = 0, frame = 16
  54              		@ frame_needed = 0, uses_anonymous_args = 0
  55              		@ link register save eliminated.
  56 0000 84B0     		sub	sp, sp, #16
  57              		.cfi_def_cfa_offset 16
  58 0002 04AB     		add	r3, sp, #16
  59 0004 03E90700 		stmdb	r3, {r0, r1, r2}
  32:Core/Src/pwmdrv.c **** 
  33:Core/Src/pwmdrv.c **** }...
  60              		.loc 1 33 1 view .LVU4
  61 0008 04B0     		add	sp, sp, #16
  62              		.cfi_def_cfa_offset 0
  63              		@ sp needed
  64 000a 7047     		bx	lr
  65              		.cfi_endproc
  66              	.LFE322:
  68              		.global	pwmConfigArray
  69              		.section	.data.pwmConfigArray,"aw"
  70              		.align	2
  73              	pwmConfigArray:
  74 0000 00040040 		.word	1073742848
  75 0004 00080048 		.word	1207961600
  76 0008 0002     		.short	512
  77 000a 0000     		.space	2
  78 000c 00000000 		.space	84
  78      00000000 
  78      00000000 
  78      00000000 
  78      00000000 
  79              		.text
  80              	.Letext0:
  81              		.file 2 "c:\\users\\karol\\appdata\\roaming\\code\\user\\globalstorage\\bmd.stm32-for-vscode\\@xpa
  82              		.file 3 "c:\\users\\karol\\appdata\\roaming\\code\\user\\globalstorage\\bmd.stm32-for-vscode\\@xpa
  83              		.file 4 "Drivers/CMSIS/Device/ST/STM32L4xx/Include/stm32l496xx.h"
ARM GAS  C:\Users\Karol\AppData\Local\Temp\cchmgQ7r.s 			page 3


  84              		.file 5 "Drivers/STM32L4xx_HAL_Driver/Inc/stm32l4xx_hal_def.h"
  85              		.file 6 "Core/Inc/typedefs.h"
ARM GAS  C:\Users\Karol\AppData\Local\Temp\cchmgQ7r.s 			page 4


DEFINED SYMBOLS
                            *ABS*:00000000 pwmdrv.c
C:\Users\Karol\AppData\Local\Temp\cchmgQ7r.s:21     .text.prepareTimer:00000000 $t
C:\Users\Karol\AppData\Local\Temp\cchmgQ7r.s:27     .text.prepareTimer:00000000 prepareTimer
C:\Users\Karol\AppData\Local\Temp\cchmgQ7r.s:43     .text.pwmInitialize:00000000 $t
C:\Users\Karol\AppData\Local\Temp\cchmgQ7r.s:49     .text.pwmInitialize:00000000 pwmInitialize
C:\Users\Karol\AppData\Local\Temp\cchmgQ7r.s:73     .data.pwmConfigArray:00000000 pwmConfigArray
C:\Users\Karol\AppData\Local\Temp\cchmgQ7r.s:70     .data.pwmConfigArray:00000000 $d

NO UNDEFINED SYMBOLS
