ARM GAS  C:\Users\Karol\AppData\Local\Temp\cc9XKxMX.s 			page 1


   1              		.cpu cortex-m4
   2              		.arch armv7e-m
   3              		.fpu fpv4-sp-d16
   4              		.eabi_attribute 27, 1
   5              		.eabi_attribute 28, 1
   6              		.eabi_attribute 20, 1
   7              		.eabi_attribute 21, 1
   8              		.eabi_attribute 23, 3
   9              		.eabi_attribute 24, 1
  10              		.eabi_attribute 25, 1
  11              		.eabi_attribute 26, 1
  12              		.eabi_attribute 30, 1
  13              		.eabi_attribute 34, 1
  14              		.eabi_attribute 18, 4
  15              		.file	"tim.c"
  16              		.text
  17              	.Ltext0:
  18              		.cfi_sections	.debug_frame
  19              		.file 1 "Core/Src/tim.c"
  20              		.section	.text.MX_TIM8_Init,"ax",%progbits
  21              		.align	1
  22              		.global	MX_TIM8_Init
  23              		.syntax unified
  24              		.thumb
  25              		.thumb_func
  27              	MX_TIM8_Init:
  28              	.LFB321:
   1:Core/Src/tim.c **** /* USER CODE BEGIN Header */
   2:Core/Src/tim.c **** /**
   3:Core/Src/tim.c ****   ******************************************************************************
   4:Core/Src/tim.c ****   * @file    tim.c
   5:Core/Src/tim.c ****   * @brief   This file provides code for the configuration
   6:Core/Src/tim.c ****   *          of the TIM instances.
   7:Core/Src/tim.c ****   ******************************************************************************
   8:Core/Src/tim.c ****   * @attention
   9:Core/Src/tim.c ****   *
  10:Core/Src/tim.c ****   * Copyright (c) 2023 STMicroelectronics.
  11:Core/Src/tim.c ****   * All rights reserved.
  12:Core/Src/tim.c ****   *
  13:Core/Src/tim.c ****   * This software is licensed under terms that can be found in the LICENSE file
  14:Core/Src/tim.c ****   * in the root directory of this software component.
  15:Core/Src/tim.c ****   * If no LICENSE file comes with this software, it is provided AS-IS.
  16:Core/Src/tim.c ****   *
  17:Core/Src/tim.c ****   ******************************************************************************
  18:Core/Src/tim.c ****   */
  19:Core/Src/tim.c **** /* USER CODE END Header */
  20:Core/Src/tim.c **** /* Includes ------------------------------------------------------------------*/
  21:Core/Src/tim.c **** #include "tim.h"
  22:Core/Src/tim.c **** 
  23:Core/Src/tim.c **** /* USER CODE BEGIN 0 */
  24:Core/Src/tim.c **** 
  25:Core/Src/tim.c **** /* USER CODE END 0 */
  26:Core/Src/tim.c **** 
  27:Core/Src/tim.c **** TIM_HandleTypeDef htim8;
  28:Core/Src/tim.c **** 
  29:Core/Src/tim.c **** /* TIM8 init function */
  30:Core/Src/tim.c **** void MX_TIM8_Init(void)
ARM GAS  C:\Users\Karol\AppData\Local\Temp\cc9XKxMX.s 			page 2


  31:Core/Src/tim.c **** {
  29              		.loc 1 31 1 view -0
  30              		.cfi_startproc
  31              		@ args = 0, pretend = 0, frame = 32
  32              		@ frame_needed = 0, uses_anonymous_args = 0
  33 0000 00B5     		push	{lr}
  34              		.cfi_def_cfa_offset 4
  35              		.cfi_offset 14, -4
  36 0002 89B0     		sub	sp, sp, #36
  37              		.cfi_def_cfa_offset 40
  32:Core/Src/tim.c **** 
  33:Core/Src/tim.c ****   /* USER CODE BEGIN TIM8_Init 0 */
  34:Core/Src/tim.c **** 
  35:Core/Src/tim.c ****   /* USER CODE END TIM8_Init 0 */
  36:Core/Src/tim.c **** 
  37:Core/Src/tim.c ****   TIM_ClockConfigTypeDef sClockSourceConfig = {0};
  38              		.loc 1 37 3 view .LVU1
  39              		.loc 1 37 26 is_stmt 0 view .LVU2
  40 0004 0023     		movs	r3, #0
  41 0006 0493     		str	r3, [sp, #16]
  42 0008 0593     		str	r3, [sp, #20]
  43 000a 0693     		str	r3, [sp, #24]
  44 000c 0793     		str	r3, [sp, #28]
  38:Core/Src/tim.c ****   TIM_MasterConfigTypeDef sMasterConfig = {0};
  45              		.loc 1 38 3 is_stmt 1 view .LVU3
  46              		.loc 1 38 27 is_stmt 0 view .LVU4
  47 000e 0193     		str	r3, [sp, #4]
  48 0010 0293     		str	r3, [sp, #8]
  49 0012 0393     		str	r3, [sp, #12]
  39:Core/Src/tim.c **** 
  40:Core/Src/tim.c ****   /* USER CODE BEGIN TIM8_Init 1 */
  41:Core/Src/tim.c **** 
  42:Core/Src/tim.c ****   /* USER CODE END TIM8_Init 1 */
  43:Core/Src/tim.c ****   htim8.Instance = TIM8;
  50              		.loc 1 43 3 is_stmt 1 view .LVU5
  51              		.loc 1 43 18 is_stmt 0 view .LVU6
  52 0014 1648     		ldr	r0, .L9
  53 0016 174A     		ldr	r2, .L9+4
  54 0018 0260     		str	r2, [r0]
  44:Core/Src/tim.c ****   htim8.Init.Prescaler = 1600-1;
  55              		.loc 1 44 3 is_stmt 1 view .LVU7
  56              		.loc 1 44 24 is_stmt 0 view .LVU8
  57 001a 40F23F62 		movw	r2, #1599
  58 001e 4260     		str	r2, [r0, #4]
  45:Core/Src/tim.c ****   htim8.Init.CounterMode = TIM_COUNTERMODE_UP;
  59              		.loc 1 45 3 is_stmt 1 view .LVU9
  60              		.loc 1 45 26 is_stmt 0 view .LVU10
  61 0020 8360     		str	r3, [r0, #8]
  46:Core/Src/tim.c ****   htim8.Init.Period = 49;
  62              		.loc 1 46 3 is_stmt 1 view .LVU11
  63              		.loc 1 46 21 is_stmt 0 view .LVU12
  64 0022 3122     		movs	r2, #49
  65 0024 C260     		str	r2, [r0, #12]
  47:Core/Src/tim.c ****   htim8.Init.ClockDivision = TIM_CLOCKDIVISION_DIV1;
  66              		.loc 1 47 3 is_stmt 1 view .LVU13
  67              		.loc 1 47 28 is_stmt 0 view .LVU14
  68 0026 0361     		str	r3, [r0, #16]
ARM GAS  C:\Users\Karol\AppData\Local\Temp\cc9XKxMX.s 			page 3


  48:Core/Src/tim.c ****   htim8.Init.RepetitionCounter = 0;
  69              		.loc 1 48 3 is_stmt 1 view .LVU15
  70              		.loc 1 48 32 is_stmt 0 view .LVU16
  71 0028 4361     		str	r3, [r0, #20]
  49:Core/Src/tim.c ****   htim8.Init.AutoReloadPreload = TIM_AUTORELOAD_PRELOAD_DISABLE;
  72              		.loc 1 49 3 is_stmt 1 view .LVU17
  73              		.loc 1 49 32 is_stmt 0 view .LVU18
  74 002a 8361     		str	r3, [r0, #24]
  50:Core/Src/tim.c ****   if (HAL_TIM_Base_Init(&htim8) != HAL_OK)
  75              		.loc 1 50 3 is_stmt 1 view .LVU19
  76              		.loc 1 50 7 is_stmt 0 view .LVU20
  77 002c FFF7FEFF 		bl	HAL_TIM_Base_Init
  78              	.LVL0:
  79              		.loc 1 50 6 view .LVU21
  80 0030 A0B9     		cbnz	r0, .L6
  81              	.L2:
  51:Core/Src/tim.c ****   {
  52:Core/Src/tim.c ****     Error_Handler();
  53:Core/Src/tim.c ****   }
  54:Core/Src/tim.c ****   sClockSourceConfig.ClockSource = TIM_CLOCKSOURCE_INTERNAL;
  82              		.loc 1 54 3 is_stmt 1 view .LVU22
  83              		.loc 1 54 34 is_stmt 0 view .LVU23
  84 0032 4FF48053 		mov	r3, #4096
  85 0036 0493     		str	r3, [sp, #16]
  55:Core/Src/tim.c ****   if (HAL_TIM_ConfigClockSource(&htim8, &sClockSourceConfig) != HAL_OK)
  86              		.loc 1 55 3 is_stmt 1 view .LVU24
  87              		.loc 1 55 7 is_stmt 0 view .LVU25
  88 0038 04A9     		add	r1, sp, #16
  89 003a 0D48     		ldr	r0, .L9
  90 003c FFF7FEFF 		bl	HAL_TIM_ConfigClockSource
  91              	.LVL1:
  92              		.loc 1 55 6 view .LVU26
  93 0040 78B9     		cbnz	r0, .L7
  94              	.L3:
  56:Core/Src/tim.c ****   {
  57:Core/Src/tim.c ****     Error_Handler();
  58:Core/Src/tim.c ****   }
  59:Core/Src/tim.c ****   sMasterConfig.MasterOutputTrigger = TIM_TRGO_UPDATE;
  95              		.loc 1 59 3 is_stmt 1 view .LVU27
  96              		.loc 1 59 37 is_stmt 0 view .LVU28
  97 0042 2023     		movs	r3, #32
  98 0044 0193     		str	r3, [sp, #4]
  60:Core/Src/tim.c ****   sMasterConfig.MasterOutputTrigger2 = TIM_TRGO2_RESET;
  99              		.loc 1 60 3 is_stmt 1 view .LVU29
 100              		.loc 1 60 38 is_stmt 0 view .LVU30
 101 0046 0023     		movs	r3, #0
 102 0048 0293     		str	r3, [sp, #8]
  61:Core/Src/tim.c ****   sMasterConfig.MasterSlaveMode = TIM_MASTERSLAVEMODE_DISABLE;
 103              		.loc 1 61 3 is_stmt 1 view .LVU31
 104              		.loc 1 61 33 is_stmt 0 view .LVU32
 105 004a 0393     		str	r3, [sp, #12]
  62:Core/Src/tim.c ****   if (HAL_TIMEx_MasterConfigSynchronization(&htim8, &sMasterConfig) != HAL_OK)
 106              		.loc 1 62 3 is_stmt 1 view .LVU33
 107              		.loc 1 62 7 is_stmt 0 view .LVU34
 108 004c 01A9     		add	r1, sp, #4
 109 004e 0848     		ldr	r0, .L9
 110 0050 FFF7FEFF 		bl	HAL_TIMEx_MasterConfigSynchronization
ARM GAS  C:\Users\Karol\AppData\Local\Temp\cc9XKxMX.s 			page 4


 111              	.LVL2:
 112              		.loc 1 62 6 view .LVU35
 113 0054 40B9     		cbnz	r0, .L8
 114              	.L1:
  63:Core/Src/tim.c ****   {
  64:Core/Src/tim.c ****     Error_Handler();
  65:Core/Src/tim.c ****   }
  66:Core/Src/tim.c ****   /* USER CODE BEGIN TIM8_Init 2 */
  67:Core/Src/tim.c **** 
  68:Core/Src/tim.c ****   /* USER CODE END TIM8_Init 2 */
  69:Core/Src/tim.c **** 
  70:Core/Src/tim.c **** }
 115              		.loc 1 70 1 view .LVU36
 116 0056 09B0     		add	sp, sp, #36
 117              		.cfi_remember_state
 118              		.cfi_def_cfa_offset 4
 119              		@ sp needed
 120 0058 5DF804FB 		ldr	pc, [sp], #4
 121              	.L6:
 122              		.cfi_restore_state
  52:Core/Src/tim.c ****   }
 123              		.loc 1 52 5 is_stmt 1 view .LVU37
 124 005c FFF7FEFF 		bl	Error_Handler
 125              	.LVL3:
 126 0060 E7E7     		b	.L2
 127              	.L7:
  57:Core/Src/tim.c ****   }
 128              		.loc 1 57 5 view .LVU38
 129 0062 FFF7FEFF 		bl	Error_Handler
 130              	.LVL4:
 131 0066 ECE7     		b	.L3
 132              	.L8:
  64:Core/Src/tim.c ****   }
 133              		.loc 1 64 5 view .LVU39
 134 0068 FFF7FEFF 		bl	Error_Handler
 135              	.LVL5:
 136              		.loc 1 70 1 is_stmt 0 view .LVU40
 137 006c F3E7     		b	.L1
 138              	.L10:
 139 006e 00BF     		.align	2
 140              	.L9:
 141 0070 00000000 		.word	htim8
 142 0074 00340140 		.word	1073820672
 143              		.cfi_endproc
 144              	.LFE321:
 146              		.section	.text.HAL_TIM_Base_MspInit,"ax",%progbits
 147              		.align	1
 148              		.global	HAL_TIM_Base_MspInit
 149              		.syntax unified
 150              		.thumb
 151              		.thumb_func
 153              	HAL_TIM_Base_MspInit:
 154              	.LVL6:
 155              	.LFB322:
  71:Core/Src/tim.c **** 
  72:Core/Src/tim.c **** void HAL_TIM_Base_MspInit(TIM_HandleTypeDef* tim_baseHandle)
  73:Core/Src/tim.c **** {
ARM GAS  C:\Users\Karol\AppData\Local\Temp\cc9XKxMX.s 			page 5


 156              		.loc 1 73 1 is_stmt 1 view -0
 157              		.cfi_startproc
 158              		@ args = 0, pretend = 0, frame = 8
 159              		@ frame_needed = 0, uses_anonymous_args = 0
 160              		@ link register save eliminated.
  74:Core/Src/tim.c **** 
  75:Core/Src/tim.c ****   if(tim_baseHandle->Instance==TIM8)
 161              		.loc 1 75 3 view .LVU42
 162              		.loc 1 75 20 is_stmt 0 view .LVU43
 163 0000 0268     		ldr	r2, [r0]
 164              		.loc 1 75 5 view .LVU44
 165 0002 094B     		ldr	r3, .L18
 166 0004 9A42     		cmp	r2, r3
 167 0006 00D0     		beq	.L17
 168 0008 7047     		bx	lr
 169              	.L17:
  73:Core/Src/tim.c **** 
 170              		.loc 1 73 1 view .LVU45
 171 000a 82B0     		sub	sp, sp, #8
 172              		.cfi_def_cfa_offset 8
  76:Core/Src/tim.c ****   {
  77:Core/Src/tim.c ****   /* USER CODE BEGIN TIM8_MspInit 0 */
  78:Core/Src/tim.c **** 
  79:Core/Src/tim.c ****   /* USER CODE END TIM8_MspInit 0 */
  80:Core/Src/tim.c ****     /* TIM8 clock enable */
  81:Core/Src/tim.c ****     __HAL_RCC_TIM8_CLK_ENABLE();
 173              		.loc 1 81 5 is_stmt 1 view .LVU46
 174              	.LBB2:
 175              		.loc 1 81 5 view .LVU47
 176              		.loc 1 81 5 view .LVU48
 177 000c 03F55C43 		add	r3, r3, #56320
 178 0010 1A6E     		ldr	r2, [r3, #96]
 179 0012 42F40052 		orr	r2, r2, #8192
 180 0016 1A66     		str	r2, [r3, #96]
 181              		.loc 1 81 5 view .LVU49
 182 0018 1B6E     		ldr	r3, [r3, #96]
 183 001a 03F40053 		and	r3, r3, #8192
 184 001e 0193     		str	r3, [sp, #4]
 185              		.loc 1 81 5 view .LVU50
 186 0020 019B     		ldr	r3, [sp, #4]
 187              	.LBE2:
 188              		.loc 1 81 5 view .LVU51
  82:Core/Src/tim.c ****   /* USER CODE BEGIN TIM8_MspInit 1 */
  83:Core/Src/tim.c **** 
  84:Core/Src/tim.c ****   /* USER CODE END TIM8_MspInit 1 */
  85:Core/Src/tim.c ****   }
  86:Core/Src/tim.c **** }
 189              		.loc 1 86 1 is_stmt 0 view .LVU52
 190 0022 02B0     		add	sp, sp, #8
 191              		.cfi_def_cfa_offset 0
 192              		@ sp needed
 193 0024 7047     		bx	lr
 194              	.L19:
 195 0026 00BF     		.align	2
 196              	.L18:
 197 0028 00340140 		.word	1073820672
 198              		.cfi_endproc
ARM GAS  C:\Users\Karol\AppData\Local\Temp\cc9XKxMX.s 			page 6


 199              	.LFE322:
 201              		.section	.text.HAL_TIM_Base_MspDeInit,"ax",%progbits
 202              		.align	1
 203              		.global	HAL_TIM_Base_MspDeInit
 204              		.syntax unified
 205              		.thumb
 206              		.thumb_func
 208              	HAL_TIM_Base_MspDeInit:
 209              	.LVL7:
 210              	.LFB323:
  87:Core/Src/tim.c **** 
  88:Core/Src/tim.c **** void HAL_TIM_Base_MspDeInit(TIM_HandleTypeDef* tim_baseHandle)
  89:Core/Src/tim.c **** {
 211              		.loc 1 89 1 is_stmt 1 view -0
 212              		.cfi_startproc
 213              		@ args = 0, pretend = 0, frame = 0
 214              		@ frame_needed = 0, uses_anonymous_args = 0
 215              		@ link register save eliminated.
  90:Core/Src/tim.c **** 
  91:Core/Src/tim.c ****   if(tim_baseHandle->Instance==TIM8)
 216              		.loc 1 91 3 view .LVU54
 217              		.loc 1 91 20 is_stmt 0 view .LVU55
 218 0000 0268     		ldr	r2, [r0]
 219              		.loc 1 91 5 view .LVU56
 220 0002 054B     		ldr	r3, .L23
 221 0004 9A42     		cmp	r2, r3
 222 0006 00D0     		beq	.L22
 223              	.L20:
  92:Core/Src/tim.c ****   {
  93:Core/Src/tim.c ****   /* USER CODE BEGIN TIM8_MspDeInit 0 */
  94:Core/Src/tim.c **** 
  95:Core/Src/tim.c ****   /* USER CODE END TIM8_MspDeInit 0 */
  96:Core/Src/tim.c ****     /* Peripheral clock disable */
  97:Core/Src/tim.c ****     __HAL_RCC_TIM8_CLK_DISABLE();
  98:Core/Src/tim.c ****   /* USER CODE BEGIN TIM8_MspDeInit 1 */
  99:Core/Src/tim.c **** 
 100:Core/Src/tim.c ****   /* USER CODE END TIM8_MspDeInit 1 */
 101:Core/Src/tim.c ****   }
 102:Core/Src/tim.c **** }
 224              		.loc 1 102 1 view .LVU57
 225 0008 7047     		bx	lr
 226              	.L22:
  97:Core/Src/tim.c ****   /* USER CODE BEGIN TIM8_MspDeInit 1 */
 227              		.loc 1 97 5 is_stmt 1 view .LVU58
 228 000a 044A     		ldr	r2, .L23+4
 229 000c 136E     		ldr	r3, [r2, #96]
 230 000e 23F40053 		bic	r3, r3, #8192
 231 0012 1366     		str	r3, [r2, #96]
 232              		.loc 1 102 1 is_stmt 0 view .LVU59
 233 0014 F8E7     		b	.L20
 234              	.L24:
 235 0016 00BF     		.align	2
 236              	.L23:
 237 0018 00340140 		.word	1073820672
 238 001c 00100240 		.word	1073876992
 239              		.cfi_endproc
 240              	.LFE323:
ARM GAS  C:\Users\Karol\AppData\Local\Temp\cc9XKxMX.s 			page 7


 242              		.global	htim8
 243              		.section	.bss.htim8,"aw",%nobits
 244              		.align	2
 247              	htim8:
 248 0000 00000000 		.space	76
 248      00000000 
 248      00000000 
 248      00000000 
 248      00000000 
 249              		.text
 250              	.Letext0:
 251              		.file 2 "c:\\users\\karol\\appdata\\roaming\\code\\user\\globalstorage\\bmd.stm32-for-vscode\\@xpa
 252              		.file 3 "c:\\users\\karol\\appdata\\roaming\\code\\user\\globalstorage\\bmd.stm32-for-vscode\\@xpa
 253              		.file 4 "Drivers/CMSIS/Device/ST/STM32L4xx/Include/stm32l496xx.h"
 254              		.file 5 "Drivers/STM32L4xx_HAL_Driver/Inc/stm32l4xx_hal_def.h"
 255              		.file 6 "Drivers/STM32L4xx_HAL_Driver/Inc/stm32l4xx_hal_dma.h"
 256              		.file 7 "Drivers/STM32L4xx_HAL_Driver/Inc/stm32l4xx_hal_tim.h"
 257              		.file 8 "Drivers/STM32L4xx_HAL_Driver/Inc/stm32l4xx_hal_tim_ex.h"
 258              		.file 9 "Core/Inc/tim.h"
 259              		.file 10 "Core/Inc/main.h"
ARM GAS  C:\Users\Karol\AppData\Local\Temp\cc9XKxMX.s 			page 8


DEFINED SYMBOLS
                            *ABS*:00000000 tim.c
C:\Users\Karol\AppData\Local\Temp\cc9XKxMX.s:21     .text.MX_TIM8_Init:00000000 $t
C:\Users\Karol\AppData\Local\Temp\cc9XKxMX.s:27     .text.MX_TIM8_Init:00000000 MX_TIM8_Init
C:\Users\Karol\AppData\Local\Temp\cc9XKxMX.s:141    .text.MX_TIM8_Init:00000070 $d
C:\Users\Karol\AppData\Local\Temp\cc9XKxMX.s:247    .bss.htim8:00000000 htim8
C:\Users\Karol\AppData\Local\Temp\cc9XKxMX.s:147    .text.HAL_TIM_Base_MspInit:00000000 $t
C:\Users\Karol\AppData\Local\Temp\cc9XKxMX.s:153    .text.HAL_TIM_Base_MspInit:00000000 HAL_TIM_Base_MspInit
C:\Users\Karol\AppData\Local\Temp\cc9XKxMX.s:197    .text.HAL_TIM_Base_MspInit:00000028 $d
C:\Users\Karol\AppData\Local\Temp\cc9XKxMX.s:202    .text.HAL_TIM_Base_MspDeInit:00000000 $t
C:\Users\Karol\AppData\Local\Temp\cc9XKxMX.s:208    .text.HAL_TIM_Base_MspDeInit:00000000 HAL_TIM_Base_MspDeInit
C:\Users\Karol\AppData\Local\Temp\cc9XKxMX.s:237    .text.HAL_TIM_Base_MspDeInit:00000018 $d
C:\Users\Karol\AppData\Local\Temp\cc9XKxMX.s:244    .bss.htim8:00000000 $d

UNDEFINED SYMBOLS
HAL_TIM_Base_Init
HAL_TIM_ConfigClockSource
HAL_TIMEx_MasterConfigSynchronization
Error_Handler
