05-17 01:01:13 com_github_MitjaNemec_PlaceFootprints.action_place_footprints 405:Plugin executed on: 'win32'
05-17 01:01:13 com_github_MitjaNemec_PlaceFootprints.action_place_footprints 406:Plugin executed with python version: '3.9.14 (main, Sep 19 2022, 05:11:57) [MSC v.1932 64 bit (AMD64)]'
05-17 01:01:13 com_github_MitjaNemec_PlaceFootprints.action_place_footprints 407:KiCad build version: (6.0.8)
05-17 01:01:13 com_github_MitjaNemec_PlaceFootprints.action_place_footprints 408:Plugin version: 1.2.12
05-17 01:01:13 com_github_MitjaNemec_PlaceFootprints.action_place_footprints 409:Frame repr: <wx._core.Frame object at 0x000001EF08F3B4C0>
05-17 01:01:13 com_github_MitjaNemec_PlaceFootprints.place_footprints 121:getting a list of all footprints on board
05-17 01:01:13 com_github_MitjaNemec_PlaceFootprints.place_footprints 156:Footprint C78 on root level
05-17 01:01:13 com_github_MitjaNemec_PlaceFootprints.place_footprints 156:Footprint R109 on root level
05-17 01:01:13 com_github_MitjaNemec_PlaceFootprints.place_footprints 156:Footprint C42 on root level
05-17 01:01:13 com_github_MitjaNemec_PlaceFootprints.place_footprints 156:Footprint C48 on root level
05-17 01:01:13 com_github_MitjaNemec_PlaceFootprints.place_footprints 156:Footprint C81 on root level
05-17 01:01:13 com_github_MitjaNemec_PlaceFootprints.place_footprints 156:Footprint J1 on root level
05-17 01:01:13 com_github_MitjaNemec_PlaceFootprints.place_footprints 156:Footprint C44 on root level
05-17 01:01:13 com_github_MitjaNemec_PlaceFootprints.place_footprints 156:Footprint IC20 on root level
05-17 01:01:13 com_github_MitjaNemec_PlaceFootprints.place_footprints 156:Footprint C52 on root level
05-17 01:01:13 com_github_MitjaNemec_PlaceFootprints.place_footprints 156:Footprint C82 on root level
05-17 01:01:13 com_github_MitjaNemec_PlaceFootprints.place_footprints 156:Footprint D33 on root level
05-17 01:01:13 com_github_MitjaNemec_PlaceFootprints.place_footprints 156:Footprint C46 on root level
05-17 01:01:13 com_github_MitjaNemec_PlaceFootprints.place_footprints 156:Footprint R54 on root level
05-17 01:01:13 com_github_MitjaNemec_PlaceFootprints.place_footprints 156:Footprint C49 on root level
05-17 01:01:13 com_github_MitjaNemec_PlaceFootprints.place_footprints 156:Footprint D34 on root level
05-17 01:01:13 com_github_MitjaNemec_PlaceFootprints.place_footprints 156:Footprint IC19 on root level
05-17 01:01:13 com_github_MitjaNemec_PlaceFootprints.place_footprints 156:Footprint C77 on root level
05-17 01:01:13 com_github_MitjaNemec_PlaceFootprints.place_footprints 156:Footprint R66 on root level
05-17 01:01:13 com_github_MitjaNemec_PlaceFootprints.place_footprints 156:Footprint C43 on root level
05-17 01:01:13 com_github_MitjaNemec_PlaceFootprints.place_footprints 156:Footprint C41 on root level
05-17 01:01:13 com_github_MitjaNemec_PlaceFootprints.place_footprints 156:Footprint Y2 on root level
05-17 01:01:13 com_github_MitjaNemec_PlaceFootprints.place_footprints 156:Footprint C85 on root level
05-17 01:01:13 com_github_MitjaNemec_PlaceFootprints.place_footprints 156:Footprint Y1 on root level
05-17 01:01:13 com_github_MitjaNemec_PlaceFootprints.place_footprints 156:Footprint C53 on root level
05-17 01:01:13 com_github_MitjaNemec_PlaceFootprints.place_footprints 156:Footprint R108 on root level
05-17 01:01:13 com_github_MitjaNemec_PlaceFootprints.place_footprints 156:Footprint D35 on root level
05-17 01:01:13 com_github_MitjaNemec_PlaceFootprints.place_footprints 156:Footprint C80 on root level
05-17 01:01:13 com_github_MitjaNemec_PlaceFootprints.place_footprints 156:Footprint C50 on root level
05-17 01:01:13 com_github_MitjaNemec_PlaceFootprints.place_footprints 156:Footprint J2 on root level
05-17 01:01:13 com_github_MitjaNemec_PlaceFootprints.place_footprints 156:Footprint L1 on root level
05-17 01:01:13 com_github_MitjaNemec_PlaceFootprints.place_footprints 156:Footprint JP1 on root level
05-17 01:01:13 com_github_MitjaNemec_PlaceFootprints.place_footprints 156:Footprint C84 on root level
05-17 01:01:13 com_github_MitjaNemec_PlaceFootprints.place_footprints 156:Footprint C79 on root level
05-17 01:01:13 com_github_MitjaNemec_PlaceFootprints.place_footprints 156:Footprint C83 on root level
05-17 01:01:13 com_github_MitjaNemec_PlaceFootprints.place_footprints 156:Footprint C47 on root level
05-17 01:01:13 com_github_MitjaNemec_PlaceFootprints.place_footprints 156:Footprint R55 on root level
05-17 01:01:13 com_github_MitjaNemec_PlaceFootprints.place_footprints 156:Footprint C51 on root level
05-17 01:01:13 com_github_MitjaNemec_PlaceFootprints.place_footprints 156:Footprint C45 on root level
05-17 01:01:16 com_github_MitjaNemec_PlaceFootprints.action_place_footprints 586:Reference designator is: R
05-17 01:01:16 com_github_MitjaNemec_PlaceFootprints.action_place_footprints 587:Reference number is: 29
05-17 01:01:16 com_github_MitjaNemec_PlaceFootprints.action_place_footprints 619:Sorted and filtered list:
['R1', 'R2', 'R3', 'R4', 'R5', 'R6', 'R7', 'R8', 'R9', 'R10', 'R11', 'R12', 'R13', 'R14', 'R15', 'R16', 'R17', 'R18', 'R19', 'R20', 'R21', 'R22', 'R23', 'R24', 'R25', 'R26', 'R27', 'R28', 'R29', 'R30', 'R31', 'R32', 'R33', 'R34', 'R35', 'R36', 'R37', 'R38', 'R39', 'R40', 'R41', 'R42', 'R43', 'R44', 'R45', 'R46', 'R47', 'R48', 'R49', 'R50', 'R51', 'R52', 'R53', 'R54', 'R55', 'R56', 'R57', 'R58', 'R59', 'R60', 'R61', 'R62', 'R63', 'R64', 'R65', 'R66', 'R67', 'R68', 'R69', 'R70', 'R71', 'R72', 'R73', 'R74', 'R75', 'R76', 'R77', 'R78', 'R79', 'R80', 'R81', 'R82', 'R83', 'R84', 'R85', 'R86', 'R87', 'R88', 'R89', 'R90', 'R91', 'R92', 'R93', 'R94', 'R95', 'R96', 'R97', 'R98', 'R99', 'R100', 'R101', 'R102', 'R103', 'R104', 'R105', 'R106', 'R107', 'R108', 'R109', 'R110', 'R111', 'R112', 'R113', 'R114', 'R115', 'R116', 'R117', 'R118', 'R119', 'R120', 'R121', 'R122', 'R123', 'R124', 'R125', 'R126', 'R127', 'R128', 'R129', 'R130', 'R131', 'R132', 'R133', 'R134', 'R135', 'R136', 'R137', 'R138', 'R139', 'R140', 'R141', 'R142', 'R143', 'R144', 'R145', 'R146', 'R147', 'R148', 'R149', 'R150', 'R151', 'R152', 'R153', 'R154', 'R155', 'R156', 'R157', 'R158']
