05-27 01:15:12 com_github_MitjaNemec_ReplicateLayout.action_replicate_layout 359:Plugin executed on: 'win32'
05-27 01:15:12 com_github_MitjaNemec_ReplicateLayout.action_replicate_layout 360:Plugin executed with python version: '3.9.14 (main, Sep 19 2022, 05:11:57) [MSC v.1932 64 bit (AMD64)]'
05-27 01:15:12 com_github_MitjaNemec_ReplicateLayout.action_replicate_layout 361:KiCad build version: (6.0.8)
05-27 01:15:12 com_github_MitjaNemec_ReplicateLayout.action_replicate_layout 362:Plugin version: 1.3.5
05-27 01:15:12 com_github_MitjaNemec_ReplicateLayout.action_replicate_layout 363:Frame repr: <wx._core.Frame object at 0x0000020A23D8B4C0>
05-27 01:18:48 svg2mod 1301:Font "UbuntuMono-B" does not natively support style "Regular" using "Path" instead
05-27 01:18:48 svg2mod-unfiltered 262:Found SVG layer: F.SilkS
05-27 01:18:48 svg2mod 263:  Detailed names: [F.SilkS]
05-27 01:18:48 svg2mod 304:  Inlining 2 segments...
05-27 01:18:48 svg2mod 339:  Writing Text with 61 points
05-27 01:18:48 svg2mod 339:  Writing Text with 15 points
05-27 01:18:48 svg2mod 339:  Writing Text with 10 points
05-27 01:18:48 svg2mod 1301:Font "UbuntuMono-B" does not natively support style "Regular" using "Path" instead
05-27 01:18:48 svg2mod-unfiltered 262:Found SVG layer: F.SilkS
05-27 01:18:48 svg2mod 263:  Detailed names: [F.SilkS]
05-27 01:18:48 svg2mod 304:  Inlining 3 segments...
05-27 01:18:48 svg2mod 339:  Writing Text with 101 points
05-27 01:18:48 svg2mod 339:  Writing Text with 15 points
05-27 01:18:48 svg2mod 339:  Writing Text with 10 points
05-27 01:18:49 svg2mod-unfiltered 262:Found SVG layer: F.SilkS
05-27 01:18:49 svg2mod 263:  Detailed names: [F.SilkS]
05-27 01:18:49 svg2mod 304:  Inlining 3 segments...
05-27 01:18:49 svg2mod 339:  Writing Text with 101 points
05-27 01:18:49 svg2mod 339:  Writing Text with 15 points
05-27 01:18:49 svg2mod 339:  Writing Text with 10 points
05-27 01:19:18 svg2mod 1301:Font "UbuntuMono-B" does not natively support style "Regular" using "Path" instead
05-27 01:19:18 svg2mod-unfiltered 262:Found SVG layer: F.SilkS
05-27 01:19:18 svg2mod 263:  Detailed names: [F.SilkS]
05-27 01:19:18 svg2mod 304:  Inlining 3 segments...
05-27 01:19:18 svg2mod 339:  Writing Text with 101 points
05-27 01:19:18 svg2mod 339:  Writing Text with 15 points
05-27 01:19:18 svg2mod 339:  Writing Text with 10 points
05-27 01:19:19 svg2mod 1301:Font "UbuntuMono-B" does not natively support style "Regular" using "Path" instead
05-27 01:19:19 svg2mod-unfiltered 262:Found SVG layer: F.SilkS
05-27 01:19:19 svg2mod 263:  Detailed names: [F.SilkS]
05-27 01:19:19 svg2mod 304:  Inlining 1 segments...
05-27 01:19:19 svg2mod 339:  Writing Text with 34 points
05-27 01:19:19 svg2mod 339:  Writing Text with 15 points
05-27 01:19:19 svg2mod 1301:Font "UbuntuMono-B" does not natively support style "Regular" using "Path" instead
05-27 01:19:19 svg2mod-unfiltered 262:Found SVG layer: F.SilkS
05-27 01:19:19 svg2mod 263:  Detailed names: [F.SilkS]
05-27 01:19:19 svg2mod 304:  Inlining 3 segments...
05-27 01:19:19 svg2mod 339:  Writing Text with 106 points
05-27 01:19:19 svg2mod 339:  Writing Text with 15 points
05-27 01:19:19 svg2mod 339:  Writing Text with 11 points
05-27 01:19:19 svg2mod 339:  Writing Text with 11 points
05-27 01:19:20 svg2mod-unfiltered 262:Found SVG layer: F.SilkS
05-27 01:19:20 svg2mod 263:  Detailed names: [F.SilkS]
05-27 01:19:20 svg2mod 304:  Inlining 3 segments...
05-27 01:19:20 svg2mod 339:  Writing Text with 106 points
05-27 01:19:20 svg2mod 339:  Writing Text with 15 points
05-27 01:19:20 svg2mod 339:  Writing Text with 11 points
05-27 01:19:20 svg2mod 339:  Writing Text with 11 points
05-27 02:33:12 svg2mod 1301:Font "UbuntuMono-B" does not natively support style "Regular" using "Path" instead
05-27 02:33:12 svg2mod-unfiltered 262:Found SVG layer: F.SilkS
05-27 02:33:12 svg2mod 263:  Detailed names: [F.SilkS]
05-27 02:33:12 svg2mod 304:  Inlining 2 segments...
05-27 02:33:12 svg2mod 339:  Writing Text with 56 points
05-27 02:33:13 svg2mod 1301:Font "UbuntuMono-B" does not natively support style "Regular" using "Path" instead
05-27 02:33:13 svg2mod-unfiltered 262:Found SVG layer: F.SilkS
05-27 02:33:13 svg2mod 263:  Detailed names: [F.SilkS]
05-27 02:33:13 svg2mod 304:  Inlining 3 segments...
05-27 02:33:13 svg2mod 339:  Writing Text with 79 points
05-27 02:33:13 svg2mod 339:  Writing Text with 13 points
05-27 02:33:13 svg2mod 1301:Font "UbuntuMono-B" does not natively support style "Regular" using "Path" instead
05-27 02:33:13 svg2mod-unfiltered 262:Found SVG layer: F.SilkS
05-27 02:33:13 svg2mod 263:  Detailed names: [F.SilkS]
05-27 02:33:13 svg2mod 304:  Inlining 4 segments...
05-27 02:33:13 svg2mod 339:  Writing Text with 96 points
05-27 02:33:13 svg2mod 339:  Writing Text with 13 points
05-27 02:33:14 svg2mod-unfiltered 262:Found SVG layer: F.SilkS
05-27 02:33:14 svg2mod 263:  Detailed names: [F.SilkS]
05-27 02:33:14 svg2mod 304:  Inlining 4 segments...
05-27 02:33:14 svg2mod 339:  Writing Text with 96 points
05-27 02:33:14 svg2mod 339:  Writing Text with 13 points
